[INFO] Scanning for projects...
[INFO] 
[INFO] ----------------------< com.carwash:carwashrates >----------------------
[INFO] Building carwashrates 1.0.0-SNAPSHOT
[INFO]   from pom.xml
[INFO] --------------------------------[ jar ]---------------------------------
[INFO] 
[INFO] >>> spring-boot:3.2.1:run (default-cli) > test-compile @ carwashrates >>>
[INFO] 
[INFO] --- resources:3.3.1:resources (default-resources) @ carwashrates ---
[WARNING] Using platform encoding (UTF-8 actually) to copy filtered resources, i.e. build is platform dependent!
[INFO] Copying 3 resources from src\main\resources to target\classes
[INFO] 
[INFO] --- compiler:3.8.1:compile (default-compile) @ carwashrates ---
[INFO] Changes detected - recompiling the module!
[WARNING] File encoding has not been set, using platform encoding UTF-8, i.e. build is platform dependent!
[INFO] Compiling 18 source files to D:\aspcare\carwashrates\target\classes
[INFO] 
[INFO] --- resources:3.3.1:testResources (default-testResources) @ carwashrates ---
[WARNING] Using platform encoding (UTF-8 actually) to copy filtered resources, i.e. build is platform dependent!
[INFO] skip non existing resourceDirectory D:\aspcare\carwashrates\src\test\resources
[INFO] 
[INFO] --- compiler:3.8.1:testCompile (default-testCompile) @ carwashrates ---
[INFO] Changes detected - recompiling the module!
[WARNING] File encoding has not been set, using platform encoding UTF-8, i.e. build is platform dependent!
[INFO] Compiling 1 source file to D:\aspcare\carwashrates\target\test-classes
[INFO] 
[INFO] <<< spring-boot:3.2.1:run (default-cli) < test-compile @ carwashrates <<<
[INFO] 
[INFO] 
[INFO] --- spring-boot:3.2.1:run (default-cli) @ carwashrates ---
[INFO] Attaching agents: []
09:54:53,573 |-INFO in ch.qos.logback.core.model.processor.AppenderModelHandler - Processing appender named [FILE]
09:54:53,573 |-INFO in ch.qos.logback.core.model.processor.AppenderModelHandler - About to instantiate appender of type [ch.qos.logback.core.rolling.RollingFileAppender]
09:54:53,639 |-INFO in c.q.l.core.rolling.TimeBasedRollingPolicy@1635082651 - No compression will be used
09:54:53,643 |-INFO in c.q.l.core.rolling.TimeBasedRollingPolicy@1635082651 - Will use the pattern C:/Users/chand/grafana-loki/logs/carwashrates.%d{yyyy-MM-dd}.log for the active file
09:54:53,696 |-INFO in c.q.l.core.rolling.DefaultTimeBasedFileNamingAndTriggeringPolicy - The date pattern is 'yyyy-MM-dd' from file name pattern 'C:/Users/chand/grafana-loki/logs/carwashrates.%d{yyyy-MM-dd}.log'.
09:54:53,696 |-INFO in c.q.l.core.rolling.DefaultTimeBasedFileNamingAndTriggeringPolicy - Roll-over at midnight.
09:54:53,716 |-INFO in c.q.l.core.rolling.DefaultTimeBasedFileNamingAndTriggeringPolicy - Setting initial period to 2026-03-01T04:21:09.189Z
09:54:53,745 |-INFO in ch.qos.logback.core.model.processor.ImplicitModelHandler - Assuming default type [net.logstash.logback.composite.loggingevent.LoggingEventJsonProviders] for [providers] property
09:54:53,766 |-INFO in ch.qos.logback.core.model.processor.ImplicitModelHandler - Assuming default type [net.logstash.logback.composite.loggingevent.LoggingEventFormattedTimestampJsonProvider] for [timestamp] property
09:54:53,771 |-INFO in ch.qos.logback.core.model.processor.ImplicitModelHandler - Assuming default type [net.logstash.logback.composite.loggingevent.LogLevelJsonProvider] for [logLevel] property
09:54:53,774 |-INFO in ch.qos.logback.core.model.processor.ImplicitModelHandler - Assuming default type [net.logstash.logback.composite.loggingevent.LoggerNameJsonProvider] for [loggerName] property
09:54:53,776 |-INFO in ch.qos.logback.core.model.processor.ImplicitModelHandler - Assuming default type [net.logstash.logback.composite.loggingevent.LoggingEventThreadNameJsonProvider] for [threadName] property
09:54:53,777 |-INFO in ch.qos.logback.core.model.processor.ImplicitModelHandler - Assuming default type [net.logstash.logback.composite.loggingevent.MessageJsonProvider] for [message] property
09:54:53,781 |-INFO in ch.qos.logback.core.model.processor.ImplicitModelHandler - Assuming default type [net.logstash.logback.composite.loggingevent.MdcJsonProvider] for [mdc] property
09:54:53,783 |-INFO in ch.qos.logback.core.model.processor.ImplicitModelHandler - Assuming default type [net.logstash.logback.composite.loggingevent.StackTraceJsonProvider] for [stackTrace] property
09:54:53,790 |-INFO in ch.qos.logback.core.model.processor.ImplicitModelHandler - Assuming default type [net.logstash.logback.composite.GlobalCustomFieldsJsonProvider] for [globalCustomFields] property
09:54:53,791 |-WARN in ch.qos.logback.core.joran.util.beans.BeanDescriptionFactory@2f058b8a - Class 'net.logstash.logback.composite.GlobalCustomFieldsJsonProvider' contains multiple setters for the same property 'customFieldsNode'.
09:54:54,282 |-INFO in ch.qos.logback.core.rolling.RollingFileAppender[FILE] - Active log file name: C:/Users/chand/grafana-loki/logs/carwashrates.log
09:54:54,282 |-INFO in ch.qos.logback.core.rolling.RollingFileAppender[FILE] - File property is set to [C:/Users/chand/grafana-loki/logs/carwashrates.log]
09:54:54,285 |-INFO in ch.qos.logback.classic.model.processor.RootLoggerModelHandler - Setting level of ROOT logger to INFO
09:54:54,286 |-INFO in ch.qos.logback.classic.jul.LevelChangePropagator@756cf158 - Propagating INFO level on Logger[ROOT] onto the JUL framework
09:54:54,288 |-INFO in ch.qos.logback.core.model.processor.AppenderRefModelHandler - Attaching appender named [FILE] to Logger[ROOT]
09:54:54,288 |-INFO in ch.qos.logback.core.model.processor.DefaultProcessor@3f2ef586 - End of configuration.
09:54:54,288 |-INFO in org.springframework.boot.logging.logback.SpringBootJoranConfigurator@751d3241 - Registering current configuration as safe fallback point


  .   ____          _            __ _ _
 /\\ / ___'_ __ _ _(_)_ __  __ _ \ \ \ \
( ( )\___ | '_ | '_| | '_ \/ _` | \ \ \ \
 \\/  ___)| |_)| | | | | || (_| |  ) ) ) )
  '  |____| .__|_| |_|_| |_\__, | / / / /
 =========|_|==============|___/=/_/_/_/
 :: Spring Boot ::                (v3.2.1)

Hibernate: 
    select
        r1_0.id,
        r1_0.active,
        r1_0.amount,
        r1_0.created_at,
        r1_0.currency,
        r1_0.updated_at,
        r1_0.vehicle_type,
        r1_0.wash_level 
    from
        carwash_rates r1_0 
    where
        r1_0.vehicle_type=? 
        and r1_0.wash_level=? 
        and r1_0.active 
    fetch
        first ? rows only
[INFO] ------------------------------------------------------------------------
[INFO] BUILD FAILURE
[INFO] ------------------------------------------------------------------------
[INFO] Total time:  24:52 min
[INFO] Finished at: 2026-03-01T10:19:07+05:30
[INFO] ------------------------------------------------------------------------
[ERROR] Failed to execute goal org.springframework.boot:spring-boot-maven-plugin:3.2.1:run (default-cli) on project carwashrates: Process terminated with exit code: -1 -> [Help 1]
[ERROR] 
[ERROR] To see the full stack trace of the errors, re-run Maven with the -e switch.
[ERROR] Re-run Maven using the -X switch to enable full debug logging.
[ERROR] 
[ERROR] For more information about the errors and possible solutions, please read the following articles:
[ERROR] [Help 1] http://cwiki.apache.org/confluence/display/MAVEN/MojoExecutionException
