[INFO] Scanning for projects...
[INFO] 
[INFO] ----------------------< com.carwash:otploginauth >----------------------
[INFO] Building otploginauth 1.0.0-SNAPSHOT
[INFO]   from pom.xml
[INFO] --------------------------------[ jar ]---------------------------------
[INFO] 
[INFO] >>> spring-boot:3.2.1:run (default-cli) > test-compile @ otploginauth >>>
[INFO] 
[INFO] --- resources:3.3.1:resources (default-resources) @ otploginauth ---
[WARNING] Using platform encoding (UTF-8 actually) to copy filtered resources, i.e. build is platform dependent!
[INFO] Copying 1 resource from src\main\resources to target\classes
[INFO] 
[INFO] --- compiler:3.13.0:compile (default-compile) @ otploginauth ---
[INFO] Nothing to compile - all classes are up to date.
[INFO] 
[INFO] --- resources:3.3.1:testResources (default-testResources) @ otploginauth ---
[WARNING] Using platform encoding (UTF-8 actually) to copy filtered resources, i.e. build is platform dependent!
[INFO] skip non existing resourceDirectory D:\aspcare\otploginauth\src\test\resources
[INFO] 
[INFO] --- compiler:3.13.0:testCompile (default-testCompile) @ otploginauth ---
[INFO] Nothing to compile - all classes are up to date.
[INFO] 
[INFO] <<< spring-boot:3.2.1:run (default-cli) < test-compile @ otploginauth <<<
[INFO] 
[INFO] 
[INFO] --- spring-boot:3.2.1:run (default-cli) @ otploginauth ---
[INFO] Attaching agents: []

  .   ____          _            __ _ _
 /\\ / ___'_ __ _ _(_)_ __  __ _ \ \ \ \
( ( )\___ | '_ | '_| | '_ \/ _` | \ \ \ \
 \\/  ___)| |_)| | | | | || (_| |  ) ) ) )
  '  |____| .__|_| |_|_| |_\__, | / / / /
 =========|_|==============|___/=/_/_/_/
 :: Spring Boot ::                (v3.2.1)

2026-03-01T10:04:23.684+05:30  INFO 32500 --- [auth-user-service] [           main] c.carwash.otplogin.AuthuserApplication   : Starting AuthuserApplication using Java 18.0.1 with PID 32500 (D:\aspcare\otploginauth\target\classes started by chand in D:\aspcare\otploginauth)
2026-03-01T10:04:23.688+05:30  INFO 32500 --- [auth-user-service] [           main] c.carwash.otplogin.AuthuserApplication   : No active profile set, falling back to 1 default profile: "default"
2026-03-01T10:04:25.224+05:30  INFO 32500 --- [auth-user-service] [           main] .s.d.r.c.RepositoryConfigurationDelegate : Bootstrapping Spring Data JPA repositories in DEFAULT mode.
2026-03-01T10:04:25.321+05:30  INFO 32500 --- [auth-user-service] [           main] .s.d.r.c.RepositoryConfigurationDelegate : Finished Spring Data repository scanning in 79 ms. Found 2 JPA repository interfaces.
2026-03-01T10:04:26.461+05:30  INFO 32500 --- [auth-user-service] [           main] o.s.b.w.embedded.tomcat.TomcatWebServer  : Tomcat initialized with port 8081 (http)
2026-03-01T10:04:26.492+05:30  INFO 32500 --- [auth-user-service] [           main] o.apache.catalina.core.StandardService   : Starting service [Tomcat]
2026-03-01T10:04:26.492+05:30  INFO 32500 --- [auth-user-service] [           main] o.apache.catalina.core.StandardEngine    : Starting Servlet engine: [Apache Tomcat/10.1.17]
2026-03-01T10:04:26.610+05:30  INFO 32500 --- [auth-user-service] [           main] o.a.c.c.C.[Tomcat].[localhost].[/]       : Initializing Spring embedded WebApplicationContext
2026-03-01T10:04:26.611+05:30  INFO 32500 --- [auth-user-service] [           main] w.s.c.ServletWebServerApplicationContext : Root WebApplicationContext: initialization completed in 2808 ms
2026-03-01T10:04:26.937+05:30  INFO 32500 --- [auth-user-service] [           main] o.hibernate.jpa.internal.util.LogHelper  : HHH000204: Processing PersistenceUnitInfo [name: default]
2026-03-01T10:04:27.039+05:30  INFO 32500 --- [auth-user-service] [           main] org.hibernate.Version                    : HHH000412: Hibernate ORM core version 6.4.1.Final
2026-03-01T10:04:27.093+05:30  INFO 32500 --- [auth-user-service] [           main] o.h.c.internal.RegionFactoryInitiator    : HHH000026: Second-level cache disabled
2026-03-01T10:04:27.492+05:30  INFO 32500 --- [auth-user-service] [           main] o.s.o.j.p.SpringPersistenceUnitInfo      : No LoadTimeWeaver setup: ignoring JPA class transformer
2026-03-01T10:04:27.538+05:30  INFO 32500 --- [auth-user-service] [           main] com.zaxxer.hikari.HikariDataSource       : HikariPool-1 - Starting...
2026-03-01T10:04:27.868+05:30  INFO 32500 --- [auth-user-service] [           main] com.zaxxer.hikari.pool.HikariPool        : HikariPool-1 - Added connection org.postgresql.jdbc.PgConnection@33751d49
2026-03-01T10:04:27.870+05:30  INFO 32500 --- [auth-user-service] [           main] com.zaxxer.hikari.HikariDataSource       : HikariPool-1 - Start completed.
2026-03-01T10:04:27.948+05:30  WARN 32500 --- [auth-user-service] [           main] org.hibernate.orm.deprecation            : HHH90000025: PostgreSQLDialect does not need to be specified explicitly using 'hibernate.dialect' (remove the property setting and it will be selected by default)
2026-03-01T10:04:29.187+05:30  INFO 32500 --- [auth-user-service] [           main] o.h.e.t.j.p.i.JtaPlatformInitiator       : HHH000489: No JTA platform available (set 'hibernate.transaction.jta.platform' to enable JTA platform integration)
2026-03-01T10:04:29.191+05:30  INFO 32500 --- [auth-user-service] [           main] j.LocalContainerEntityManagerFactoryBean : Initialized JPA EntityManagerFactory for persistence unit 'default'
2026-03-01T10:04:29.787+05:30  WARN 32500 --- [auth-user-service] [           main] JpaBaseConfiguration$JpaWebConfiguration : spring.jpa.open-in-view is enabled by default. Therefore, database queries may be performed during view rendering. Explicitly configure spring.jpa.open-in-view to disable this warning
2026-03-01T10:04:30.187+05:30  WARN 32500 --- [auth-user-service] [           main] .s.s.UserDetailsServiceAutoConfiguration : 

Using generated security password: d4a1d50f-7646-41fe-b70b-420f31759a5e

This generated password is for development use only. Your security configuration must be updated before running your application in production.

2026-03-01T10:04:30.335+05:30  INFO 32500 --- [auth-user-service] [           main] o.s.s.web.DefaultSecurityFilterChain     : Will secure any request with [org.springframework.security.web.session.DisableEncodeUrlFilter@60256d1b, org.springframework.security.web.context.request.async.WebAsyncManagerIntegrationFilter@24b4f4a, org.springframework.security.web.context.SecurityContextHolderFilter@46c19350, org.springframework.security.web.header.HeaderWriterFilter@4c5c0306, org.springframework.web.filter.CorsFilter@5d8a1456, org.springframework.security.web.authentication.logout.LogoutFilter@5b3c11ce, com.carwashcommon.security.JwtAuthenticationFilter@1f1cddf3, org.springframework.security.web.savedrequest.RequestCacheAwareFilter@32d46229, org.springframework.security.web.servletapi.SecurityContextHolderAwareRequestFilter@35198da3, org.springframework.security.web.authentication.AnonymousAuthenticationFilter@351fadfa, org.springframework.security.web.session.SessionManagementFilter@760d6350, org.springframework.security.web.access.ExceptionTranslationFilter@3c29f6be, org.springframework.security.web.access.intercept.AuthorizationFilter@3a5b1af7]
2026-03-01T10:04:30.502+05:30  INFO 32500 --- [auth-user-service] [           main] o.s.b.w.embedded.tomcat.TomcatWebServer  : Tomcat started on port 8081 (http) with context path ''
2026-03-01T10:04:30.514+05:30  INFO 32500 --- [auth-user-service] [           main] c.carwash.otplogin.AuthuserApplication   : Started AuthuserApplication in 7.673 seconds (process running for 8.472)
2026-03-01T10:04:57.878+05:30  INFO 32500 --- [auth-user-service] [0.0-8081-exec-1] o.a.c.c.C.[Tomcat].[localhost].[/]       : Initializing Spring DispatcherServlet 'dispatcherServlet'
2026-03-01T10:04:57.878+05:30  INFO 32500 --- [auth-user-service] [0.0-8081-exec-1] o.s.web.servlet.DispatcherServlet        : Initializing Servlet 'dispatcherServlet'
2026-03-01T10:04:57.880+05:30  INFO 32500 --- [auth-user-service] [0.0-8081-exec-1] o.s.web.servlet.DispatcherServlet        : Completed initialization in 2 ms
Hibernate: 
    select
        u1_0.id 
    from
        carwash_user u1_0 
    where
        u1_0.phone=? 
    fetch
        first ? rows only
DEBUG OTP for 9010340125 = 353617
Hibernate: 
    select
        u1_0.id 
    from
        carwash_user u1_0 
    where
        u1_0.phone=? 
    fetch
        first ? rows only
DEBUG OTP for 9010340125 = 737048
Hibernate: 
    select
        u1_0.id 
    from
        carwash_user u1_0 
    where
        u1_0.phone=? 
    fetch
        first ? rows only
DEBUG OTP for 9010340125 = 127190
Hibernate: 
    select
        u1_0.id 
    from
        carwash_user u1_0 
    where
        u1_0.phone=? 
    fetch
        first ? rows only
DEBUG OTP for 9010340125 = 225041
Hibernate: 
    select
        u1_0.id 
    from
        carwash_user u1_0 
    where
        u1_0.phone=? 
    fetch
        first ? rows only
DEBUG OTP for 9010340125 = 546701
2026-03-01T10:08:35.966+05:30  INFO 32500 --- [auth-user-service] [.0-8081-exec-10] o.apache.tomcat.util.http.parser.Cookie  : A cookie header was received [g_state={"i_l":0,"i_ll":1772336962215,"i_e":{"enable_itp_optimization":0},"i_b":"pbLM9AB9nO44Pps6Qk+p7SkhVxKUtTxTKH7X4LIgMuc"}] that contained an invalid cookie. That cookie will be ignored.
 Note: further occurrences of this error will be logged at DEBUG level.
Hibernate: 
    select
        u1_0.id,
        u1_0.age,
        u1_0.created_at,
        u1_0.email,
        u1_0.first_name,
        u1_0.last_name,
        u1_0.password,
        u1_0.phone 
    from
        carwash_user u1_0 
    where
        u1_0.phone=?
Hibernate: 
    select
        u1_0.id,
        u1_0.age,
        u1_0.created_at,
        u1_0.email,
        u1_0.first_name,
        u1_0.last_name,
        u1_0.password,
        u1_0.phone 
    from
        carwash_user u1_0 
    where
        u1_0.phone=?
[INFO] ------------------------------------------------------------------------
[INFO] BUILD FAILURE
[INFO] ------------------------------------------------------------------------
[INFO] Total time:  14:33 min
[INFO] Finished at: 2026-03-01T10:18:51+05:30
[INFO] ------------------------------------------------------------------------
[ERROR] Failed to execute goal org.springframework.boot:spring-boot-maven-plugin:3.2.1:run (default-cli) on project otploginauth: Process terminated with exit code: -1 -> [Help 1]
[ERROR] 
[ERROR] To see the full stack trace of the errors, re-run Maven with the -e switch.
[ERROR] Re-run Maven using the -X switch to enable full debug logging.
[ERROR] 
[ERROR] For more information about the errors and possible solutions, please read the following articles:
[ERROR] [Help 1] http://cwiki.apache.org/confluence/display/MAVEN/MojoExecutionException
