[INFO] Scanning for projects...
[INFO] 
[INFO] ----------------------< com.carwash:otploginauth >----------------------
[INFO] Building otploginauth 1.0.0-SNAPSHOT
[INFO]   from pom.xml
[INFO] --------------------------------[ jar ]---------------------------------
[INFO] 
[INFO] >>> spring-boot:3.2.1:run (default-cli) > test-compile @ otploginauth >>>
[INFO] 
[INFO] --- resources:3.3.1:resources (default-resources) @ otploginauth ---
[WARNING] Using platform encoding (UTF-8 actually) to copy filtered resources, i.e. build is platform dependent!
[INFO] Copying 1 resource from src\main\resources to target\classes
[INFO] 
[INFO] --- compiler:3.13.0:compile (default-compile) @ otploginauth ---
[INFO] Nothing to compile - all classes are up to date.
[INFO] 
[INFO] --- resources:3.3.1:testResources (default-testResources) @ otploginauth ---
[WARNING] Using platform encoding (UTF-8 actually) to copy filtered resources, i.e. build is platform dependent!
[INFO] skip non existing resourceDirectory D:\aspcare\otploginauth\src\test\resources
[INFO] 
[INFO] --- compiler:3.13.0:testCompile (default-testCompile) @ otploginauth ---
[INFO] Nothing to compile - all classes are up to date.
[INFO] 
[INFO] <<< spring-boot:3.2.1:run (default-cli) < test-compile @ otploginauth <<<
[INFO] 
[INFO] 
[INFO] --- spring-boot:3.2.1:run (default-cli) @ otploginauth ---
[INFO] Attaching agents: []

  .   ____          _            __ _ _
 /\\ / ___'_ __ _ _(_)_ __  __ _ \ \ \ \
( ( )\___ | '_ | '_| | '_ \/ _` | \ \ \ \
 \\/  ___)| |_)| | | | | || (_| |  ) ) ) )
  '  |____| .__|_| |_|_| |_\__, | / / / /
 =========|_|==============|___/=/_/_/_/
 :: Spring Boot ::                (v3.2.1)

2026-03-01T09:54:31.377+05:30  INFO 4172 --- [auth-user-service] [           main] c.carwash.otplogin.AuthuserApplication   : Starting AuthuserApplication using Java 18.0.1 with PID 4172 (D:\aspcare\otploginauth\target\classes started by chand in D:\aspcare\otploginauth)
2026-03-01T09:54:31.395+05:30  INFO 4172 --- [auth-user-service] [           main] c.carwash.otplogin.AuthuserApplication   : No active profile set, falling back to 1 default profile: "default"
2026-03-01T09:54:37.612+05:30  INFO 4172 --- [auth-user-service] [           main] .s.d.r.c.RepositoryConfigurationDelegate : Bootstrapping Spring Data JPA repositories in DEFAULT mode.
2026-03-01T09:54:37.941+05:30  INFO 4172 --- [auth-user-service] [           main] .s.d.r.c.RepositoryConfigurationDelegate : Finished Spring Data repository scanning in 297 ms. Found 2 JPA repository interfaces.
2026-03-01T09:54:43.042+05:30  INFO 4172 --- [auth-user-service] [           main] o.s.b.w.embedded.tomcat.TomcatWebServer  : Tomcat initialized with port 8081 (http)
2026-03-01T09:54:43.095+05:30  INFO 4172 --- [auth-user-service] [           main] o.apache.catalina.core.StandardService   : Starting service [Tomcat]
2026-03-01T09:54:43.096+05:30  INFO 4172 --- [auth-user-service] [           main] o.apache.catalina.core.StandardEngine    : Starting Servlet engine: [Apache Tomcat/10.1.17]
2026-03-01T09:54:43.432+05:30  INFO 4172 --- [auth-user-service] [           main] o.a.c.c.C.[Tomcat].[localhost].[/]       : Initializing Spring embedded WebApplicationContext
2026-03-01T09:54:43.441+05:30  INFO 4172 --- [auth-user-service] [           main] w.s.c.ServletWebServerApplicationContext : Root WebApplicationContext: initialization completed in 11817 ms
2026-03-01T09:54:44.531+05:30  INFO 4172 --- [auth-user-service] [           main] o.hibernate.jpa.internal.util.LogHelper  : HHH000204: Processing PersistenceUnitInfo [name: default]
2026-03-01T09:54:45.082+05:30  INFO 4172 --- [auth-user-service] [           main] org.hibernate.Version                    : HHH000412: Hibernate ORM core version 6.4.1.Final
2026-03-01T09:54:45.293+05:30  INFO 4172 --- [auth-user-service] [           main] o.h.c.internal.RegionFactoryInitiator    : HHH000026: Second-level cache disabled
2026-03-01T09:54:46.513+05:30  INFO 4172 --- [auth-user-service] [           main] o.s.o.j.p.SpringPersistenceUnitInfo      : No LoadTimeWeaver setup: ignoring JPA class transformer
2026-03-01T09:54:46.779+05:30  INFO 4172 --- [auth-user-service] [           main] com.zaxxer.hikari.HikariDataSource       : HikariPool-1 - Starting...
2026-03-01T09:54:47.591+05:30  INFO 4172 --- [auth-user-service] [           main] com.zaxxer.hikari.pool.HikariPool        : HikariPool-1 - Added connection org.postgresql.jdbc.PgConnection@2b9e69fb
2026-03-01T09:54:47.598+05:30  INFO 4172 --- [auth-user-service] [           main] com.zaxxer.hikari.HikariDataSource       : HikariPool-1 - Start completed.
2026-03-01T09:54:47.707+05:30  WARN 4172 --- [auth-user-service] [           main] org.hibernate.orm.deprecation            : HHH90000025: PostgreSQLDialect does not need to be specified explicitly using 'hibernate.dialect' (remove the property setting and it will be selected by default)
2026-03-01T09:54:52.060+05:30  INFO 4172 --- [auth-user-service] [           main] o.h.e.t.j.p.i.JtaPlatformInitiator       : HHH000489: No JTA platform available (set 'hibernate.transaction.jta.platform' to enable JTA platform integration)
2026-03-01T09:54:52.079+05:30  INFO 4172 --- [auth-user-service] [           main] j.LocalContainerEntityManagerFactoryBean : Initialized JPA EntityManagerFactory for persistence unit 'default'
2026-03-01T09:54:53.406+05:30  WARN 4172 --- [auth-user-service] [           main] JpaBaseConfiguration$JpaWebConfiguration : spring.jpa.open-in-view is enabled by default. Therefore, database queries may be performed during view rendering. Explicitly configure spring.jpa.open-in-view to disable this warning
2026-03-01T09:54:54.378+05:30  WARN 4172 --- [auth-user-service] [           main] .s.s.UserDetailsServiceAutoConfiguration : 

Using generated security password: b37a05f9-b7a7-4a0b-98cb-b374357588d2

This generated password is for development use only. Your security configuration must be updated before running your application in production.

2026-03-01T09:54:54.730+05:30  INFO 4172 --- [auth-user-service] [           main] o.s.s.web.DefaultSecurityFilterChain     : Will secure any request with [org.springframework.security.web.session.DisableEncodeUrlFilter@5b4b6f3b, org.springframework.security.web.context.request.async.WebAsyncManagerIntegrationFilter@32d46229, org.springframework.security.web.context.SecurityContextHolderFilter@5bc1903, org.springframework.security.web.header.HeaderWriterFilter@727e61ed, org.springframework.web.filter.CorsFilter@35198da3, org.springframework.security.web.authentication.logout.LogoutFilter@4518497e, com.carwashcommon.security.JwtAuthenticationFilter@5c7dfc05, org.springframework.security.web.savedrequest.RequestCacheAwareFilter@1ecd09d5, org.springframework.security.web.servletapi.SecurityContextHolderAwareRequestFilter@36f438f1, org.springframework.security.web.authentication.AnonymousAuthenticationFilter@7f08c343, org.springframework.security.web.session.SessionManagementFilter@71c91121, org.springframework.security.web.access.ExceptionTranslationFilter@3146f3d7, org.springframework.security.web.access.intercept.AuthorizationFilter@5cb6b81b]
2026-03-01T09:54:55.156+05:30  INFO 4172 --- [auth-user-service] [           main] o.s.b.w.embedded.tomcat.TomcatWebServer  : Tomcat started on port 8081 (http) with context path ''
2026-03-01T09:54:55.186+05:30  INFO 4172 --- [auth-user-service] [           main] c.carwash.otplogin.AuthuserApplication   : Started AuthuserApplication in 26.48 seconds (process running for 29.073)
2026-03-01T09:56:41.756+05:30  INFO 4172 --- [auth-user-service] [0.0-8081-exec-1] o.a.c.c.C.[Tomcat].[localhost].[/]       : Initializing Spring DispatcherServlet 'dispatcherServlet'
2026-03-01T09:56:41.757+05:30  INFO 4172 --- [auth-user-service] [0.0-8081-exec-1] o.s.web.servlet.DispatcherServlet        : Initializing Servlet 'dispatcherServlet'
2026-03-01T09:56:41.775+05:30  INFO 4172 --- [auth-user-service] [0.0-8081-exec-1] o.s.web.servlet.DispatcherServlet        : Completed initialization in 16 ms
Hibernate: 
    select
        u1_0.id 
    from
        carwash_user u1_0 
    where
        u1_0.phone=? 
    fetch
        first ? rows only
DEBUG OTP for 9010340125 = 799741
[INFO] ------------------------------------------------------------------------
[INFO] BUILD FAILURE
[INFO] ------------------------------------------------------------------------
[INFO] Total time:  10:07 min
[INFO] Finished at: 2026-03-01T10:04:13+05:30
[INFO] ------------------------------------------------------------------------
[ERROR] Failed to execute goal org.springframework.boot:spring-boot-maven-plugin:3.2.1:run (default-cli) on project otploginauth: Process terminated with exit code: -1 -> [Help 1]
[ERROR] 
[ERROR] To see the full stack trace of the errors, re-run Maven with the -e switch.
[ERROR] Re-run Maven using the -X switch to enable full debug logging.
[ERROR] 
[ERROR] For more information about the errors and possible solutions, please read the following articles:
[ERROR] [Help 1] http://cwiki.apache.org/confluence/display/MAVEN/MojoExecutionException
