2025-12-28 06:41:06 INFO  [] com.carwash.paymentservice.PaymentServiceApplication - Starting PaymentServiceApplication using Java 17.0.7 with PID 17168 (D:\Codes\paymentservice\target\classes started by chand in D:\Codes\paymentservice)
2025-12-28 06:41:06 INFO  [] com.carwash.paymentservice.PaymentServiceApplication - No active profile set, falling back to 1 default profile: "default"
2025-12-28 06:41:07 INFO  [] org.springframework.data.repository.config.RepositoryConfigurationDelegate - Bootstrapping Spring Data JPA repositories in DEFAULT mode.
2025-12-28 06:41:07 INFO  [] org.springframework.data.repository.config.RepositoryConfigurationDelegate - Finished Spring Data repository scanning in 61 ms. Found 2 JPA repository interfaces.
2025-12-28 06:41:07 INFO  [] org.springframework.boot.web.embedded.tomcat.TomcatWebServer - Tomcat initialized with port 8083 (http)
2025-12-28 06:41:07 INFO  [] org.apache.coyote.http11.Http11NioProtocol - Initializing ProtocolHandler ["http-nio-8083"]
2025-12-28 06:41:07 INFO  [] org.apache.catalina.core.StandardService - Starting service [Tomcat]
2025-12-28 06:41:07 INFO  [] org.apache.catalina.core.StandardEngine - Starting Servlet engine: [Apache Tomcat/10.1.24]
2025-12-28 06:41:07 INFO  [] org.apache.catalina.core.ContainerBase.[Tomcat].[localhost].[/] - Initializing Spring embedded WebApplicationContext
2025-12-28 06:41:07 INFO  [] org.springframework.boot.web.servlet.context.ServletWebServerApplicationContext - Root WebApplicationContext: initialization completed in 1219 ms
2025-12-28 06:41:08 INFO  [] com.zaxxer.hikari.HikariDataSource - HikariPool-1 - Starting...
2025-12-28 06:41:08 INFO  [] com.zaxxer.hikari.pool.HikariPool - HikariPool-1 - Added connection org.postgresql.jdbc.PgConnection@27ec8754
2025-12-28 06:41:08 INFO  [] com.zaxxer.hikari.HikariDataSource - HikariPool-1 - Start completed.
2025-12-28 06:41:08 INFO  [] org.hibernate.jpa.internal.util.LogHelper - HHH000204: Processing PersistenceUnitInfo [name: default]
2025-12-28 06:41:08 INFO  [] org.hibernate.Version - HHH000412: Hibernate ORM core version 6.5.2.Final
2025-12-28 06:41:08 INFO  [] org.hibernate.cache.internal.RegionFactoryInitiator - HHH000026: Second-level cache disabled
2025-12-28 06:41:08 INFO  [] org.springframework.orm.jpa.persistenceunit.SpringPersistenceUnitInfo - No LoadTimeWeaver setup: ignoring JPA class transformer
2025-12-28 06:41:09 INFO  [] org.hibernate.engine.transaction.jta.platform.internal.JtaPlatformInitiator - HHH000489: No JTA platform available (set 'hibernate.transaction.jta.platform' to enable JTA platform integration)
2025-12-28 06:41:09 INFO  [] org.springframework.orm.jpa.LocalContainerEntityManagerFactoryBean - Initialized JPA EntityManagerFactory for persistence unit 'default'
2025-12-28 06:41:10 WARN  [] org.springframework.boot.autoconfigure.orm.jpa.JpaBaseConfiguration$JpaWebConfiguration - spring.jpa.open-in-view is enabled by default. Therefore, database queries may be performed during view rendering. Explicitly configure spring.jpa.open-in-view to disable this warning
2025-12-28 06:41:10 INFO  [] org.apache.coyote.http11.Http11NioProtocol - Starting ProtocolHandler ["http-nio-8083"]
2025-12-28 06:41:10 INFO  [] org.springframework.boot.web.embedded.tomcat.TomcatWebServer - Tomcat started on port 8083 (http) with context path '/'
2025-12-28 06:41:10 INFO  [] com.carwash.paymentservice.PaymentServiceApplication - Started PaymentServiceApplication in 4.393 seconds (process running for 5.122)
