[INFO] Scanning for projects...
[INFO] 
[INFO] -----------------------< com.carwash:invitation >-----------------------
[INFO] Building invitation 1.0.0-SNAPSHOT
[INFO]   from pom.xml
[INFO] --------------------------------[ jar ]---------------------------------
[INFO] 
[INFO] >>> spring-boot:3.2.1:run (default-cli) > test-compile @ invitation >>>
[INFO] 
[INFO] --- resources:3.3.1:resources (default-resources) @ invitation ---
[WARNING] Using platform encoding (UTF-8 actually) to copy filtered resources, i.e. build is platform dependent!
[INFO] Copying 1 resource from src\main\resources to target\classes
[INFO] 
[INFO] --- compiler:3.8.1:compile (default-compile) @ invitation ---
[INFO] Nothing to compile - all classes are up to date
[INFO] 
[INFO] --- resources:3.3.1:testResources (default-testResources) @ invitation ---
[WARNING] Using platform encoding (UTF-8 actually) to copy filtered resources, i.e. build is platform dependent!
[INFO] skip non existing resourceDirectory D:\aspcare\invitation\src\test\resources
[INFO] 
[INFO] --- compiler:3.8.1:testCompile (default-testCompile) @ invitation ---
[INFO] Nothing to compile - all classes are up to date
[INFO] 
[INFO] <<< spring-boot:3.2.1:run (default-cli) < test-compile @ invitation <<<
[INFO] 
[INFO] 
[INFO] --- spring-boot:3.2.1:run (default-cli) @ invitation ---
[INFO] Attaching agents: []

  .   ____          _            __ _ _
 /\\ / ___'_ __ _ _(_)_ __  __ _ \ \ \ \
( ( )\___ | '_ | '_| | '_ \/ _` | \ \ \ \
 \\/  ___)| |_)| | | | | || (_| |  ) ) ) )
  '  |____| .__|_| |_|_| |_\__, | / / / /
 =========|_|==============|___/=/_/_/_/
 :: Spring Boot ::                (v3.2.1)

2026-03-01T23:03:06.352+05:30  INFO 27616 --- [invitation] [           main] c.c.invitation.InvitationApplication     : Starting InvitationApplication using Java 18.0.1 with PID 27616 (D:\aspcare\invitation\target\classes started by chand in D:\aspcare\invitation)
2026-03-01T23:03:06.355+05:30  INFO 27616 --- [invitation] [           main] c.c.invitation.InvitationApplication     : No active profile set, falling back to 1 default profile: "default"
2026-03-01T23:03:07.620+05:30  INFO 27616 --- [invitation] [           main] .s.d.r.c.RepositoryConfigurationDelegate : Bootstrapping Spring Data JPA repositories in DEFAULT mode.
2026-03-01T23:03:07.741+05:30  INFO 27616 --- [invitation] [           main] .s.d.r.c.RepositoryConfigurationDelegate : Finished Spring Data repository scanning in 101 ms. Found 2 JPA repository interfaces.
2026-03-01T23:03:08.804+05:30  INFO 27616 --- [invitation] [           main] o.s.b.w.embedded.tomcat.TomcatWebServer  : Tomcat initialized with port 8088 (http)
2026-03-01T23:03:08.838+05:30  INFO 27616 --- [invitation] [           main] o.apache.catalina.core.StandardService   : Starting service [Tomcat]
2026-03-01T23:03:08.838+05:30  INFO 27616 --- [invitation] [           main] o.apache.catalina.core.StandardEngine    : Starting Servlet engine: [Apache Tomcat/10.1.17]
2026-03-01T23:03:08.962+05:30  INFO 27616 --- [invitation] [           main] o.a.c.c.C.[Tomcat].[localhost].[/]       : Initializing Spring embedded WebApplicationContext
2026-03-01T23:03:08.964+05:30  INFO 27616 --- [invitation] [           main] w.s.c.ServletWebServerApplicationContext : Root WebApplicationContext: initialization completed in 2530 ms
2026-03-01T23:03:09.269+05:30  INFO 27616 --- [invitation] [           main] o.hibernate.jpa.internal.util.LogHelper  : HHH000204: Processing PersistenceUnitInfo [name: default]
2026-03-01T23:03:09.382+05:30  INFO 27616 --- [invitation] [           main] org.hibernate.Version                    : HHH000412: Hibernate ORM core version 6.4.1.Final
2026-03-01T23:03:09.445+05:30  INFO 27616 --- [invitation] [           main] o.h.c.internal.RegionFactoryInitiator    : HHH000026: Second-level cache disabled
2026-03-01T23:03:09.826+05:30  INFO 27616 --- [invitation] [           main] o.s.o.j.p.SpringPersistenceUnitInfo      : No LoadTimeWeaver setup: ignoring JPA class transformer
2026-03-01T23:03:09.873+05:30  INFO 27616 --- [invitation] [           main] com.zaxxer.hikari.HikariDataSource       : HikariPool-1 - Starting...
2026-03-01T23:03:10.167+05:30  INFO 27616 --- [invitation] [           main] com.zaxxer.hikari.pool.HikariPool        : HikariPool-1 - Added connection org.postgresql.jdbc.PgConnection@3ef3f661
2026-03-01T23:03:10.168+05:30  INFO 27616 --- [invitation] [           main] com.zaxxer.hikari.HikariDataSource       : HikariPool-1 - Start completed.
2026-03-01T23:03:10.234+05:30  WARN 27616 --- [invitation] [           main] org.hibernate.orm.deprecation            : HHH90000025: PostgreSQLDialect does not need to be specified explicitly using 'hibernate.dialect' (remove the property setting and it will be selected by default)
2026-03-01T23:03:11.612+05:30  INFO 27616 --- [invitation] [           main] o.h.e.t.j.p.i.JtaPlatformInitiator       : HHH000489: No JTA platform available (set 'hibernate.transaction.jta.platform' to enable JTA platform integration)
2026-03-01T23:03:11.616+05:30  INFO 27616 --- [invitation] [           main] j.LocalContainerEntityManagerFactoryBean : Initialized JPA EntityManagerFactory for persistence unit 'default'
2026-03-01T23:03:12.256+05:30  WARN 27616 --- [invitation] [           main] JpaBaseConfiguration$JpaWebConfiguration : spring.jpa.open-in-view is enabled by default. Therefore, database queries may be performed during view rendering. Explicitly configure spring.jpa.open-in-view to disable this warning
2026-03-01T23:03:12.892+05:30  WARN 27616 --- [invitation] [           main] .s.s.UserDetailsServiceAutoConfiguration : 

Using generated security password: 31ca3c94-b80a-48a6-b48e-24a0b3cac7a6

This generated password is for development use only. Your security configuration must be updated before running your application in production.

2026-03-01T23:03:13.051+05:30  INFO 27616 --- [invitation] [           main] o.s.s.web.DefaultSecurityFilterChain     : Will secure any request with [org.springframework.security.web.session.DisableEncodeUrlFilter@769f6023, org.springframework.security.web.context.request.async.WebAsyncManagerIntegrationFilter@38a61c81, org.springframework.security.web.context.SecurityContextHolderFilter@7dda5b25, org.springframework.security.web.header.HeaderWriterFilter@7d432bc0, org.springframework.web.filter.CorsFilter@2f03fdc0, org.springframework.security.web.authentication.logout.LogoutFilter@2bfa5678, com.carwashcommon.security.JwtAuthenticationFilter@5034f5dd, org.springframework.security.web.savedrequest.RequestCacheAwareFilter@8942ece, org.springframework.security.web.servletapi.SecurityContextHolderAwareRequestFilter@3a89226e, org.springframework.security.web.authentication.AnonymousAuthenticationFilter@1a06ec24, org.springframework.security.web.session.SessionManagementFilter@2f7d8a7c, org.springframework.security.web.access.ExceptionTranslationFilter@7cab8d52, org.springframework.security.web.access.intercept.AuthorizationFilter@2b5ca574]
2026-03-01T23:03:13.231+05:30  INFO 27616 --- [invitation] [           main] o.s.b.w.embedded.tomcat.TomcatWebServer  : Tomcat started on port 8088 (http) with context path ''
2026-03-01T23:03:13.242+05:30  INFO 27616 --- [invitation] [           main] c.c.invitation.InvitationApplication     : Started InvitationApplication in 7.668 seconds (process running for 8.616)
2026-03-01T23:03:40.420+05:30  INFO 27616 --- [invitation] [0.0-8088-exec-1] o.a.c.c.C.[Tomcat].[localhost].[/]       : Initializing Spring DispatcherServlet 'dispatcherServlet'
2026-03-01T23:03:40.420+05:30  INFO 27616 --- [invitation] [0.0-8088-exec-1] o.s.web.servlet.DispatcherServlet        : Initializing Servlet 'dispatcherServlet'
2026-03-01T23:03:40.421+05:30  INFO 27616 --- [invitation] [0.0-8088-exec-1] o.s.web.servlet.DispatcherServlet        : Completed initialization in 1 ms
Hibernate: 
    select
        rc1_0.id,
        rc1_0.coupon_code,
        rc1_0.created_at,
        rc1_0.created_by_phone,
        rc1_0.discount_type,
        rc1_0.discount_value,
        rc1_0.max_discount_amount,
        rc1_0.max_uses,
        rc1_0.min_order_amount,
        rc1_0.status,
        rc1_0.updated_at,
        rc1_0.used_count,
        rc1_0.valid_from,
        rc1_0.valid_until 
    from
        carwash_referral_coupon rc1_0 
    where
        rc1_0.created_by_phone=?
Hibernate: 
    select
        rcr1_0.id,
        rcr1_0.booking_id,
        rcr1_0.coupon_code,
        rcr1_0.coupon_id,
        rcr1_0.discount_amount,
        rcr1_0.order_amount,
        rcr1_0.redeemed_at,
        rcr1_0.transaction_id,
        rcr1_0.used_by_phone 
    from
        carwash_referral_coupon_redemption rcr1_0 
    where
        rcr1_0.coupon_code in (?, ?, ?, ?, ?, ?, ?, ?, ?, ?, ?, ?, ?, ?, ?, ?, ?, ?, ?, ?, ?, ?, ?)
2026-03-01T23:05:36.321+05:30  INFO 27616 --- [invitation] [0.0-8088-exec-3] o.apache.tomcat.util.http.parser.Cookie  : A cookie header was received [g_state={"i_l":0,"i_ll":1772386506920,"i_e":{"enable_itp_optimization":0},"i_b":"NxHurZ0kxmqAV42zmqWl3V31DkQLCVgrAiwzk6C2mXE"}] that contained an invalid cookie. That cookie will be ignored.
 Note: further occurrences of this error will be logged at DEBUG level.
Hibernate: 
    select
        rc1_0.id,
        rc1_0.coupon_code,
        rc1_0.created_at,
        rc1_0.created_by_phone,
        rc1_0.discount_type,
        rc1_0.discount_value,
        rc1_0.max_discount_amount,
        rc1_0.max_uses,
        rc1_0.min_order_amount,
        rc1_0.status,
        rc1_0.updated_at,
        rc1_0.used_count,
        rc1_0.valid_from,
        rc1_0.valid_until 
    from
        carwash_referral_coupon rc1_0 
    where
        rc1_0.created_by_phone=?
Hibernate: 
    select
        rcr1_0.id,
        rcr1_0.booking_id,
        rcr1_0.coupon_code,
        rcr1_0.coupon_id,
        rcr1_0.discount_amount,
        rcr1_0.order_amount,
        rcr1_0.redeemed_at,
        rcr1_0.transaction_id,
        rcr1_0.used_by_phone 
    from
        carwash_referral_coupon_redemption rcr1_0 
    where
        rcr1_0.coupon_code in (?, ?, ?, ?, ?, ?, ?, ?, ?, ?, ?, ?, ?, ?, ?, ?, ?, ?, ?, ?, ?, ?, ?)
Hibernate: 
    select
        rc1_0.id,
        rc1_0.coupon_code,
        rc1_0.created_at,
        rc1_0.created_by_phone,
        rc1_0.discount_type,
        rc1_0.discount_value,
        rc1_0.max_discount_amount,
        rc1_0.max_uses,
        rc1_0.min_order_amount,
        rc1_0.status,
        rc1_0.updated_at,
        rc1_0.used_count,
        rc1_0.valid_from,
        rc1_0.valid_until 
    from
        carwash_referral_coupon rc1_0 
    where
        rc1_0.created_by_phone=?
Hibernate: 
    select
        rcr1_0.id,
        rcr1_0.booking_id,
        rcr1_0.coupon_code,
        rcr1_0.coupon_id,
        rcr1_0.discount_amount,
        rcr1_0.order_amount,
        rcr1_0.redeemed_at,
        rcr1_0.transaction_id,
        rcr1_0.used_by_phone 
    from
        carwash_referral_coupon_redemption rcr1_0 
    where
        rcr1_0.coupon_code in (?, ?, ?, ?, ?, ?, ?, ?, ?, ?, ?, ?, ?, ?, ?, ?, ?, ?, ?, ?, ?, ?, ?)
Hibernate: 
    select
        rc1_0.id,
        rc1_0.coupon_code,
        rc1_0.created_at,
        rc1_0.created_by_phone,
        rc1_0.discount_type,
        rc1_0.discount_value,
        rc1_0.max_discount_amount,
        rc1_0.max_uses,
        rc1_0.min_order_amount,
        rc1_0.status,
        rc1_0.updated_at,
        rc1_0.used_count,
        rc1_0.valid_from,
        rc1_0.valid_until 
    from
        carwash_referral_coupon rc1_0 
    where
        rc1_0.created_by_phone=?
Hibernate: 
    select
        rcr1_0.id,
        rcr1_0.booking_id,
        rcr1_0.coupon_code,
        rcr1_0.coupon_id,
        rcr1_0.discount_amount,
        rcr1_0.order_amount,
        rcr1_0.redeemed_at,
        rcr1_0.transaction_id,
        rcr1_0.used_by_phone 
    from
        carwash_referral_coupon_redemption rcr1_0 
    where
        rcr1_0.coupon_code in (?, ?, ?, ?, ?, ?, ?, ?, ?, ?, ?, ?, ?, ?, ?, ?, ?, ?, ?, ?, ?, ?, ?)
Hibernate: 
    select
        rc1_0.id,
        rc1_0.coupon_code,
        rc1_0.created_at,
        rc1_0.created_by_phone,
        rc1_0.discount_type,
        rc1_0.discount_value,
        rc1_0.max_discount_amount,
        rc1_0.max_uses,
        rc1_0.min_order_amount,
        rc1_0.status,
        rc1_0.updated_at,
        rc1_0.used_count,
        rc1_0.valid_from,
        rc1_0.valid_until 
    from
        carwash_referral_coupon rc1_0 
    where
        rc1_0.created_by_phone=?
Hibernate: 
    select
        rcr1_0.id,
        rcr1_0.booking_id,
        rcr1_0.coupon_code,
        rcr1_0.coupon_id,
        rcr1_0.discount_amount,
        rcr1_0.order_amount,
        rcr1_0.redeemed_at,
        rcr1_0.transaction_id,
        rcr1_0.used_by_phone 
    from
        carwash_referral_coupon_redemption rcr1_0 
    where
        rcr1_0.coupon_code in (?, ?, ?, ?, ?, ?, ?, ?, ?, ?, ?, ?, ?, ?, ?, ?, ?, ?, ?, ?, ?, ?, ?)
Hibernate: 
    select
        rc1_0.id,
        rc1_0.coupon_code,
        rc1_0.created_at,
        rc1_0.created_by_phone,
        rc1_0.discount_type,
        rc1_0.discount_value,
        rc1_0.max_discount_amount,
        rc1_0.max_uses,
        rc1_0.min_order_amount,
        rc1_0.status,
        rc1_0.updated_at,
        rc1_0.used_count,
        rc1_0.valid_from,
        rc1_0.valid_until 
    from
        carwash_referral_coupon rc1_0 
    where
        rc1_0.created_by_phone=?
Hibernate: 
    select
        rc1_0.id,
        rc1_0.coupon_code,
        rc1_0.created_at,
        rc1_0.created_by_phone,
        rc1_0.discount_type,
        rc1_0.discount_value,
        rc1_0.max_discount_amount,
        rc1_0.max_uses,
        rc1_0.min_order_amount,
        rc1_0.status,
        rc1_0.updated_at,
        rc1_0.used_count,
        rc1_0.valid_from,
        rc1_0.valid_until 
    from
        carwash_referral_coupon rc1_0 
    where
        rc1_0.created_by_phone=?
Hibernate: 
    select
        rcr1_0.id,
        rcr1_0.booking_id,
        rcr1_0.coupon_code,
        rcr1_0.coupon_id,
        rcr1_0.discount_amount,
        rcr1_0.order_amount,
        rcr1_0.redeemed_at,
        rcr1_0.transaction_id,
        rcr1_0.used_by_phone 
    from
        carwash_referral_coupon_redemption rcr1_0 
    where
        rcr1_0.coupon_code in (?, ?, ?, ?, ?, ?, ?, ?, ?, ?, ?, ?, ?, ?, ?, ?, ?, ?, ?, ?, ?, ?, ?)
Hibernate: 
    select
        rcr1_0.id,
        rcr1_0.booking_id,
        rcr1_0.coupon_code,
        rcr1_0.coupon_id,
        rcr1_0.discount_amount,
        rcr1_0.order_amount,
        rcr1_0.redeemed_at,
        rcr1_0.transaction_id,
        rcr1_0.used_by_phone 
    from
        carwash_referral_coupon_redemption rcr1_0 
    where
        rcr1_0.coupon_code in (?, ?, ?, ?, ?, ?, ?, ?, ?, ?, ?, ?, ?, ?, ?, ?, ?, ?, ?, ?, ?, ?, ?)
2026-03-02T07:38:27.084+05:30  WARN 27616 --- [invitation] [l-1 housekeeper] com.zaxxer.hikari.pool.HikariPool        : HikariPool-1 - Thread starvation or clock leap detected (housekeeper delta=47m7s755ms344µs800ns).
2026-03-06T07:22:43.384+05:30  WARN 27616 --- [invitation] [l-1 housekeeper] com.zaxxer.hikari.pool.HikariPool        : HikariPool-1 - Thread starvation or clock leap detected (housekeeper delta=3d23h44m19s71ms168µs900ns).
2026-03-07T03:48:07.158+05:30  WARN 27616 --- [invitation] [l-1 housekeeper] com.zaxxer.hikari.pool.HikariPool        : HikariPool-1 - Thread starvation or clock leap detected (housekeeper delta=17h55m19s856ms41µs500ns).
2026-03-08T01:00:23.820+05:30  WARN 27616 --- [invitation] [l-1 housekeeper] com.zaxxer.hikari.pool.HikariPool        : HikariPool-1 - Thread starvation or clock leap detected (housekeeper delta=21h12m16s443ms641µs100ns).
