2025-12-28 00:14:38 WARN  com.zaxxer.hikari.pool.HikariPool - HikariPool-1 - Thread starvation or clock leap detected (housekeeper delta=3h58m38s642ms757µs200ns).
2025-12-28 00:18:05 DEBUG org.hibernate.SQL - select b1_0.id,b1_0.address,b1_0.booking_date,b1_0.car_index,b1_0.car_number,b1_0.car_type,b1_0.centre_name,b1_0.created_at,b1_0.discount_percent_applied,b1_0.free_applied,b1_0.maps_url,b1_0.membership_id_used,b1_0.original_amount,b1_0.payable_amount,b1_0.payment_status,b1_0.phone,b1_0.refund_amount,b1_0.refund_initiated_at,b1_0.refund_status,b1_0.service_centre_id,b1_0.service_type,b1_0.status,b1_0.time_slot,b1_0.transaction_id,b1_0.wash_type from carwash_booking b1_0 where b1_0.phone=? order by b1_0.created_at desc
2025-12-28 00:25:27 DEBUG org.hibernate.SQL - select distinct sc1_0.area from carwash_service_centre sc1_0 where sc1_0.active=true order by sc1_0.area
2025-12-28 00:25:29 DEBUG org.hibernate.SQL - select distinct sc1_0.area from carwash_service_centre sc1_0 where sc1_0.active=true order by sc1_0.area
2025-12-28 00:25:40 DEBUG org.hibernate.SQL - select sc1_0.id,sc1_0.active,sc1_0.address,sc1_0.area,sc1_0.created_at,sc1_0.latitude,sc1_0.longitude,sc1_0.maps_url,sc1_0.name,sc1_0.rating,sc1_0.updated_at from carwash_service_centre sc1_0 where sc1_0.active and upper(sc1_0.area) like upper(?) escape '\' or sc1_0.active and upper(sc1_0.address) like upper(?) escape '\'
2025-12-28 00:25:44 WARN  o.s.w.s.m.s.DefaultHandlerExceptionResolver - Resolved [org.springframework.web.method.annotation.MethodArgumentTypeMismatchException: Failed to convert value of type 'java.lang.String' to required type 'java.lang.Long'; For input string: "availability"]
2025-12-28 00:25:57 DEBUG org.hibernate.SQL - select distinct sc1_0.area from carwash_service_centre sc1_0 where sc1_0.active=true order by sc1_0.area
2025-12-28 00:25:59 DEBUG org.hibernate.SQL - select sc1_0.id,sc1_0.active,sc1_0.address,sc1_0.area,sc1_0.created_at,sc1_0.latitude,sc1_0.longitude,sc1_0.maps_url,sc1_0.name,sc1_0.rating,sc1_0.updated_at from carwash_service_centre sc1_0 where sc1_0.active and upper(sc1_0.area) like upper(?) escape '\' or sc1_0.active and upper(sc1_0.address) like upper(?) escape '\'
2025-12-28 00:26:03 WARN  o.s.w.s.m.s.DefaultHandlerExceptionResolver - Resolved [org.springframework.web.method.annotation.MethodArgumentTypeMismatchException: Failed to convert value of type 'java.lang.String' to required type 'java.lang.Long'; For input string: "availability"]
2025-12-28 00:37:04 DEBUG org.hibernate.SQL - select distinct sc1_0.area from carwash_service_centre sc1_0 where sc1_0.active=true order by sc1_0.area
2025-12-28 00:44:18 DEBUG org.hibernate.SQL - select distinct sc1_0.area from carwash_service_centre sc1_0 where sc1_0.active=true order by sc1_0.area
2025-12-28 00:44:21 DEBUG org.hibernate.SQL - select sc1_0.id,sc1_0.active,sc1_0.address,sc1_0.area,sc1_0.created_at,sc1_0.latitude,sc1_0.longitude,sc1_0.maps_url,sc1_0.name,sc1_0.rating,sc1_0.updated_at from carwash_service_centre sc1_0 where sc1_0.active and upper(sc1_0.area) like upper(?) escape '\' or sc1_0.active and upper(sc1_0.address) like upper(?) escape '\'
2025-12-28 00:44:25 WARN  o.s.w.s.m.s.DefaultHandlerExceptionResolver - Resolved [org.springframework.web.HttpRequestMethodNotSupportedException: Request method 'GET' is not supported]
2025-12-28 00:44:25 WARN  o.s.w.s.m.s.DefaultHandlerExceptionResolver - Resolved [org.springframework.web.method.annotation.MethodArgumentTypeMismatchException: Failed to convert value of type 'java.lang.String' to required type 'java.lang.Long'; For input string: "availability"]
2025-12-28 00:50:34 INFO  c.c.b.BookingServiceApplication - Starting BookingServiceApplication using Java 17.0.7 with PID 67640 (D:\Codes\bookingservice\target\classes started by chand in D:\Codes\bookingservice)
2025-12-28 00:50:34 INFO  c.c.b.BookingServiceApplication - No active profile set, falling back to 1 default profile: "default"
2025-12-28 00:50:36 INFO  o.a.coyote.http11.Http11NioProtocol - Initializing ProtocolHandler ["http-nio-8082"]
2025-12-28 00:50:36 INFO  o.a.catalina.core.StandardService - Starting service [Tomcat]
2025-12-28 00:50:36 INFO  o.a.catalina.core.StandardEngine - Starting Servlet engine: [Apache Tomcat/10.1.24]
2025-12-28 00:50:36 INFO  o.a.c.c.C.[Tomcat].[localhost].[/] - Initializing Spring embedded WebApplicationContext
2025-12-28 00:50:36 INFO  o.h.jpa.internal.util.LogHelper - HHH000204: Processing PersistenceUnitInfo [name: default]
2025-12-28 00:50:36 INFO  org.hibernate.Version - HHH000412: Hibernate ORM core version 6.5.2.Final
2025-12-28 00:50:36 INFO  o.h.c.i.RegionFactoryInitiator - HHH000026: Second-level cache disabled
2025-12-28 00:50:36 INFO  com.zaxxer.hikari.HikariDataSource - HikariPool-1 - Starting...
2025-12-28 00:50:37 INFO  com.zaxxer.hikari.pool.HikariPool - HikariPool-1 - Added connection org.postgresql.jdbc.PgConnection@18811c42
2025-12-28 00:50:37 INFO  com.zaxxer.hikari.HikariDataSource - HikariPool-1 - Start completed.
2025-12-28 00:50:38 INFO  o.h.e.t.j.p.i.JtaPlatformInitiator - HHH000489: No JTA platform available (set 'hibernate.transaction.jta.platform' to enable JTA platform integration)
2025-12-28 00:50:39 WARN  o.s.b.a.o.j.JpaBaseConfiguration$JpaWebConfiguration - spring.jpa.open-in-view is enabled by default. Therefore, database queries may be performed during view rendering. Explicitly configure spring.jpa.open-in-view to disable this warning
2025-12-28 00:50:39 INFO  o.a.coyote.http11.Http11NioProtocol - Starting ProtocolHandler ["http-nio-8082"]
2025-12-28 00:50:39 INFO  c.c.b.BookingServiceApplication - Started BookingServiceApplication in 6.064 seconds (process running for 12.365)
2025-12-28 00:51:03 INFO  o.a.c.c.C.[Tomcat].[localhost].[/] - Initializing Spring DispatcherServlet 'dispatcherServlet'
2025-12-28 00:51:03 DEBUG org.hibernate.SQL - select distinct sc1_0.area from carwash_service_centre sc1_0 where sc1_0.active=true order by sc1_0.area
2025-12-28 00:51:04 DEBUG org.hibernate.SQL - select distinct sc1_0.area from carwash_service_centre sc1_0 where sc1_0.active=true order by sc1_0.area
2025-12-28 00:51:25 DEBUG org.hibernate.SQL - select sc1_0.id,sc1_0.active,sc1_0.address,sc1_0.area,sc1_0.created_at,sc1_0.latitude,sc1_0.longitude,sc1_0.maps_url,sc1_0.name,sc1_0.rating,sc1_0.updated_at from carwash_service_centre sc1_0 where sc1_0.active and upper(sc1_0.area) like upper(?) escape '\' or sc1_0.active and upper(sc1_0.address) like upper(?) escape '\'
2025-12-28 00:51:30 DEBUG org.hibernate.SQL - select b1_0.id,b1_0.address,b1_0.booking_date,b1_0.car_index,b1_0.car_number,b1_0.car_type,b1_0.centre_name,b1_0.created_at,b1_0.discount_percent_applied,b1_0.free_applied,b1_0.maps_url,b1_0.membership_id_used,b1_0.original_amount,b1_0.payable_amount,b1_0.payment_status,b1_0.phone,b1_0.refund_amount,b1_0.refund_initiated_at,b1_0.refund_status,b1_0.service_centre_id,b1_0.service_type,b1_0.status,b1_0.time_slot,b1_0.transaction_id,b1_0.wash_type from carwash_booking b1_0
2025-12-28 00:52:05 WARN  o.s.w.s.m.s.DefaultHandlerExceptionResolver - Resolved [org.springframework.web.bind.MissingServletRequestParameterException: Required request parameter 'centreId' for method parameter type Long is not present]
2025-12-28 00:52:14 WARN  o.s.w.s.m.s.DefaultHandlerExceptionResolver - Resolved [org.springframework.web.bind.MissingServletRequestParameterException: Required request parameter 'centreId' for method parameter type Long is not present]
2025-12-28 00:52:31 WARN  o.s.w.s.m.s.DefaultHandlerExceptionResolver - Resolved [org.springframework.web.bind.MissingServletRequestParameterException: Required request parameter 'centreId' for method parameter type Long is not present]
2025-12-28 01:49:09 INFO  c.c.b.BookingServiceApplication - Starting BookingServiceApplication using Java 17.0.7 with PID 100600 (D:\Codes\bookingservice\target\classes started by chand in D:\Codes\bookingservice)
2025-12-28 01:49:09 INFO  c.c.b.BookingServiceApplication - No active profile set, falling back to 1 default profile: "default"
2025-12-28 01:49:10 INFO  o.a.coyote.http11.Http11NioProtocol - Initializing ProtocolHandler ["http-nio-8082"]
2025-12-28 01:49:10 INFO  o.a.catalina.core.StandardService - Starting service [Tomcat]
2025-12-28 01:49:10 INFO  o.a.catalina.core.StandardEngine - Starting Servlet engine: [Apache Tomcat/10.1.24]
2025-12-28 01:49:10 INFO  o.a.c.c.C.[Tomcat].[localhost].[/] - Initializing Spring embedded WebApplicationContext
2025-12-28 01:49:10 INFO  o.h.jpa.internal.util.LogHelper - HHH000204: Processing PersistenceUnitInfo [name: default]
2025-12-28 01:49:10 INFO  org.hibernate.Version - HHH000412: Hibernate ORM core version 6.5.2.Final
2025-12-28 01:49:11 INFO  o.h.c.i.RegionFactoryInitiator - HHH000026: Second-level cache disabled
2025-12-28 01:49:11 INFO  com.zaxxer.hikari.HikariDataSource - HikariPool-1 - Starting...
2025-12-28 01:49:11 INFO  com.zaxxer.hikari.pool.HikariPool - HikariPool-1 - Added connection org.postgresql.jdbc.PgConnection@54e0f76f
2025-12-28 01:49:11 INFO  com.zaxxer.hikari.HikariDataSource - HikariPool-1 - Start completed.
2025-12-28 01:49:13 INFO  o.h.e.t.j.p.i.JtaPlatformInitiator - HHH000489: No JTA platform available (set 'hibernate.transaction.jta.platform' to enable JTA platform integration)
2025-12-28 01:49:14 WARN  o.s.b.a.o.j.JpaBaseConfiguration$JpaWebConfiguration - spring.jpa.open-in-view is enabled by default. Therefore, database queries may be performed during view rendering. Explicitly configure spring.jpa.open-in-view to disable this warning
2025-12-28 01:49:15 INFO  o.a.coyote.http11.Http11NioProtocol - Starting ProtocolHandler ["http-nio-8082"]
2025-12-28 01:49:15 INFO  c.c.b.BookingServiceApplication - Started BookingServiceApplication in 6.592 seconds (process running for 7.621)
2025-12-28 01:49:20 INFO  o.a.c.c.C.[Tomcat].[localhost].[/] - Initializing Spring DispatcherServlet 'dispatcherServlet'
2025-12-28 01:49:20 DEBUG org.hibernate.SQL - select b1_0.id,b1_0.address,b1_0.booking_date,b1_0.car_index,b1_0.car_number,b1_0.car_type,b1_0.centre_name,b1_0.created_at,b1_0.discount_percent_applied,b1_0.free_applied,b1_0.maps_url,b1_0.membership_id_used,b1_0.original_amount,b1_0.payable_amount,b1_0.payment_status,b1_0.phone,b1_0.refund_amount,b1_0.refund_initiated_at,b1_0.refund_status,b1_0.service_centre_id,b1_0.service_type,b1_0.status,b1_0.time_slot,b1_0.transaction_id,b1_0.wash_type from carwash_booking b1_0 where b1_0.booking_date=? and b1_0.service_type=?
2025-12-28 01:49:28 DEBUG org.hibernate.SQL - select distinct sc1_0.area from carwash_service_centre sc1_0 where sc1_0.active=true order by sc1_0.area
2025-12-28 01:49:31 DEBUG org.hibernate.SQL - select sc1_0.id,sc1_0.active,sc1_0.address,sc1_0.area,sc1_0.created_at,sc1_0.latitude,sc1_0.longitude,sc1_0.maps_url,sc1_0.name,sc1_0.rating,sc1_0.updated_at from carwash_service_centre sc1_0 where sc1_0.active and upper(sc1_0.area) like upper(?) escape '\' or sc1_0.active and upper(sc1_0.address) like upper(?) escape '\'
2025-12-28 01:49:34 WARN  o.s.w.s.m.s.DefaultHandlerExceptionResolver - Resolved [org.springframework.web.HttpRequestMethodNotSupportedException: Request method 'GET' is not supported]
2025-12-28 01:49:35 DEBUG org.hibernate.SQL - select b1_0.id,b1_0.address,b1_0.booking_date,b1_0.car_index,b1_0.car_number,b1_0.car_type,b1_0.centre_name,b1_0.created_at,b1_0.discount_percent_applied,b1_0.free_applied,b1_0.maps_url,b1_0.membership_id_used,b1_0.original_amount,b1_0.payable_amount,b1_0.payment_status,b1_0.phone,b1_0.refund_amount,b1_0.refund_initiated_at,b1_0.refund_status,b1_0.service_centre_id,b1_0.service_type,b1_0.status,b1_0.time_slot,b1_0.transaction_id,b1_0.wash_type from carwash_booking b1_0 where b1_0.booking_date=? and b1_0.service_type=?
2025-12-28 04:20:56 WARN  com.zaxxer.hikari.pool.HikariPool - HikariPool-1 - Thread starvation or clock leap detected (housekeeper delta=1h31m13s692ms637µs800ns).
2025-12-28 04:23:46 DEBUG org.hibernate.SQL - select b1_0.id,b1_0.address,b1_0.booking_date,b1_0.car_index,b1_0.car_number,b1_0.car_type,b1_0.centre_name,b1_0.created_at,b1_0.discount_percent_applied,b1_0.free_applied,b1_0.maps_url,b1_0.membership_id_used,b1_0.original_amount,b1_0.payable_amount,b1_0.payment_status,b1_0.phone,b1_0.refund_amount,b1_0.refund_initiated_at,b1_0.refund_status,b1_0.service_centre_id,b1_0.service_type,b1_0.status,b1_0.time_slot,b1_0.transaction_id,b1_0.wash_type from carwash_booking b1_0 where b1_0.phone=? order by b1_0.created_at desc
2025-12-28 04:24:43 DEBUG org.hibernate.SQL - select b1_0.id,b1_0.address,b1_0.booking_date,b1_0.car_index,b1_0.car_number,b1_0.car_type,b1_0.centre_name,b1_0.created_at,b1_0.discount_percent_applied,b1_0.free_applied,b1_0.maps_url,b1_0.membership_id_used,b1_0.original_amount,b1_0.payable_amount,b1_0.payment_status,b1_0.phone,b1_0.refund_amount,b1_0.refund_initiated_at,b1_0.refund_status,b1_0.service_centre_id,b1_0.service_type,b1_0.status,b1_0.time_slot,b1_0.transaction_id,b1_0.wash_type from carwash_booking b1_0 where b1_0.booking_date=? and b1_0.service_type=?
2025-12-28 04:26:06 DEBUG org.hibernate.SQL - select b1_0.id,b1_0.address,b1_0.booking_date,b1_0.car_index,b1_0.car_number,b1_0.car_type,b1_0.centre_name,b1_0.created_at,b1_0.discount_percent_applied,b1_0.free_applied,b1_0.maps_url,b1_0.membership_id_used,b1_0.original_amount,b1_0.payable_amount,b1_0.payment_status,b1_0.phone,b1_0.refund_amount,b1_0.refund_initiated_at,b1_0.refund_status,b1_0.service_centre_id,b1_0.service_type,b1_0.status,b1_0.time_slot,b1_0.transaction_id,b1_0.wash_type from carwash_booking b1_0 where b1_0.booking_date=? and b1_0.service_type=?
2025-12-28 04:26:14 DEBUG org.hibernate.SQL - select b1_0.id,b1_0.address,b1_0.booking_date,b1_0.car_index,b1_0.car_number,b1_0.car_type,b1_0.centre_name,b1_0.created_at,b1_0.discount_percent_applied,b1_0.free_applied,b1_0.maps_url,b1_0.membership_id_used,b1_0.original_amount,b1_0.payable_amount,b1_0.payment_status,b1_0.phone,b1_0.refund_amount,b1_0.refund_initiated_at,b1_0.refund_status,b1_0.service_centre_id,b1_0.service_type,b1_0.status,b1_0.time_slot,b1_0.transaction_id,b1_0.wash_type from carwash_booking b1_0 where b1_0.booking_date=? and b1_0.service_type=?
2025-12-28 04:26:19 INFO  c.c.b.controller.BookingController - Confirm order request received. items=1
2025-12-28 04:26:20 DEBUG org.hibernate.SQL - insert into carwash_booking (address,booking_date,car_index,car_number,car_type,centre_name,created_at,discount_percent_applied,free_applied,maps_url,membership_id_used,original_amount,payable_amount,payment_status,phone,refund_amount,refund_initiated_at,refund_status,service_centre_id,service_type,status,time_slot,transaction_id,wash_type) values (?,?,?,?,?,?,?,?,?,?,?,?,?,?,?,?,?,?,?,?,?,?,?,?) returning id
2025-12-28 04:26:22 DEBUG org.hibernate.SQL - select b1_0.id,b1_0.address,b1_0.booking_date,b1_0.car_index,b1_0.car_number,b1_0.car_type,b1_0.centre_name,b1_0.created_at,b1_0.discount_percent_applied,b1_0.free_applied,b1_0.maps_url,b1_0.membership_id_used,b1_0.original_amount,b1_0.payable_amount,b1_0.payment_status,b1_0.phone,b1_0.refund_amount,b1_0.refund_initiated_at,b1_0.refund_status,b1_0.service_centre_id,b1_0.service_type,b1_0.status,b1_0.time_slot,b1_0.transaction_id,b1_0.wash_type from carwash_booking b1_0 where b1_0.phone=? order by b1_0.created_at desc
2025-12-28 04:26:32 DEBUG org.hibernate.SQL - select b1_0.id,b1_0.address,b1_0.booking_date,b1_0.car_index,b1_0.car_number,b1_0.car_type,b1_0.centre_name,b1_0.created_at,b1_0.discount_percent_applied,b1_0.free_applied,b1_0.maps_url,b1_0.membership_id_used,b1_0.original_amount,b1_0.payable_amount,b1_0.payment_status,b1_0.phone,b1_0.refund_amount,b1_0.refund_initiated_at,b1_0.refund_status,b1_0.service_centre_id,b1_0.service_type,b1_0.status,b1_0.time_slot,b1_0.transaction_id,b1_0.wash_type from carwash_booking b1_0 where b1_0.booking_date=? and b1_0.service_type=?
2025-12-28 04:26:46 DEBUG org.hibernate.SQL - select b1_0.id,b1_0.address,b1_0.booking_date,b1_0.car_index,b1_0.car_number,b1_0.car_type,b1_0.centre_name,b1_0.created_at,b1_0.discount_percent_applied,b1_0.free_applied,b1_0.maps_url,b1_0.membership_id_used,b1_0.original_amount,b1_0.payable_amount,b1_0.payment_status,b1_0.phone,b1_0.refund_amount,b1_0.refund_initiated_at,b1_0.refund_status,b1_0.service_centre_id,b1_0.service_type,b1_0.status,b1_0.time_slot,b1_0.transaction_id,b1_0.wash_type from carwash_booking b1_0 where b1_0.booking_date=? and b1_0.service_type=?
2025-12-28 04:26:51 INFO  c.c.b.controller.BookingController - Confirm order request received. items=1
2025-12-28 04:26:51 DEBUG org.hibernate.SQL - insert into carwash_booking (address,booking_date,car_index,car_number,car_type,centre_name,created_at,discount_percent_applied,free_applied,maps_url,membership_id_used,original_amount,payable_amount,payment_status,phone,refund_amount,refund_initiated_at,refund_status,service_centre_id,service_type,status,time_slot,transaction_id,wash_type) values (?,?,?,?,?,?,?,?,?,?,?,?,?,?,?,?,?,?,?,?,?,?,?,?) returning id
2025-12-28 04:26:56 DEBUG org.hibernate.SQL - select b1_0.id,b1_0.address,b1_0.booking_date,b1_0.car_index,b1_0.car_number,b1_0.car_type,b1_0.centre_name,b1_0.created_at,b1_0.discount_percent_applied,b1_0.free_applied,b1_0.maps_url,b1_0.membership_id_used,b1_0.original_amount,b1_0.payable_amount,b1_0.payment_status,b1_0.phone,b1_0.refund_amount,b1_0.refund_initiated_at,b1_0.refund_status,b1_0.service_centre_id,b1_0.service_type,b1_0.status,b1_0.time_slot,b1_0.transaction_id,b1_0.wash_type from carwash_booking b1_0 where b1_0.phone=? order by b1_0.created_at desc
2025-12-28 04:27:06 DEBUG org.hibernate.SQL - select distinct sc1_0.area from carwash_service_centre sc1_0 where sc1_0.active=true order by sc1_0.area
2025-12-28 04:27:21 DEBUG org.hibernate.SQL - select sc1_0.id,sc1_0.active,sc1_0.address,sc1_0.area,sc1_0.created_at,sc1_0.latitude,sc1_0.longitude,sc1_0.maps_url,sc1_0.name,sc1_0.rating,sc1_0.updated_at from carwash_service_centre sc1_0 where sc1_0.active and upper(sc1_0.area) like upper(?) escape '\' or sc1_0.active and upper(sc1_0.address) like upper(?) escape '\'
2025-12-28 04:27:26 WARN  o.s.w.s.m.s.DefaultHandlerExceptionResolver - Resolved [org.springframework.web.HttpRequestMethodNotSupportedException: Request method 'GET' is not supported]
2025-12-28 04:27:26 DEBUG org.hibernate.SQL - select b1_0.id,b1_0.address,b1_0.booking_date,b1_0.car_index,b1_0.car_number,b1_0.car_type,b1_0.centre_name,b1_0.created_at,b1_0.discount_percent_applied,b1_0.free_applied,b1_0.maps_url,b1_0.membership_id_used,b1_0.original_amount,b1_0.payable_amount,b1_0.payment_status,b1_0.phone,b1_0.refund_amount,b1_0.refund_initiated_at,b1_0.refund_status,b1_0.service_centre_id,b1_0.service_type,b1_0.status,b1_0.time_slot,b1_0.transaction_id,b1_0.wash_type from carwash_booking b1_0 where b1_0.booking_date=? and b1_0.service_type=?
2025-12-28 04:27:40 INFO  c.c.b.controller.BookingController - Confirm order request received. items=1
2025-12-28 04:27:40 DEBUG org.hibernate.SQL - select b1_0.id from carwash_booking b1_0 where b1_0.transaction_id=? fetch first ? rows only
2025-12-28 04:27:40 DEBUG org.hibernate.SQL - insert into carwash_booking (address,booking_date,car_index,car_number,car_type,centre_name,created_at,discount_percent_applied,free_applied,maps_url,membership_id_used,original_amount,payable_amount,payment_status,phone,refund_amount,refund_initiated_at,refund_status,service_centre_id,service_type,status,time_slot,transaction_id,wash_type) values (?,?,?,?,?,?,?,?,?,?,?,?,?,?,?,?,?,?,?,?,?,?,?,?) returning id
2025-12-28 04:27:46 DEBUG org.hibernate.SQL - select b1_0.id,b1_0.address,b1_0.booking_date,b1_0.car_index,b1_0.car_number,b1_0.car_type,b1_0.centre_name,b1_0.created_at,b1_0.discount_percent_applied,b1_0.free_applied,b1_0.maps_url,b1_0.membership_id_used,b1_0.original_amount,b1_0.payable_amount,b1_0.payment_status,b1_0.phone,b1_0.refund_amount,b1_0.refund_initiated_at,b1_0.refund_status,b1_0.service_centre_id,b1_0.service_type,b1_0.status,b1_0.time_slot,b1_0.transaction_id,b1_0.wash_type from carwash_booking b1_0 where b1_0.phone=? order by b1_0.created_at desc
2025-12-28 04:30:17 DEBUG org.hibernate.SQL - select distinct sc1_0.area from carwash_service_centre sc1_0 where sc1_0.active=true order by sc1_0.area
2025-12-28 04:31:44 DEBUG org.hibernate.SQL - select b1_0.id,b1_0.address,b1_0.booking_date,b1_0.car_index,b1_0.car_number,b1_0.car_type,b1_0.centre_name,b1_0.created_at,b1_0.discount_percent_applied,b1_0.free_applied,b1_0.maps_url,b1_0.membership_id_used,b1_0.original_amount,b1_0.payable_amount,b1_0.payment_status,b1_0.phone,b1_0.refund_amount,b1_0.refund_initiated_at,b1_0.refund_status,b1_0.service_centre_id,b1_0.service_type,b1_0.status,b1_0.time_slot,b1_0.transaction_id,b1_0.wash_type from carwash_booking b1_0 where b1_0.phone=? order by b1_0.created_at desc
2025-12-28 04:33:29 DEBUG org.hibernate.SQL - select b1_0.id,b1_0.address,b1_0.booking_date,b1_0.car_index,b1_0.car_number,b1_0.car_type,b1_0.centre_name,b1_0.created_at,b1_0.discount_percent_applied,b1_0.free_applied,b1_0.maps_url,b1_0.membership_id_used,b1_0.original_amount,b1_0.payable_amount,b1_0.payment_status,b1_0.phone,b1_0.refund_amount,b1_0.refund_initiated_at,b1_0.refund_status,b1_0.service_centre_id,b1_0.service_type,b1_0.status,b1_0.time_slot,b1_0.transaction_id,b1_0.wash_type from carwash_booking b1_0 where b1_0.phone=? order by b1_0.created_at desc
2025-12-28 04:34:02 DEBUG org.hibernate.SQL - select b1_0.id,b1_0.address,b1_0.booking_date,b1_0.car_index,b1_0.car_number,b1_0.car_type,b1_0.centre_name,b1_0.created_at,b1_0.discount_percent_applied,b1_0.free_applied,b1_0.maps_url,b1_0.membership_id_used,b1_0.original_amount,b1_0.payable_amount,b1_0.payment_status,b1_0.phone,b1_0.refund_amount,b1_0.refund_initiated_at,b1_0.refund_status,b1_0.service_centre_id,b1_0.service_type,b1_0.status,b1_0.time_slot,b1_0.transaction_id,b1_0.wash_type from carwash_booking b1_0 where b1_0.booking_date=? and b1_0.service_type=?
2025-12-28 04:35:09 DEBUG org.hibernate.SQL - select b1_0.id,b1_0.address,b1_0.booking_date,b1_0.car_index,b1_0.car_number,b1_0.car_type,b1_0.centre_name,b1_0.created_at,b1_0.discount_percent_applied,b1_0.free_applied,b1_0.maps_url,b1_0.membership_id_used,b1_0.original_amount,b1_0.payable_amount,b1_0.payment_status,b1_0.phone,b1_0.refund_amount,b1_0.refund_initiated_at,b1_0.refund_status,b1_0.service_centre_id,b1_0.service_type,b1_0.status,b1_0.time_slot,b1_0.transaction_id,b1_0.wash_type from carwash_booking b1_0 where b1_0.booking_date=? and b1_0.service_type=?
2025-12-28 04:35:17 DEBUG org.hibernate.SQL - select b1_0.id,b1_0.address,b1_0.booking_date,b1_0.car_index,b1_0.car_number,b1_0.car_type,b1_0.centre_name,b1_0.created_at,b1_0.discount_percent_applied,b1_0.free_applied,b1_0.maps_url,b1_0.membership_id_used,b1_0.original_amount,b1_0.payable_amount,b1_0.payment_status,b1_0.phone,b1_0.refund_amount,b1_0.refund_initiated_at,b1_0.refund_status,b1_0.service_centre_id,b1_0.service_type,b1_0.status,b1_0.time_slot,b1_0.transaction_id,b1_0.wash_type from carwash_booking b1_0 where b1_0.booking_date=? and b1_0.service_type=?
2025-12-28 04:35:23 DEBUG org.hibernate.SQL - select b1_0.id,b1_0.address,b1_0.booking_date,b1_0.car_index,b1_0.car_number,b1_0.car_type,b1_0.centre_name,b1_0.created_at,b1_0.discount_percent_applied,b1_0.free_applied,b1_0.maps_url,b1_0.membership_id_used,b1_0.original_amount,b1_0.payable_amount,b1_0.payment_status,b1_0.phone,b1_0.refund_amount,b1_0.refund_initiated_at,b1_0.refund_status,b1_0.service_centre_id,b1_0.service_type,b1_0.status,b1_0.time_slot,b1_0.transaction_id,b1_0.wash_type from carwash_booking b1_0 where b1_0.booking_date=? and b1_0.service_type=?
2025-12-28 06:38:33 INFO  c.c.b.BookingServiceApplication - Starting BookingServiceApplication using Java 17.0.7 with PID 13024 (D:\Codes\bookingservice\target\classes started by chand in D:\Codes\bookingservice)
2025-12-28 06:38:33 INFO  c.c.b.BookingServiceApplication - No active profile set, falling back to 1 default profile: "default"
2025-12-28 06:38:34 INFO  o.a.coyote.http11.Http11NioProtocol - Initializing ProtocolHandler ["http-nio-8082"]
2025-12-28 06:38:34 INFO  o.a.catalina.core.StandardService - Starting service [Tomcat]
2025-12-28 06:38:34 INFO  o.a.catalina.core.StandardEngine - Starting Servlet engine: [Apache Tomcat/10.1.24]
2025-12-28 06:38:34 INFO  o.a.c.c.C.[Tomcat].[localhost].[/] - Initializing Spring embedded WebApplicationContext
2025-12-28 06:38:34 INFO  o.h.jpa.internal.util.LogHelper - HHH000204: Processing PersistenceUnitInfo [name: default]
2025-12-28 06:38:34 INFO  org.hibernate.Version - HHH000412: Hibernate ORM core version 6.5.2.Final
2025-12-28 06:38:34 INFO  o.h.c.i.RegionFactoryInitiator - HHH000026: Second-level cache disabled
2025-12-28 06:38:35 INFO  com.zaxxer.hikari.HikariDataSource - HikariPool-1 - Starting...
2025-12-28 06:38:35 INFO  com.zaxxer.hikari.pool.HikariPool - HikariPool-1 - Added connection org.postgresql.jdbc.PgConnection@7d126083
2025-12-28 06:38:35 INFO  com.zaxxer.hikari.HikariDataSource - HikariPool-1 - Start completed.
2025-12-28 06:38:37 INFO  o.h.e.t.j.p.i.JtaPlatformInitiator - HHH000489: No JTA platform available (set 'hibernate.transaction.jta.platform' to enable JTA platform integration)
2025-12-28 06:38:38 WARN  o.s.b.a.o.j.JpaBaseConfiguration$JpaWebConfiguration - spring.jpa.open-in-view is enabled by default. Therefore, database queries may be performed during view rendering. Explicitly configure spring.jpa.open-in-view to disable this warning
2025-12-28 06:38:38 INFO  o.a.coyote.http11.Http11NioProtocol - Starting ProtocolHandler ["http-nio-8082"]
2025-12-28 06:38:38 INFO  c.c.b.BookingServiceApplication - Started BookingServiceApplication in 6.276 seconds (process running for 7.033)
