2025-12-16 00:15:44 WARN  com.zaxxer.hikari.pool.HikariPool - HikariPool-1 - Thread starvation or clock leap detected (housekeeper delta=5h4m39s933ms989µs100ns).
2025-12-16 01:46:57 WARN  com.zaxxer.hikari.pool.HikariPool - HikariPool-1 - Thread starvation or clock leap detected (housekeeper delta=1h25m11s417ms902µs500ns).
2025-12-16 02:38:59 DEBUG org.hibernate.SQL - select distinct sc1_0.area from carwash_service_centre sc1_0 where sc1_0.active=true order by sc1_0.area
2025-12-16 02:40:32 DEBUG org.hibernate.SQL - select sc1_0.id,sc1_0.active,sc1_0.address,sc1_0.area,sc1_0.created_at,sc1_0.latitude,sc1_0.longitude,sc1_0.maps_url,sc1_0.name,sc1_0.rating,sc1_0.updated_at from carwash_service_centre sc1_0 where sc1_0.active and upper(sc1_0.area) like upper(?) escape '\' or sc1_0.active and upper(sc1_0.address) like upper(?) escape '\'
2025-12-16 02:40:37 DEBUG org.hibernate.SQL - select count(b1_0.id) from carwash_booking b1_0 where b1_0.booking_date=? and b1_0.time_slot=? and upper(b1_0.service_type)=? and b1_0.status<>'CANCELLED' and (? is null or b1_0.service_centre_id=? or b1_0.service_centre_id is null)
2025-12-16 02:40:37 DEBUG org.hibernate.SQL - select count(b1_0.id) from carwash_booking b1_0 where b1_0.booking_date=? and b1_0.time_slot=? and upper(b1_0.service_type)=? and b1_0.status<>'CANCELLED' and (? is null or b1_0.service_centre_id=? or b1_0.service_centre_id is null)
2025-12-16 02:40:37 DEBUG org.hibernate.SQL - select count(b1_0.id) from carwash_booking b1_0 where b1_0.booking_date=? and b1_0.time_slot=? and upper(b1_0.service_type)=? and b1_0.status<>'CANCELLED' and (? is null or b1_0.service_centre_id=? or b1_0.service_centre_id is null)
2025-12-16 02:40:37 DEBUG org.hibernate.SQL - select count(b1_0.id) from carwash_booking b1_0 where b1_0.booking_date=? and b1_0.time_slot=? and upper(b1_0.service_type)=? and b1_0.status<>'CANCELLED' and (? is null or b1_0.service_centre_id=? or b1_0.service_centre_id is null)
2025-12-16 02:40:37 DEBUG org.hibernate.SQL - select count(b1_0.id) from carwash_booking b1_0 where b1_0.booking_date=? and b1_0.time_slot=? and upper(b1_0.service_type)=? and b1_0.status<>'CANCELLED' and (? is null or b1_0.service_centre_id=? or b1_0.service_centre_id is null)
2025-12-16 02:40:37 DEBUG org.hibernate.SQL - select count(b1_0.id) from carwash_booking b1_0 where b1_0.booking_date=? and b1_0.time_slot=? and upper(b1_0.service_type)=? and b1_0.status<>'CANCELLED' and (? is null or b1_0.service_centre_id=? or b1_0.service_centre_id is null)
2025-12-16 02:40:37 DEBUG org.hibernate.SQL - select count(b1_0.id) from carwash_booking b1_0 where b1_0.booking_date=? and b1_0.time_slot=? and upper(b1_0.service_type)=? and b1_0.status<>'CANCELLED' and (? is null or b1_0.service_centre_id=? or b1_0.service_centre_id is null)
2025-12-16 02:40:37 DEBUG org.hibernate.SQL - select count(b1_0.id) from carwash_booking b1_0 where b1_0.booking_date=? and b1_0.time_slot=? and upper(b1_0.service_type)=? and b1_0.status<>'CANCELLED' and (? is null or b1_0.service_centre_id=? or b1_0.service_centre_id is null)
2025-12-16 02:40:37 DEBUG org.hibernate.SQL - select count(b1_0.id) from carwash_booking b1_0 where b1_0.booking_date=? and b1_0.time_slot=? and upper(b1_0.service_type)=? and b1_0.status<>'CANCELLED' and (? is null or b1_0.service_centre_id=? or b1_0.service_centre_id is null)
2025-12-16 02:40:37 DEBUG org.hibernate.SQL - select count(b1_0.id) from carwash_booking b1_0 where b1_0.booking_date=? and b1_0.time_slot=? and upper(b1_0.service_type)=? and b1_0.status<>'CANCELLED' and (? is null or b1_0.service_centre_id=? or b1_0.service_centre_id is null)
2025-12-16 02:40:37 DEBUG org.hibernate.SQL - select count(b1_0.id) from carwash_booking b1_0 where b1_0.booking_date=? and b1_0.time_slot=? and upper(b1_0.service_type)=? and b1_0.status<>'CANCELLED' and (? is null or b1_0.service_centre_id=? or b1_0.service_centre_id is null)
2025-12-16 03:18:05 DEBUG org.hibernate.SQL - select distinct sc1_0.area from carwash_service_centre sc1_0 where sc1_0.active=true order by sc1_0.area
2025-12-16 03:18:31 DEBUG org.hibernate.SQL - select sc1_0.id,sc1_0.active,sc1_0.address,sc1_0.area,sc1_0.created_at,sc1_0.latitude,sc1_0.longitude,sc1_0.maps_url,sc1_0.name,sc1_0.rating,sc1_0.updated_at from carwash_service_centre sc1_0 where sc1_0.active and upper(sc1_0.area) like upper(?) escape '\' or sc1_0.active and upper(sc1_0.address) like upper(?) escape '\'
2025-12-16 03:18:39 DEBUG org.hibernate.SQL - select count(b1_0.id) from carwash_booking b1_0 where b1_0.booking_date=? and b1_0.time_slot=? and upper(b1_0.service_type)=? and b1_0.status<>'CANCELLED' and (? is null or b1_0.service_centre_id=? or b1_0.service_centre_id is null)
2025-12-16 03:18:39 DEBUG org.hibernate.SQL - select count(b1_0.id) from carwash_booking b1_0 where b1_0.booking_date=? and b1_0.time_slot=? and upper(b1_0.service_type)=? and b1_0.status<>'CANCELLED' and (? is null or b1_0.service_centre_id=? or b1_0.service_centre_id is null)
2025-12-16 03:18:39 DEBUG org.hibernate.SQL - select count(b1_0.id) from carwash_booking b1_0 where b1_0.booking_date=? and b1_0.time_slot=? and upper(b1_0.service_type)=? and b1_0.status<>'CANCELLED' and (? is null or b1_0.service_centre_id=? or b1_0.service_centre_id is null)
2025-12-16 03:18:39 DEBUG org.hibernate.SQL - select count(b1_0.id) from carwash_booking b1_0 where b1_0.booking_date=? and b1_0.time_slot=? and upper(b1_0.service_type)=? and b1_0.status<>'CANCELLED' and (? is null or b1_0.service_centre_id=? or b1_0.service_centre_id is null)
2025-12-16 03:18:39 DEBUG org.hibernate.SQL - select count(b1_0.id) from carwash_booking b1_0 where b1_0.booking_date=? and b1_0.time_slot=? and upper(b1_0.service_type)=? and b1_0.status<>'CANCELLED' and (? is null or b1_0.service_centre_id=? or b1_0.service_centre_id is null)
2025-12-16 03:18:39 DEBUG org.hibernate.SQL - select count(b1_0.id) from carwash_booking b1_0 where b1_0.booking_date=? and b1_0.time_slot=? and upper(b1_0.service_type)=? and b1_0.status<>'CANCELLED' and (? is null or b1_0.service_centre_id=? or b1_0.service_centre_id is null)
2025-12-16 03:18:39 DEBUG org.hibernate.SQL - select count(b1_0.id) from carwash_booking b1_0 where b1_0.booking_date=? and b1_0.time_slot=? and upper(b1_0.service_type)=? and b1_0.status<>'CANCELLED' and (? is null or b1_0.service_centre_id=? or b1_0.service_centre_id is null)
2025-12-16 03:18:39 DEBUG org.hibernate.SQL - select count(b1_0.id) from carwash_booking b1_0 where b1_0.booking_date=? and b1_0.time_slot=? and upper(b1_0.service_type)=? and b1_0.status<>'CANCELLED' and (? is null or b1_0.service_centre_id=? or b1_0.service_centre_id is null)
2025-12-16 03:18:39 DEBUG org.hibernate.SQL - select count(b1_0.id) from carwash_booking b1_0 where b1_0.booking_date=? and b1_0.time_slot=? and upper(b1_0.service_type)=? and b1_0.status<>'CANCELLED' and (? is null or b1_0.service_centre_id=? or b1_0.service_centre_id is null)
2025-12-16 03:18:39 DEBUG org.hibernate.SQL - select count(b1_0.id) from carwash_booking b1_0 where b1_0.booking_date=? and b1_0.time_slot=? and upper(b1_0.service_type)=? and b1_0.status<>'CANCELLED' and (? is null or b1_0.service_centre_id=? or b1_0.service_centre_id is null)
2025-12-16 03:18:39 DEBUG org.hibernate.SQL - select count(b1_0.id) from carwash_booking b1_0 where b1_0.booking_date=? and b1_0.time_slot=? and upper(b1_0.service_type)=? and b1_0.status<>'CANCELLED' and (? is null or b1_0.service_centre_id=? or b1_0.service_centre_id is null)
2025-12-16 03:19:00 INFO  c.c.b.controller.BookingController - Confirm order request received. items=2
2025-12-16 03:19:00 INFO  c.c.b.controller.BookingController - Confirm order transactionId=null
2025-12-16 03:19:00 DEBUG org.hibernate.SQL - select b1_0.id from carwash_booking b1_0 where b1_0.transaction_id=? fetch first ? rows only
2025-12-16 03:19:00 DEBUG org.hibernate.SQL - insert into carwash_booking (address,booking_date,car_index,car_number,car_type,centre_name,created_at,maps_url,payment_status,phone,refund_amount,refund_initiated_at,refund_status,service_centre_id,service_type,status,time_slot,transaction_id) values (?,?,?,?,?,?,?,?,?,?,?,?,?,?,?,?,?,?) returning id
2025-12-16 03:19:00 DEBUG org.hibernate.SQL - insert into carwash_booking (address,booking_date,car_index,car_number,car_type,centre_name,created_at,maps_url,payment_status,phone,refund_amount,refund_initiated_at,refund_status,service_centre_id,service_type,status,time_slot,transaction_id) values (?,?,?,?,?,?,?,?,?,?,?,?,?,?,?,?,?,?) returning id
2025-12-16 03:19:00 INFO  c.c.b.controller.BookingController - Confirm order success. txnId=T123457554454, bookingsSaved=2
2025-12-16 03:19:05 DEBUG org.hibernate.SQL - select b1_0.id,b1_0.address,b1_0.booking_date,b1_0.car_index,b1_0.car_number,b1_0.car_type,b1_0.centre_name,b1_0.created_at,b1_0.maps_url,b1_0.payment_status,b1_0.phone,b1_0.refund_amount,b1_0.refund_initiated_at,b1_0.refund_status,b1_0.service_centre_id,b1_0.service_type,b1_0.status,b1_0.time_slot,b1_0.transaction_id from carwash_booking b1_0 where b1_0.phone=? order by b1_0.created_at desc
2025-12-16 03:19:13 DEBUG org.hibernate.SQL - select b1_0.id,b1_0.address,b1_0.booking_date,b1_0.car_index,b1_0.car_number,b1_0.car_type,b1_0.centre_name,b1_0.created_at,b1_0.maps_url,b1_0.payment_status,b1_0.phone,b1_0.refund_amount,b1_0.refund_initiated_at,b1_0.refund_status,b1_0.service_centre_id,b1_0.service_type,b1_0.status,b1_0.time_slot,b1_0.transaction_id from carwash_booking b1_0 where b1_0.id=?
2025-12-16 03:19:25 DEBUG org.hibernate.SQL - select cq1_0.id,cq1_0.exterior,cq1_0.exterior_teflon,cq1_0.interior,cq1_0.interior_exterior,cq1_0.interior_exterior_teflon,cq1_0.save_exterior_teflon,cq1_0.save_full,cq1_0.teflon,cq1_0.vehicle_type from carwash_quotation cq1_0 order by cq1_0.vehicle_type
2025-12-16 03:21:45 DEBUG org.hibernate.SQL - select b1_0.id,b1_0.address,b1_0.booking_date,b1_0.car_index,b1_0.car_number,b1_0.car_type,b1_0.centre_name,b1_0.created_at,b1_0.maps_url,b1_0.payment_status,b1_0.phone,b1_0.refund_amount,b1_0.refund_initiated_at,b1_0.refund_status,b1_0.service_centre_id,b1_0.service_type,b1_0.status,b1_0.time_slot,b1_0.transaction_id from carwash_booking b1_0 where b1_0.phone=? order by b1_0.created_at desc
2025-12-16 03:21:50 DEBUG org.hibernate.SQL - select distinct sc1_0.area from carwash_service_centre sc1_0 where sc1_0.active=true order by sc1_0.area
2025-12-16 03:22:00 DEBUG org.hibernate.SQL - select cq1_0.id,cq1_0.exterior,cq1_0.exterior_teflon,cq1_0.interior,cq1_0.interior_exterior,cq1_0.interior_exterior_teflon,cq1_0.save_exterior_teflon,cq1_0.save_full,cq1_0.teflon,cq1_0.vehicle_type from carwash_quotation cq1_0 order by cq1_0.vehicle_type
2025-12-16 03:22:25 DEBUG org.hibernate.SQL - select b1_0.id,b1_0.address,b1_0.booking_date,b1_0.car_index,b1_0.car_number,b1_0.car_type,b1_0.centre_name,b1_0.created_at,b1_0.maps_url,b1_0.payment_status,b1_0.phone,b1_0.refund_amount,b1_0.refund_initiated_at,b1_0.refund_status,b1_0.service_centre_id,b1_0.service_type,b1_0.status,b1_0.time_slot,b1_0.transaction_id from carwash_booking b1_0 where b1_0.phone=? order by b1_0.created_at desc
2025-12-16 03:58:51 DEBUG org.hibernate.SQL - select b1_0.id,b1_0.address,b1_0.booking_date,b1_0.car_index,b1_0.car_number,b1_0.car_type,b1_0.centre_name,b1_0.created_at,b1_0.maps_url,b1_0.payment_status,b1_0.phone,b1_0.refund_amount,b1_0.refund_initiated_at,b1_0.refund_status,b1_0.service_centre_id,b1_0.service_type,b1_0.status,b1_0.time_slot,b1_0.transaction_id from carwash_booking b1_0 where b1_0.phone=? order by b1_0.created_at desc
2025-12-16 04:02:29 DEBUG org.hibernate.SQL - select b1_0.id,b1_0.address,b1_0.booking_date,b1_0.car_index,b1_0.car_number,b1_0.car_type,b1_0.centre_name,b1_0.created_at,b1_0.maps_url,b1_0.payment_status,b1_0.phone,b1_0.refund_amount,b1_0.refund_initiated_at,b1_0.refund_status,b1_0.service_centre_id,b1_0.service_type,b1_0.status,b1_0.time_slot,b1_0.transaction_id from carwash_booking b1_0 where b1_0.phone=? order by b1_0.created_at desc
2025-12-16 04:02:49 DEBUG org.hibernate.SQL - select distinct sc1_0.area from carwash_service_centre sc1_0 where sc1_0.active=true order by sc1_0.area
2025-12-16 04:02:56 DEBUG org.hibernate.SQL - select sc1_0.id,sc1_0.active,sc1_0.address,sc1_0.area,sc1_0.created_at,sc1_0.latitude,sc1_0.longitude,sc1_0.maps_url,sc1_0.name,sc1_0.rating,sc1_0.updated_at from carwash_service_centre sc1_0 where sc1_0.active and upper(sc1_0.area) like upper(?) escape '\' or sc1_0.active and upper(sc1_0.address) like upper(?) escape '\'
2025-12-16 04:03:01 DEBUG org.hibernate.SQL - select count(b1_0.id) from carwash_booking b1_0 where b1_0.booking_date=? and b1_0.time_slot=? and upper(b1_0.service_type)=? and b1_0.status<>'CANCELLED' and (? is null or b1_0.service_centre_id=? or b1_0.service_centre_id is null)
2025-12-16 04:03:01 DEBUG org.hibernate.SQL - select count(b1_0.id) from carwash_booking b1_0 where b1_0.booking_date=? and b1_0.time_slot=? and upper(b1_0.service_type)=? and b1_0.status<>'CANCELLED' and (? is null or b1_0.service_centre_id=? or b1_0.service_centre_id is null)
2025-12-16 04:03:01 DEBUG org.hibernate.SQL - select count(b1_0.id) from carwash_booking b1_0 where b1_0.booking_date=? and b1_0.time_slot=? and upper(b1_0.service_type)=? and b1_0.status<>'CANCELLED' and (? is null or b1_0.service_centre_id=? or b1_0.service_centre_id is null)
2025-12-16 04:03:01 DEBUG org.hibernate.SQL - select count(b1_0.id) from carwash_booking b1_0 where b1_0.booking_date=? and b1_0.time_slot=? and upper(b1_0.service_type)=? and b1_0.status<>'CANCELLED' and (? is null or b1_0.service_centre_id=? or b1_0.service_centre_id is null)
2025-12-16 04:03:01 DEBUG org.hibernate.SQL - select count(b1_0.id) from carwash_booking b1_0 where b1_0.booking_date=? and b1_0.time_slot=? and upper(b1_0.service_type)=? and b1_0.status<>'CANCELLED' and (? is null or b1_0.service_centre_id=? or b1_0.service_centre_id is null)
2025-12-16 04:03:01 DEBUG org.hibernate.SQL - select count(b1_0.id) from carwash_booking b1_0 where b1_0.booking_date=? and b1_0.time_slot=? and upper(b1_0.service_type)=? and b1_0.status<>'CANCELLED' and (? is null or b1_0.service_centre_id=? or b1_0.service_centre_id is null)
2025-12-16 04:03:01 DEBUG org.hibernate.SQL - select count(b1_0.id) from carwash_booking b1_0 where b1_0.booking_date=? and b1_0.time_slot=? and upper(b1_0.service_type)=? and b1_0.status<>'CANCELLED' and (? is null or b1_0.service_centre_id=? or b1_0.service_centre_id is null)
2025-12-16 04:03:01 DEBUG org.hibernate.SQL - select count(b1_0.id) from carwash_booking b1_0 where b1_0.booking_date=? and b1_0.time_slot=? and upper(b1_0.service_type)=? and b1_0.status<>'CANCELLED' and (? is null or b1_0.service_centre_id=? or b1_0.service_centre_id is null)
2025-12-16 04:03:01 DEBUG org.hibernate.SQL - select count(b1_0.id) from carwash_booking b1_0 where b1_0.booking_date=? and b1_0.time_slot=? and upper(b1_0.service_type)=? and b1_0.status<>'CANCELLED' and (? is null or b1_0.service_centre_id=? or b1_0.service_centre_id is null)
2025-12-16 04:03:01 DEBUG org.hibernate.SQL - select count(b1_0.id) from carwash_booking b1_0 where b1_0.booking_date=? and b1_0.time_slot=? and upper(b1_0.service_type)=? and b1_0.status<>'CANCELLED' and (? is null or b1_0.service_centre_id=? or b1_0.service_centre_id is null)
2025-12-16 04:03:01 DEBUG org.hibernate.SQL - select count(b1_0.id) from carwash_booking b1_0 where b1_0.booking_date=? and b1_0.time_slot=? and upper(b1_0.service_type)=? and b1_0.status<>'CANCELLED' and (? is null or b1_0.service_centre_id=? or b1_0.service_centre_id is null)
2025-12-16 04:17:05 DEBUG org.hibernate.SQL - select b1_0.id,b1_0.address,b1_0.booking_date,b1_0.car_index,b1_0.car_number,b1_0.car_type,b1_0.centre_name,b1_0.created_at,b1_0.maps_url,b1_0.payment_status,b1_0.phone,b1_0.refund_amount,b1_0.refund_initiated_at,b1_0.refund_status,b1_0.service_centre_id,b1_0.service_type,b1_0.status,b1_0.time_slot,b1_0.transaction_id from carwash_booking b1_0 where b1_0.phone=? order by b1_0.created_at desc
2025-12-16 04:17:09 DEBUG org.hibernate.SQL - select distinct sc1_0.area from carwash_service_centre sc1_0 where sc1_0.active=true order by sc1_0.area
2025-12-16 04:17:19 DEBUG org.hibernate.SQL - select sc1_0.id,sc1_0.active,sc1_0.address,sc1_0.area,sc1_0.created_at,sc1_0.latitude,sc1_0.longitude,sc1_0.maps_url,sc1_0.name,sc1_0.rating,sc1_0.updated_at from carwash_service_centre sc1_0 where sc1_0.active and upper(sc1_0.area) like upper(?) escape '\' or sc1_0.active and upper(sc1_0.address) like upper(?) escape '\'
2025-12-16 04:17:23 DEBUG org.hibernate.SQL - select count(b1_0.id) from carwash_booking b1_0 where b1_0.booking_date=? and b1_0.time_slot=? and upper(b1_0.service_type)=? and b1_0.status<>'CANCELLED' and (? is null or b1_0.service_centre_id=? or b1_0.service_centre_id is null)
2025-12-16 04:17:23 DEBUG org.hibernate.SQL - select count(b1_0.id) from carwash_booking b1_0 where b1_0.booking_date=? and b1_0.time_slot=? and upper(b1_0.service_type)=? and b1_0.status<>'CANCELLED' and (? is null or b1_0.service_centre_id=? or b1_0.service_centre_id is null)
2025-12-16 04:17:23 DEBUG org.hibernate.SQL - select count(b1_0.id) from carwash_booking b1_0 where b1_0.booking_date=? and b1_0.time_slot=? and upper(b1_0.service_type)=? and b1_0.status<>'CANCELLED' and (? is null or b1_0.service_centre_id=? or b1_0.service_centre_id is null)
2025-12-16 04:17:23 DEBUG org.hibernate.SQL - select count(b1_0.id) from carwash_booking b1_0 where b1_0.booking_date=? and b1_0.time_slot=? and upper(b1_0.service_type)=? and b1_0.status<>'CANCELLED' and (? is null or b1_0.service_centre_id=? or b1_0.service_centre_id is null)
2025-12-16 04:17:23 DEBUG org.hibernate.SQL - select count(b1_0.id) from carwash_booking b1_0 where b1_0.booking_date=? and b1_0.time_slot=? and upper(b1_0.service_type)=? and b1_0.status<>'CANCELLED' and (? is null or b1_0.service_centre_id=? or b1_0.service_centre_id is null)
2025-12-16 04:17:23 DEBUG org.hibernate.SQL - select count(b1_0.id) from carwash_booking b1_0 where b1_0.booking_date=? and b1_0.time_slot=? and upper(b1_0.service_type)=? and b1_0.status<>'CANCELLED' and (? is null or b1_0.service_centre_id=? or b1_0.service_centre_id is null)
2025-12-16 04:17:23 DEBUG org.hibernate.SQL - select count(b1_0.id) from carwash_booking b1_0 where b1_0.booking_date=? and b1_0.time_slot=? and upper(b1_0.service_type)=? and b1_0.status<>'CANCELLED' and (? is null or b1_0.service_centre_id=? or b1_0.service_centre_id is null)
2025-12-16 04:17:23 DEBUG org.hibernate.SQL - select count(b1_0.id) from carwash_booking b1_0 where b1_0.booking_date=? and b1_0.time_slot=? and upper(b1_0.service_type)=? and b1_0.status<>'CANCELLED' and (? is null or b1_0.service_centre_id=? or b1_0.service_centre_id is null)
2025-12-16 04:17:23 DEBUG org.hibernate.SQL - select count(b1_0.id) from carwash_booking b1_0 where b1_0.booking_date=? and b1_0.time_slot=? and upper(b1_0.service_type)=? and b1_0.status<>'CANCELLED' and (? is null or b1_0.service_centre_id=? or b1_0.service_centre_id is null)
2025-12-16 04:17:23 DEBUG org.hibernate.SQL - select count(b1_0.id) from carwash_booking b1_0 where b1_0.booking_date=? and b1_0.time_slot=? and upper(b1_0.service_type)=? and b1_0.status<>'CANCELLED' and (? is null or b1_0.service_centre_id=? or b1_0.service_centre_id is null)
2025-12-16 04:17:23 DEBUG org.hibernate.SQL - select count(b1_0.id) from carwash_booking b1_0 where b1_0.booking_date=? and b1_0.time_slot=? and upper(b1_0.service_type)=? and b1_0.status<>'CANCELLED' and (? is null or b1_0.service_centre_id=? or b1_0.service_centre_id is null)
2025-12-16 04:18:04 DEBUG org.hibernate.SQL - select count(b1_0.id) from carwash_booking b1_0 where b1_0.booking_date=? and b1_0.time_slot=? and upper(b1_0.service_type)=? and b1_0.status<>'CANCELLED' and (? is null or b1_0.service_centre_id=? or b1_0.service_centre_id is null)
2025-12-16 04:18:04 DEBUG org.hibernate.SQL - select count(b1_0.id) from carwash_booking b1_0 where b1_0.booking_date=? and b1_0.time_slot=? and upper(b1_0.service_type)=? and b1_0.status<>'CANCELLED' and (? is null or b1_0.service_centre_id=? or b1_0.service_centre_id is null)
2025-12-16 04:18:04 DEBUG org.hibernate.SQL - select count(b1_0.id) from carwash_booking b1_0 where b1_0.booking_date=? and b1_0.time_slot=? and upper(b1_0.service_type)=? and b1_0.status<>'CANCELLED' and (? is null or b1_0.service_centre_id=? or b1_0.service_centre_id is null)
2025-12-16 04:18:04 DEBUG org.hibernate.SQL - select count(b1_0.id) from carwash_booking b1_0 where b1_0.booking_date=? and b1_0.time_slot=? and upper(b1_0.service_type)=? and b1_0.status<>'CANCELLED' and (? is null or b1_0.service_centre_id=? or b1_0.service_centre_id is null)
2025-12-16 04:18:04 DEBUG org.hibernate.SQL - select count(b1_0.id) from carwash_booking b1_0 where b1_0.booking_date=? and b1_0.time_slot=? and upper(b1_0.service_type)=? and b1_0.status<>'CANCELLED' and (? is null or b1_0.service_centre_id=? or b1_0.service_centre_id is null)
2025-12-16 04:18:04 DEBUG org.hibernate.SQL - select count(b1_0.id) from carwash_booking b1_0 where b1_0.booking_date=? and b1_0.time_slot=? and upper(b1_0.service_type)=? and b1_0.status<>'CANCELLED' and (? is null or b1_0.service_centre_id=? or b1_0.service_centre_id is null)
2025-12-16 04:18:04 DEBUG org.hibernate.SQL - select count(b1_0.id) from carwash_booking b1_0 where b1_0.booking_date=? and b1_0.time_slot=? and upper(b1_0.service_type)=? and b1_0.status<>'CANCELLED' and (? is null or b1_0.service_centre_id=? or b1_0.service_centre_id is null)
2025-12-16 04:18:04 DEBUG org.hibernate.SQL - select count(b1_0.id) from carwash_booking b1_0 where b1_0.booking_date=? and b1_0.time_slot=? and upper(b1_0.service_type)=? and b1_0.status<>'CANCELLED' and (? is null or b1_0.service_centre_id=? or b1_0.service_centre_id is null)
2025-12-16 04:18:04 DEBUG org.hibernate.SQL - select count(b1_0.id) from carwash_booking b1_0 where b1_0.booking_date=? and b1_0.time_slot=? and upper(b1_0.service_type)=? and b1_0.status<>'CANCELLED' and (? is null or b1_0.service_centre_id=? or b1_0.service_centre_id is null)
2025-12-16 04:18:04 DEBUG org.hibernate.SQL - select count(b1_0.id) from carwash_booking b1_0 where b1_0.booking_date=? and b1_0.time_slot=? and upper(b1_0.service_type)=? and b1_0.status<>'CANCELLED' and (? is null or b1_0.service_centre_id=? or b1_0.service_centre_id is null)
2025-12-16 04:18:04 DEBUG org.hibernate.SQL - select count(b1_0.id) from carwash_booking b1_0 where b1_0.booking_date=? and b1_0.time_slot=? and upper(b1_0.service_type)=? and b1_0.status<>'CANCELLED' and (? is null or b1_0.service_centre_id=? or b1_0.service_centre_id is null)
2025-12-16 04:28:24 INFO  c.c.b.BookingServiceApplication - Starting BookingServiceApplication using Java 17.0.7 with PID 52528 (D:\Codes\bookingservice\target\classes started by chand in D:\Codes\bookingservice)
2025-12-16 04:28:24 INFO  c.c.b.BookingServiceApplication - No active profile set, falling back to 1 default profile: "default"
2025-12-16 04:28:25 INFO  o.a.coyote.http11.Http11NioProtocol - Initializing ProtocolHandler ["http-nio-8082"]
2025-12-16 04:28:25 INFO  o.a.catalina.core.StandardService - Starting service [Tomcat]
2025-12-16 04:28:25 INFO  o.a.catalina.core.StandardEngine - Starting Servlet engine: [Apache Tomcat/10.1.24]
2025-12-16 04:28:25 INFO  o.a.c.c.C.[Tomcat].[localhost].[/] - Initializing Spring embedded WebApplicationContext
2025-12-16 04:28:26 INFO  o.h.jpa.internal.util.LogHelper - HHH000204: Processing PersistenceUnitInfo [name: default]
2025-12-16 04:28:26 INFO  org.hibernate.Version - HHH000412: Hibernate ORM core version 6.5.2.Final
2025-12-16 04:28:26 INFO  o.h.c.i.RegionFactoryInitiator - HHH000026: Second-level cache disabled
2025-12-16 04:28:26 INFO  com.zaxxer.hikari.HikariDataSource - HikariPool-1 - Starting...
2025-12-16 04:28:27 INFO  com.zaxxer.hikari.pool.HikariPool - HikariPool-1 - Added connection org.postgresql.jdbc.PgConnection@37cf91d8
2025-12-16 04:28:27 INFO  com.zaxxer.hikari.HikariDataSource - HikariPool-1 - Start completed.
2025-12-16 04:28:28 INFO  o.h.e.t.j.p.i.JtaPlatformInitiator - HHH000489: No JTA platform available (set 'hibernate.transaction.jta.platform' to enable JTA platform integration)
2025-12-16 04:28:29 WARN  o.s.b.a.o.j.JpaBaseConfiguration$JpaWebConfiguration - spring.jpa.open-in-view is enabled by default. Therefore, database queries may be performed during view rendering. Explicitly configure spring.jpa.open-in-view to disable this warning
2025-12-16 04:28:30 INFO  o.a.coyote.http11.Http11NioProtocol - Starting ProtocolHandler ["http-nio-8082"]
2025-12-16 04:28:30 INFO  c.c.b.BookingServiceApplication - Started BookingServiceApplication in 6.448 seconds (process running for 13.321)
2025-12-16 04:28:45 INFO  o.a.c.c.C.[Tomcat].[localhost].[/] - Initializing Spring DispatcherServlet 'dispatcherServlet'
2025-12-16 04:28:46 DEBUG org.hibernate.SQL - select count(b1_0.id) from carwash_booking b1_0 where b1_0.phone=?
2025-12-16 04:34:01 DEBUG org.hibernate.SQL - select count(b1_0.id) from carwash_booking b1_0 where b1_0.phone=?
2025-12-16 04:52:34 DEBUG org.hibernate.SQL - select count(b1_0.id) from carwash_booking b1_0 where b1_0.phone=?
2025-12-16 04:52:54 DEBUG org.hibernate.SQL - select count(b1_0.id) from carwash_booking b1_0 where b1_0.phone=?
2025-12-16 04:53:31 DEBUG org.hibernate.SQL - select count(b1_0.id) from carwash_booking b1_0 where b1_0.booking_date=? and b1_0.time_slot=? and upper(b1_0.service_type)=? and b1_0.status<>'CANCELLED' and (? is null or b1_0.service_centre_id=? or b1_0.service_centre_id is null)
2025-12-16 04:53:31 DEBUG org.hibernate.SQL - select count(b1_0.id) from carwash_booking b1_0 where b1_0.booking_date=? and b1_0.time_slot=? and upper(b1_0.service_type)=? and b1_0.status<>'CANCELLED' and (? is null or b1_0.service_centre_id=? or b1_0.service_centre_id is null)
2025-12-16 04:53:31 DEBUG org.hibernate.SQL - select count(b1_0.id) from carwash_booking b1_0 where b1_0.booking_date=? and b1_0.time_slot=? and upper(b1_0.service_type)=? and b1_0.status<>'CANCELLED' and (? is null or b1_0.service_centre_id=? or b1_0.service_centre_id is null)
2025-12-16 04:53:31 DEBUG org.hibernate.SQL - select count(b1_0.id) from carwash_booking b1_0 where b1_0.booking_date=? and b1_0.time_slot=? and upper(b1_0.service_type)=? and b1_0.status<>'CANCELLED' and (? is null or b1_0.service_centre_id=? or b1_0.service_centre_id is null)
2025-12-16 04:53:31 DEBUG org.hibernate.SQL - select count(b1_0.id) from carwash_booking b1_0 where b1_0.booking_date=? and b1_0.time_slot=? and upper(b1_0.service_type)=? and b1_0.status<>'CANCELLED' and (? is null or b1_0.service_centre_id=? or b1_0.service_centre_id is null)
2025-12-16 04:53:31 DEBUG org.hibernate.SQL - select count(b1_0.id) from carwash_booking b1_0 where b1_0.booking_date=? and b1_0.time_slot=? and upper(b1_0.service_type)=? and b1_0.status<>'CANCELLED' and (? is null or b1_0.service_centre_id=? or b1_0.service_centre_id is null)
2025-12-16 04:53:31 DEBUG org.hibernate.SQL - select count(b1_0.id) from carwash_booking b1_0 where b1_0.booking_date=? and b1_0.time_slot=? and upper(b1_0.service_type)=? and b1_0.status<>'CANCELLED' and (? is null or b1_0.service_centre_id=? or b1_0.service_centre_id is null)
2025-12-16 04:53:31 DEBUG org.hibernate.SQL - select count(b1_0.id) from carwash_booking b1_0 where b1_0.booking_date=? and b1_0.time_slot=? and upper(b1_0.service_type)=? and b1_0.status<>'CANCELLED' and (? is null or b1_0.service_centre_id=? or b1_0.service_centre_id is null)
2025-12-16 04:53:31 DEBUG org.hibernate.SQL - select count(b1_0.id) from carwash_booking b1_0 where b1_0.booking_date=? and b1_0.time_slot=? and upper(b1_0.service_type)=? and b1_0.status<>'CANCELLED' and (? is null or b1_0.service_centre_id=? or b1_0.service_centre_id is null)
2025-12-16 04:53:31 DEBUG org.hibernate.SQL - select count(b1_0.id) from carwash_booking b1_0 where b1_0.booking_date=? and b1_0.time_slot=? and upper(b1_0.service_type)=? and b1_0.status<>'CANCELLED' and (? is null or b1_0.service_centre_id=? or b1_0.service_centre_id is null)
2025-12-16 04:53:31 DEBUG org.hibernate.SQL - select count(b1_0.id) from carwash_booking b1_0 where b1_0.booking_date=? and b1_0.time_slot=? and upper(b1_0.service_type)=? and b1_0.status<>'CANCELLED' and (? is null or b1_0.service_centre_id=? or b1_0.service_centre_id is null)
2025-12-16 04:53:40 DEBUG org.hibernate.SQL - select count(b1_0.id) from carwash_booking b1_0 where b1_0.phone=?
2025-12-16 04:55:15 DEBUG org.hibernate.SQL - select count(b1_0.id) from carwash_booking b1_0 where b1_0.phone=?
2025-12-16 05:30:52 DEBUG org.hibernate.SQL - select distinct sc1_0.area from carwash_service_centre sc1_0 where sc1_0.active=true order by sc1_0.area
2025-12-16 05:30:59 DEBUG org.hibernate.SQL - select sc1_0.id,sc1_0.active,sc1_0.address,sc1_0.area,sc1_0.created_at,sc1_0.latitude,sc1_0.longitude,sc1_0.maps_url,sc1_0.name,sc1_0.rating,sc1_0.updated_at from carwash_service_centre sc1_0 where sc1_0.active and upper(sc1_0.area) like upper(?) escape '\' or sc1_0.active and upper(sc1_0.address) like upper(?) escape '\'
2025-12-16 05:31:02 DEBUG org.hibernate.SQL - select count(b1_0.id) from carwash_booking b1_0 where b1_0.booking_date=? and b1_0.time_slot=? and upper(b1_0.service_type)=? and b1_0.status<>'CANCELLED' and (? is null or b1_0.service_centre_id=? or b1_0.service_centre_id is null)
2025-12-16 05:31:02 DEBUG org.hibernate.SQL - select count(b1_0.id) from carwash_booking b1_0 where b1_0.booking_date=? and b1_0.time_slot=? and upper(b1_0.service_type)=? and b1_0.status<>'CANCELLED' and (? is null or b1_0.service_centre_id=? or b1_0.service_centre_id is null)
2025-12-16 05:31:02 DEBUG org.hibernate.SQL - select count(b1_0.id) from carwash_booking b1_0 where b1_0.booking_date=? and b1_0.time_slot=? and upper(b1_0.service_type)=? and b1_0.status<>'CANCELLED' and (? is null or b1_0.service_centre_id=? or b1_0.service_centre_id is null)
2025-12-16 05:31:02 DEBUG org.hibernate.SQL - select count(b1_0.id) from carwash_booking b1_0 where b1_0.booking_date=? and b1_0.time_slot=? and upper(b1_0.service_type)=? and b1_0.status<>'CANCELLED' and (? is null or b1_0.service_centre_id=? or b1_0.service_centre_id is null)
2025-12-16 05:31:02 DEBUG org.hibernate.SQL - select count(b1_0.id) from carwash_booking b1_0 where b1_0.booking_date=? and b1_0.time_slot=? and upper(b1_0.service_type)=? and b1_0.status<>'CANCELLED' and (? is null or b1_0.service_centre_id=? or b1_0.service_centre_id is null)
2025-12-16 05:31:02 DEBUG org.hibernate.SQL - select count(b1_0.id) from carwash_booking b1_0 where b1_0.booking_date=? and b1_0.time_slot=? and upper(b1_0.service_type)=? and b1_0.status<>'CANCELLED' and (? is null or b1_0.service_centre_id=? or b1_0.service_centre_id is null)
2025-12-16 05:31:02 DEBUG org.hibernate.SQL - select count(b1_0.id) from carwash_booking b1_0 where b1_0.booking_date=? and b1_0.time_slot=? and upper(b1_0.service_type)=? and b1_0.status<>'CANCELLED' and (? is null or b1_0.service_centre_id=? or b1_0.service_centre_id is null)
2025-12-16 05:31:02 DEBUG org.hibernate.SQL - select count(b1_0.id) from carwash_booking b1_0 where b1_0.booking_date=? and b1_0.time_slot=? and upper(b1_0.service_type)=? and b1_0.status<>'CANCELLED' and (? is null or b1_0.service_centre_id=? or b1_0.service_centre_id is null)
2025-12-16 05:31:02 DEBUG org.hibernate.SQL - select count(b1_0.id) from carwash_booking b1_0 where b1_0.booking_date=? and b1_0.time_slot=? and upper(b1_0.service_type)=? and b1_0.status<>'CANCELLED' and (? is null or b1_0.service_centre_id=? or b1_0.service_centre_id is null)
2025-12-16 05:31:02 DEBUG org.hibernate.SQL - select count(b1_0.id) from carwash_booking b1_0 where b1_0.booking_date=? and b1_0.time_slot=? and upper(b1_0.service_type)=? and b1_0.status<>'CANCELLED' and (? is null or b1_0.service_centre_id=? or b1_0.service_centre_id is null)
2025-12-16 05:31:02 DEBUG org.hibernate.SQL - select count(b1_0.id) from carwash_booking b1_0 where b1_0.booking_date=? and b1_0.time_slot=? and upper(b1_0.service_type)=? and b1_0.status<>'CANCELLED' and (? is null or b1_0.service_centre_id=? or b1_0.service_centre_id is null)
2025-12-16 05:31:21 DEBUG org.hibernate.SQL - select count(b1_0.id) from carwash_booking b1_0 where b1_0.booking_date=? and b1_0.time_slot=? and upper(b1_0.service_type)=? and b1_0.status<>'CANCELLED' and (? is null or b1_0.service_centre_id=? or b1_0.service_centre_id is null)
2025-12-16 05:31:21 DEBUG org.hibernate.SQL - select count(b1_0.id) from carwash_booking b1_0 where b1_0.booking_date=? and b1_0.time_slot=? and upper(b1_0.service_type)=? and b1_0.status<>'CANCELLED' and (? is null or b1_0.service_centre_id=? or b1_0.service_centre_id is null)
2025-12-16 05:31:21 DEBUG org.hibernate.SQL - select count(b1_0.id) from carwash_booking b1_0 where b1_0.booking_date=? and b1_0.time_slot=? and upper(b1_0.service_type)=? and b1_0.status<>'CANCELLED' and (? is null or b1_0.service_centre_id=? or b1_0.service_centre_id is null)
2025-12-16 05:31:21 DEBUG org.hibernate.SQL - select count(b1_0.id) from carwash_booking b1_0 where b1_0.booking_date=? and b1_0.time_slot=? and upper(b1_0.service_type)=? and b1_0.status<>'CANCELLED' and (? is null or b1_0.service_centre_id=? or b1_0.service_centre_id is null)
2025-12-16 05:31:21 DEBUG org.hibernate.SQL - select count(b1_0.id) from carwash_booking b1_0 where b1_0.booking_date=? and b1_0.time_slot=? and upper(b1_0.service_type)=? and b1_0.status<>'CANCELLED' and (? is null or b1_0.service_centre_id=? or b1_0.service_centre_id is null)
2025-12-16 05:31:21 DEBUG org.hibernate.SQL - select count(b1_0.id) from carwash_booking b1_0 where b1_0.booking_date=? and b1_0.time_slot=? and upper(b1_0.service_type)=? and b1_0.status<>'CANCELLED' and (? is null or b1_0.service_centre_id=? or b1_0.service_centre_id is null)
2025-12-16 05:31:21 DEBUG org.hibernate.SQL - select count(b1_0.id) from carwash_booking b1_0 where b1_0.booking_date=? and b1_0.time_slot=? and upper(b1_0.service_type)=? and b1_0.status<>'CANCELLED' and (? is null or b1_0.service_centre_id=? or b1_0.service_centre_id is null)
2025-12-16 05:31:21 DEBUG org.hibernate.SQL - select count(b1_0.id) from carwash_booking b1_0 where b1_0.booking_date=? and b1_0.time_slot=? and upper(b1_0.service_type)=? and b1_0.status<>'CANCELLED' and (? is null or b1_0.service_centre_id=? or b1_0.service_centre_id is null)
2025-12-16 05:31:21 DEBUG org.hibernate.SQL - select count(b1_0.id) from carwash_booking b1_0 where b1_0.booking_date=? and b1_0.time_slot=? and upper(b1_0.service_type)=? and b1_0.status<>'CANCELLED' and (? is null or b1_0.service_centre_id=? or b1_0.service_centre_id is null)
2025-12-16 05:31:21 DEBUG org.hibernate.SQL - select count(b1_0.id) from carwash_booking b1_0 where b1_0.booking_date=? and b1_0.time_slot=? and upper(b1_0.service_type)=? and b1_0.status<>'CANCELLED' and (? is null or b1_0.service_centre_id=? or b1_0.service_centre_id is null)
2025-12-16 05:31:21 DEBUG org.hibernate.SQL - select count(b1_0.id) from carwash_booking b1_0 where b1_0.booking_date=? and b1_0.time_slot=? and upper(b1_0.service_type)=? and b1_0.status<>'CANCELLED' and (? is null or b1_0.service_centre_id=? or b1_0.service_centre_id is null)
2025-12-16 05:31:37 DEBUG org.hibernate.SQL - select count(b1_0.id) from carwash_booking b1_0 where b1_0.phone=?
2025-12-16 05:31:40 DEBUG org.hibernate.SQL - select count(b1_0.id) from carwash_booking b1_0 where b1_0.phone=?
2025-12-16 05:32:12 DEBUG org.hibernate.SQL - select distinct sc1_0.area from carwash_service_centre sc1_0 where sc1_0.active=true order by sc1_0.area
2025-12-16 05:32:19 DEBUG org.hibernate.SQL - select sc1_0.id,sc1_0.active,sc1_0.address,sc1_0.area,sc1_0.created_at,sc1_0.latitude,sc1_0.longitude,sc1_0.maps_url,sc1_0.name,sc1_0.rating,sc1_0.updated_at from carwash_service_centre sc1_0 where sc1_0.active and upper(sc1_0.area) like upper(?) escape '\' or sc1_0.active and upper(sc1_0.address) like upper(?) escape '\'
2025-12-16 05:32:22 DEBUG org.hibernate.SQL - select count(b1_0.id) from carwash_booking b1_0 where b1_0.booking_date=? and b1_0.time_slot=? and upper(b1_0.service_type)=? and b1_0.status<>'CANCELLED' and (? is null or b1_0.service_centre_id=? or b1_0.service_centre_id is null)
2025-12-16 05:32:22 DEBUG org.hibernate.SQL - select count(b1_0.id) from carwash_booking b1_0 where b1_0.booking_date=? and b1_0.time_slot=? and upper(b1_0.service_type)=? and b1_0.status<>'CANCELLED' and (? is null or b1_0.service_centre_id=? or b1_0.service_centre_id is null)
2025-12-16 05:32:22 DEBUG org.hibernate.SQL - select count(b1_0.id) from carwash_booking b1_0 where b1_0.booking_date=? and b1_0.time_slot=? and upper(b1_0.service_type)=? and b1_0.status<>'CANCELLED' and (? is null or b1_0.service_centre_id=? or b1_0.service_centre_id is null)
2025-12-16 05:32:22 DEBUG org.hibernate.SQL - select count(b1_0.id) from carwash_booking b1_0 where b1_0.booking_date=? and b1_0.time_slot=? and upper(b1_0.service_type)=? and b1_0.status<>'CANCELLED' and (? is null or b1_0.service_centre_id=? or b1_0.service_centre_id is null)
2025-12-16 05:32:22 DEBUG org.hibernate.SQL - select count(b1_0.id) from carwash_booking b1_0 where b1_0.booking_date=? and b1_0.time_slot=? and upper(b1_0.service_type)=? and b1_0.status<>'CANCELLED' and (? is null or b1_0.service_centre_id=? or b1_0.service_centre_id is null)
2025-12-16 05:32:22 DEBUG org.hibernate.SQL - select count(b1_0.id) from carwash_booking b1_0 where b1_0.booking_date=? and b1_0.time_slot=? and upper(b1_0.service_type)=? and b1_0.status<>'CANCELLED' and (? is null or b1_0.service_centre_id=? or b1_0.service_centre_id is null)
2025-12-16 05:32:22 DEBUG org.hibernate.SQL - select count(b1_0.id) from carwash_booking b1_0 where b1_0.booking_date=? and b1_0.time_slot=? and upper(b1_0.service_type)=? and b1_0.status<>'CANCELLED' and (? is null or b1_0.service_centre_id=? or b1_0.service_centre_id is null)
2025-12-16 05:32:22 DEBUG org.hibernate.SQL - select count(b1_0.id) from carwash_booking b1_0 where b1_0.booking_date=? and b1_0.time_slot=? and upper(b1_0.service_type)=? and b1_0.status<>'CANCELLED' and (? is null or b1_0.service_centre_id=? or b1_0.service_centre_id is null)
2025-12-16 05:32:22 DEBUG org.hibernate.SQL - select count(b1_0.id) from carwash_booking b1_0 where b1_0.booking_date=? and b1_0.time_slot=? and upper(b1_0.service_type)=? and b1_0.status<>'CANCELLED' and (? is null or b1_0.service_centre_id=? or b1_0.service_centre_id is null)
2025-12-16 05:32:22 DEBUG org.hibernate.SQL - select count(b1_0.id) from carwash_booking b1_0 where b1_0.booking_date=? and b1_0.time_slot=? and upper(b1_0.service_type)=? and b1_0.status<>'CANCELLED' and (? is null or b1_0.service_centre_id=? or b1_0.service_centre_id is null)
2025-12-16 05:32:22 DEBUG org.hibernate.SQL - select count(b1_0.id) from carwash_booking b1_0 where b1_0.booking_date=? and b1_0.time_slot=? and upper(b1_0.service_type)=? and b1_0.status<>'CANCELLED' and (? is null or b1_0.service_centre_id=? or b1_0.service_centre_id is null)
2025-12-16 05:36:13 DEBUG org.hibernate.SQL - select count(b1_0.id) from carwash_booking b1_0 where b1_0.phone=?
2025-12-16 05:39:38 DEBUG org.hibernate.SQL - select count(b1_0.id) from carwash_booking b1_0 where b1_0.phone=?
2025-12-16 05:40:56 DEBUG org.hibernate.SQL - select distinct sc1_0.area from carwash_service_centre sc1_0 where sc1_0.active=true order by sc1_0.area
2025-12-16 05:41:03 DEBUG org.hibernate.SQL - select count(b1_0.id) from carwash_booking b1_0 where b1_0.phone=?
2025-12-16 05:41:10 DEBUG org.hibernate.SQL - select distinct sc1_0.area from carwash_service_centre sc1_0 where sc1_0.active=true order by sc1_0.area
2025-12-16 05:41:17 DEBUG org.hibernate.SQL - select sc1_0.id,sc1_0.active,sc1_0.address,sc1_0.area,sc1_0.created_at,sc1_0.latitude,sc1_0.longitude,sc1_0.maps_url,sc1_0.name,sc1_0.rating,sc1_0.updated_at from carwash_service_centre sc1_0 where sc1_0.active and upper(sc1_0.area) like upper(?) escape '\' or sc1_0.active and upper(sc1_0.address) like upper(?) escape '\'
2025-12-16 05:41:21 DEBUG org.hibernate.SQL - select count(b1_0.id) from carwash_booking b1_0 where b1_0.booking_date=? and b1_0.time_slot=? and upper(b1_0.service_type)=? and b1_0.status<>'CANCELLED' and (? is null or b1_0.service_centre_id=? or b1_0.service_centre_id is null)
2025-12-16 05:41:21 DEBUG org.hibernate.SQL - select count(b1_0.id) from carwash_booking b1_0 where b1_0.booking_date=? and b1_0.time_slot=? and upper(b1_0.service_type)=? and b1_0.status<>'CANCELLED' and (? is null or b1_0.service_centre_id=? or b1_0.service_centre_id is null)
2025-12-16 05:41:21 DEBUG org.hibernate.SQL - select count(b1_0.id) from carwash_booking b1_0 where b1_0.booking_date=? and b1_0.time_slot=? and upper(b1_0.service_type)=? and b1_0.status<>'CANCELLED' and (? is null or b1_0.service_centre_id=? or b1_0.service_centre_id is null)
2025-12-16 05:41:21 DEBUG org.hibernate.SQL - select count(b1_0.id) from carwash_booking b1_0 where b1_0.booking_date=? and b1_0.time_slot=? and upper(b1_0.service_type)=? and b1_0.status<>'CANCELLED' and (? is null or b1_0.service_centre_id=? or b1_0.service_centre_id is null)
2025-12-16 05:41:21 DEBUG org.hibernate.SQL - select count(b1_0.id) from carwash_booking b1_0 where b1_0.booking_date=? and b1_0.time_slot=? and upper(b1_0.service_type)=? and b1_0.status<>'CANCELLED' and (? is null or b1_0.service_centre_id=? or b1_0.service_centre_id is null)
2025-12-16 05:41:21 DEBUG org.hibernate.SQL - select count(b1_0.id) from carwash_booking b1_0 where b1_0.booking_date=? and b1_0.time_slot=? and upper(b1_0.service_type)=? and b1_0.status<>'CANCELLED' and (? is null or b1_0.service_centre_id=? or b1_0.service_centre_id is null)
2025-12-16 05:41:21 DEBUG org.hibernate.SQL - select count(b1_0.id) from carwash_booking b1_0 where b1_0.booking_date=? and b1_0.time_slot=? and upper(b1_0.service_type)=? and b1_0.status<>'CANCELLED' and (? is null or b1_0.service_centre_id=? or b1_0.service_centre_id is null)
2025-12-16 05:41:21 DEBUG org.hibernate.SQL - select count(b1_0.id) from carwash_booking b1_0 where b1_0.booking_date=? and b1_0.time_slot=? and upper(b1_0.service_type)=? and b1_0.status<>'CANCELLED' and (? is null or b1_0.service_centre_id=? or b1_0.service_centre_id is null)
2025-12-16 05:41:21 DEBUG org.hibernate.SQL - select count(b1_0.id) from carwash_booking b1_0 where b1_0.booking_date=? and b1_0.time_slot=? and upper(b1_0.service_type)=? and b1_0.status<>'CANCELLED' and (? is null or b1_0.service_centre_id=? or b1_0.service_centre_id is null)
2025-12-16 05:41:21 DEBUG org.hibernate.SQL - select count(b1_0.id) from carwash_booking b1_0 where b1_0.booking_date=? and b1_0.time_slot=? and upper(b1_0.service_type)=? and b1_0.status<>'CANCELLED' and (? is null or b1_0.service_centre_id=? or b1_0.service_centre_id is null)
2025-12-16 05:41:21 DEBUG org.hibernate.SQL - select count(b1_0.id) from carwash_booking b1_0 where b1_0.booking_date=? and b1_0.time_slot=? and upper(b1_0.service_type)=? and b1_0.status<>'CANCELLED' and (? is null or b1_0.service_centre_id=? or b1_0.service_centre_id is null)
2025-12-16 05:41:23 DEBUG org.hibernate.SQL - select count(b1_0.id) from carwash_booking b1_0 where b1_0.phone=?
2025-12-16 05:45:19 DEBUG org.hibernate.SQL - select count(b1_0.id) from carwash_booking b1_0 where b1_0.phone=?
2025-12-16 06:29:02 DEBUG org.hibernate.SQL - select distinct sc1_0.area from carwash_service_centre sc1_0 where sc1_0.active=true order by sc1_0.area
2025-12-16 07:38:16 INFO  c.c.b.BookingServiceApplication - Starting BookingServiceApplication using Java 17.0.7 with PID 23232 (D:\Codes\bookingservice\target\classes started by chand in D:\Codes\bookingservice)
2025-12-16 07:38:16 INFO  c.c.b.BookingServiceApplication - No active profile set, falling back to 1 default profile: "default"
2025-12-16 07:38:17 INFO  o.a.coyote.http11.Http11NioProtocol - Initializing ProtocolHandler ["http-nio-8082"]
2025-12-16 07:38:17 INFO  o.a.catalina.core.StandardService - Starting service [Tomcat]
2025-12-16 07:38:17 INFO  o.a.catalina.core.StandardEngine - Starting Servlet engine: [Apache Tomcat/10.1.24]
2025-12-16 07:38:17 INFO  o.a.c.c.C.[Tomcat].[localhost].[/] - Initializing Spring embedded WebApplicationContext
2025-12-16 07:38:17 INFO  o.h.jpa.internal.util.LogHelper - HHH000204: Processing PersistenceUnitInfo [name: default]
2025-12-16 07:38:18 INFO  org.hibernate.Version - HHH000412: Hibernate ORM core version 6.5.2.Final
2025-12-16 07:38:18 INFO  o.h.c.i.RegionFactoryInitiator - HHH000026: Second-level cache disabled
2025-12-16 07:38:18 INFO  com.zaxxer.hikari.HikariDataSource - HikariPool-1 - Starting...
2025-12-16 07:38:18 WARN  o.h.e.j.e.i.JdbcEnvironmentInitiator - HHH000342: Could not obtain connection to query metadata
java.lang.RuntimeException: Driver org.postgresql.Driver claims to not accept jdbcUrl, ${DB_URL}
	at com.zaxxer.hikari.util.DriverDataSource.<init>(DriverDataSource.java:109)
	at com.zaxxer.hikari.pool.PoolBase.initializeDataSource(PoolBase.java:327)
	at com.zaxxer.hikari.pool.PoolBase.<init>(PoolBase.java:113)
	at com.zaxxer.hikari.pool.HikariPool.<init>(HikariPool.java:91)
	at com.zaxxer.hikari.HikariDataSource.getConnection(HikariDataSource.java:111)
	at org.hibernate.engine.jdbc.connections.internal.DatasourceConnectionProviderImpl.getConnection(DatasourceConnectionProviderImpl.java:122)
	at org.hibernate.engine.jdbc.env.internal.JdbcEnvironmentInitiator$ConnectionProviderJdbcConnectionAccess.obtainConnection(JdbcEnvironmentInitiator.java:437)
	at org.hibernate.resource.transaction.backend.jdbc.internal.JdbcIsolationDelegate.delegateWork(JdbcIsolationDelegate.java:61)
	at org.hibernate.engine.jdbc.env.internal.JdbcEnvironmentInitiator.getJdbcEnvironmentUsingJdbcMetadata(JdbcEnvironmentInitiator.java:290)
	at org.hibernate.engine.jdbc.env.internal.JdbcEnvironmentInitiator.initiateService(JdbcEnvironmentInitiator.java:123)
	at org.hibernate.engine.jdbc.env.internal.JdbcEnvironmentInitiator.initiateService(JdbcEnvironmentInitiator.java:77)
	at org.hibernate.boot.registry.internal.StandardServiceRegistryImpl.initiateService(StandardServiceRegistryImpl.java:130)
	at org.hibernate.service.internal.AbstractServiceRegistryImpl.createService(AbstractServiceRegistryImpl.java:263)
	at org.hibernate.service.internal.AbstractServiceRegistryImpl.initializeService(AbstractServiceRegistryImpl.java:238)
	at org.hibernate.service.internal.AbstractServiceRegistryImpl.getService(AbstractServiceRegistryImpl.java:215)
	at org.hibernate.boot.model.relational.Database.<init>(Database.java:45)
	at org.hibernate.boot.internal.InFlightMetadataCollectorImpl.getDatabase(InFlightMetadataCollectorImpl.java:221)
	at org.hibernate.boot.internal.InFlightMetadataCollectorImpl.<init>(InFlightMetadataCollectorImpl.java:189)
	at org.hibernate.boot.model.process.spi.MetadataBuildingProcess.complete(MetadataBuildingProcess.java:171)
	at org.hibernate.jpa.boot.internal.EntityManagerFactoryBuilderImpl.metadata(EntityManagerFactoryBuilderImpl.java:1431)
	at org.hibernate.jpa.boot.internal.EntityManagerFactoryBuilderImpl.build(EntityManagerFactoryBuilderImpl.java:1502)
	at org.springframework.orm.jpa.vendor.SpringHibernateJpaPersistenceProvider.createContainerEntityManagerFactory(SpringHibernateJpaPersistenceProvider.java:75)
	at org.springframework.orm.jpa.LocalContainerEntityManagerFactoryBean.createNativeEntityManagerFactory(LocalContainerEntityManagerFactoryBean.java:390)
	at org.springframework.orm.jpa.AbstractEntityManagerFactoryBean.buildNativeEntityManagerFactory(AbstractEntityManagerFactoryBean.java:409)
	at org.springframework.orm.jpa.AbstractEntityManagerFactoryBean.afterPropertiesSet(AbstractEntityManagerFactoryBean.java:396)
	at org.springframework.orm.jpa.LocalContainerEntityManagerFactoryBean.afterPropertiesSet(LocalContainerEntityManagerFactoryBean.java:366)
	at org.springframework.beans.factory.support.AbstractAutowireCapableBeanFactory.invokeInitMethods(AbstractAutowireCapableBeanFactory.java:1835)
	at org.springframework.beans.factory.support.AbstractAutowireCapableBeanFactory.initializeBean(AbstractAutowireCapableBeanFactory.java:1784)
	at org.springframework.beans.factory.support.AbstractAutowireCapableBeanFactory.doCreateBean(AbstractAutowireCapableBeanFactory.java:600)
	at org.springframework.beans.factory.support.AbstractAutowireCapableBeanFactory.createBean(AbstractAutowireCapableBeanFactory.java:522)
	at org.springframework.beans.factory.support.AbstractBeanFactory.lambda$doGetBean$0(AbstractBeanFactory.java:337)
	at org.springframework.beans.factory.support.DefaultSingletonBeanRegistry.getSingleton(DefaultSingletonBeanRegistry.java:234)
	at org.springframework.beans.factory.support.AbstractBeanFactory.doGetBean(AbstractBeanFactory.java:335)
	at org.springframework.beans.factory.support.AbstractBeanFactory.getBean(AbstractBeanFactory.java:205)
	at org.springframework.context.support.AbstractApplicationContext.finishBeanFactoryInitialization(AbstractApplicationContext.java:952)
	at org.springframework.context.support.AbstractApplicationContext.refresh(AbstractApplicationContext.java:624)
	at org.springframework.boot.web.servlet.context.ServletWebServerApplicationContext.refresh(ServletWebServerApplicationContext.java:146)
	at org.springframework.boot.SpringApplication.refresh(SpringApplication.java:754)
	at org.springframework.boot.SpringApplication.refreshContext(SpringApplication.java:456)
	at org.springframework.boot.SpringApplication.run(SpringApplication.java:335)
	at org.springframework.boot.SpringApplication.run(SpringApplication.java:1363)
	at org.springframework.boot.SpringApplication.run(SpringApplication.java:1352)
	at com.carwash.bookingservice.BookingServiceApplication.main(BookingServiceApplication.java:10)
2025-12-16 07:38:18 ERROR o.s.o.j.LocalContainerEntityManagerFactoryBean - Failed to initialize JPA EntityManagerFactory: Unable to create requested service [org.hibernate.engine.jdbc.env.spi.JdbcEnvironment] due to: Unable to determine Dialect without JDBC metadata (please set 'jakarta.persistence.jdbc.url' for common cases or 'hibernate.dialect' when a custom Dialect implementation must be provided)
2025-12-16 07:38:18 WARN  o.s.b.w.s.c.AnnotationConfigServletWebServerApplicationContext - Exception encountered during context initialization - cancelling refresh attempt: org.springframework.beans.factory.BeanCreationException: Error creating bean with name 'entityManagerFactory' defined in class path resource [org/springframework/boot/autoconfigure/orm/jpa/HibernateJpaConfiguration.class]: Unable to create requested service [org.hibernate.engine.jdbc.env.spi.JdbcEnvironment] due to: Unable to determine Dialect without JDBC metadata (please set 'jakarta.persistence.jdbc.url' for common cases or 'hibernate.dialect' when a custom Dialect implementation must be provided)
2025-12-16 07:38:18 INFO  o.a.catalina.core.StandardService - Stopping service [Tomcat]
2025-12-16 07:38:18 ERROR o.s.boot.SpringApplication - Application run failed
org.springframework.beans.factory.BeanCreationException: Error creating bean with name 'entityManagerFactory' defined in class path resource [org/springframework/boot/autoconfigure/orm/jpa/HibernateJpaConfiguration.class]: Unable to create requested service [org.hibernate.engine.jdbc.env.spi.JdbcEnvironment] due to: Unable to determine Dialect without JDBC metadata (please set 'jakarta.persistence.jdbc.url' for common cases or 'hibernate.dialect' when a custom Dialect implementation must be provided)
	at org.springframework.beans.factory.support.AbstractAutowireCapableBeanFactory.initializeBean(AbstractAutowireCapableBeanFactory.java:1788)
	at org.springframework.beans.factory.support.AbstractAutowireCapableBeanFactory.doCreateBean(AbstractAutowireCapableBeanFactory.java:600)
	at org.springframework.beans.factory.support.AbstractAutowireCapableBeanFactory.createBean(AbstractAutowireCapableBeanFactory.java:522)
	at org.springframework.beans.factory.support.AbstractBeanFactory.lambda$doGetBean$0(AbstractBeanFactory.java:337)
	at org.springframework.beans.factory.support.DefaultSingletonBeanRegistry.getSingleton(DefaultSingletonBeanRegistry.java:234)
	at org.springframework.beans.factory.support.AbstractBeanFactory.doGetBean(AbstractBeanFactory.java:335)
	at org.springframework.beans.factory.support.AbstractBeanFactory.getBean(AbstractBeanFactory.java:205)
	at org.springframework.context.support.AbstractApplicationContext.finishBeanFactoryInitialization(AbstractApplicationContext.java:952)
	at org.springframework.context.support.AbstractApplicationContext.refresh(AbstractApplicationContext.java:624)
	at org.springframework.boot.web.servlet.context.ServletWebServerApplicationContext.refresh(ServletWebServerApplicationContext.java:146)
	at org.springframework.boot.SpringApplication.refresh(SpringApplication.java:754)
	at org.springframework.boot.SpringApplication.refreshContext(SpringApplication.java:456)
	at org.springframework.boot.SpringApplication.run(SpringApplication.java:335)
	at org.springframework.boot.SpringApplication.run(SpringApplication.java:1363)
	at org.springframework.boot.SpringApplication.run(SpringApplication.java:1352)
	at com.carwash.bookingservice.BookingServiceApplication.main(BookingServiceApplication.java:10)
Caused by: org.hibernate.service.spi.ServiceException: Unable to create requested service [org.hibernate.engine.jdbc.env.spi.JdbcEnvironment] due to: Unable to determine Dialect without JDBC metadata (please set 'jakarta.persistence.jdbc.url' for common cases or 'hibernate.dialect' when a custom Dialect implementation must be provided)
	at org.hibernate.service.internal.AbstractServiceRegistryImpl.createService(AbstractServiceRegistryImpl.java:276)
	at org.hibernate.service.internal.AbstractServiceRegistryImpl.initializeService(AbstractServiceRegistryImpl.java:238)
	at org.hibernate.service.internal.AbstractServiceRegistryImpl.getService(AbstractServiceRegistryImpl.java:215)
	at org.hibernate.boot.model.relational.Database.<init>(Database.java:45)
	at org.hibernate.boot.internal.InFlightMetadataCollectorImpl.getDatabase(InFlightMetadataCollectorImpl.java:221)
	at org.hibernate.boot.internal.InFlightMetadataCollectorImpl.<init>(InFlightMetadataCollectorImpl.java:189)
	at org.hibernate.boot.model.process.spi.MetadataBuildingProcess.complete(MetadataBuildingProcess.java:171)
	at org.hibernate.jpa.boot.internal.EntityManagerFactoryBuilderImpl.metadata(EntityManagerFactoryBuilderImpl.java:1431)
	at org.hibernate.jpa.boot.internal.EntityManagerFactoryBuilderImpl.build(EntityManagerFactoryBuilderImpl.java:1502)
	at org.springframework.orm.jpa.vendor.SpringHibernateJpaPersistenceProvider.createContainerEntityManagerFactory(SpringHibernateJpaPersistenceProvider.java:75)
	at org.springframework.orm.jpa.LocalContainerEntityManagerFactoryBean.createNativeEntityManagerFactory(LocalContainerEntityManagerFactoryBean.java:390)
	at org.springframework.orm.jpa.AbstractEntityManagerFactoryBean.buildNativeEntityManagerFactory(AbstractEntityManagerFactoryBean.java:409)
	at org.springframework.orm.jpa.AbstractEntityManagerFactoryBean.afterPropertiesSet(AbstractEntityManagerFactoryBean.java:396)
	at org.springframework.orm.jpa.LocalContainerEntityManagerFactoryBean.afterPropertiesSet(LocalContainerEntityManagerFactoryBean.java:366)
	at org.springframework.beans.factory.support.AbstractAutowireCapableBeanFactory.invokeInitMethods(AbstractAutowireCapableBeanFactory.java:1835)
	at org.springframework.beans.factory.support.AbstractAutowireCapableBeanFactory.initializeBean(AbstractAutowireCapableBeanFactory.java:1784)
	... 15 common frames omitted
Caused by: org.hibernate.HibernateException: Unable to determine Dialect without JDBC metadata (please set 'jakarta.persistence.jdbc.url' for common cases or 'hibernate.dialect' when a custom Dialect implementation must be provided)
	at org.hibernate.engine.jdbc.dialect.internal.DialectFactoryImpl.determineDialect(DialectFactoryImpl.java:191)
	at org.hibernate.engine.jdbc.dialect.internal.DialectFactoryImpl.buildDialect(DialectFactoryImpl.java:87)
	at org.hibernate.engine.jdbc.env.internal.JdbcEnvironmentInitiator.getJdbcEnvironmentWithDefaults(JdbcEnvironmentInitiator.java:152)
	at org.hibernate.engine.jdbc.env.internal.JdbcEnvironmentInitiator.getJdbcEnvironmentUsingJdbcMetadata(JdbcEnvironmentInitiator.java:362)
	at org.hibernate.engine.jdbc.env.internal.JdbcEnvironmentInitiator.initiateService(JdbcEnvironmentInitiator.java:123)
	at org.hibernate.engine.jdbc.env.internal.JdbcEnvironmentInitiator.initiateService(JdbcEnvironmentInitiator.java:77)
	at org.hibernate.boot.registry.internal.StandardServiceRegistryImpl.initiateService(StandardServiceRegistryImpl.java:130)
	at org.hibernate.service.internal.AbstractServiceRegistryImpl.createService(AbstractServiceRegistryImpl.java:263)
	... 30 common frames omitted
2025-12-16 07:39:16 INFO  c.c.b.BookingServiceApplication - Starting BookingServiceApplication using Java 17.0.7 with PID 19472 (D:\Codes\bookingservice\target\classes started by chand in D:\Codes\bookingservice)
2025-12-16 07:39:16 INFO  c.c.b.BookingServiceApplication - No active profile set, falling back to 1 default profile: "default"
2025-12-16 07:39:17 INFO  o.a.coyote.http11.Http11NioProtocol - Initializing ProtocolHandler ["http-nio-8082"]
2025-12-16 07:39:17 INFO  o.a.catalina.core.StandardService - Starting service [Tomcat]
2025-12-16 07:39:17 INFO  o.a.catalina.core.StandardEngine - Starting Servlet engine: [Apache Tomcat/10.1.24]
2025-12-16 07:39:17 INFO  o.a.c.c.C.[Tomcat].[localhost].[/] - Initializing Spring embedded WebApplicationContext
2025-12-16 07:39:17 INFO  o.h.jpa.internal.util.LogHelper - HHH000204: Processing PersistenceUnitInfo [name: default]
2025-12-16 07:39:17 INFO  org.hibernate.Version - HHH000412: Hibernate ORM core version 6.5.2.Final
2025-12-16 07:39:17 INFO  o.h.c.i.RegionFactoryInitiator - HHH000026: Second-level cache disabled
2025-12-16 07:39:18 INFO  com.zaxxer.hikari.HikariDataSource - HikariPool-1 - Starting...
2025-12-16 07:39:18 INFO  com.zaxxer.hikari.pool.HikariPool - HikariPool-1 - Added connection org.postgresql.jdbc.PgConnection@38667005
2025-12-16 07:39:18 INFO  com.zaxxer.hikari.HikariDataSource - HikariPool-1 - Start completed.
2025-12-16 07:39:19 INFO  o.h.e.t.j.p.i.JtaPlatformInitiator - HHH000489: No JTA platform available (set 'hibernate.transaction.jta.platform' to enable JTA platform integration)
2025-12-16 07:39:20 WARN  o.s.b.a.o.j.JpaBaseConfiguration$JpaWebConfiguration - spring.jpa.open-in-view is enabled by default. Therefore, database queries may be performed during view rendering. Explicitly configure spring.jpa.open-in-view to disable this warning
2025-12-16 07:39:21 INFO  o.a.coyote.http11.Http11NioProtocol - Starting ProtocolHandler ["http-nio-8082"]
2025-12-16 07:39:21 INFO  c.c.b.BookingServiceApplication - Started BookingServiceApplication in 5.478 seconds (process running for 6.288)
2025-12-16 07:39:26 INFO  o.a.c.c.C.[Tomcat].[localhost].[/] - Initializing Spring DispatcherServlet 'dispatcherServlet'
2025-12-16 07:39:27 INFO  c.c.b.controller.BookingController - Confirm order request received. items=1
2025-12-16 07:39:27 INFO  c.c.b.controller.BookingController - Confirm order transactionId=null
2025-12-16 07:39:27 DEBUG org.hibernate.SQL - select b1_0.id from carwash_booking b1_0 where b1_0.transaction_id=? fetch first ? rows only
2025-12-16 07:39:27 DEBUG org.hibernate.SQL - insert into carwash_booking (address,booking_date,car_index,car_number,car_type,centre_name,created_at,maps_url,payment_status,phone,refund_amount,refund_initiated_at,refund_status,service_centre_id,service_type,status,time_slot,transaction_id) values (?,?,?,?,?,?,?,?,?,?,?,?,?,?,?,?,?,?) returning id
2025-12-16 07:39:27 INFO  c.c.b.controller.BookingController - Confirm order success. txnId=Ts12345698547, bookingsSaved=1
2025-12-16 07:39:32 DEBUG org.hibernate.SQL - select b1_0.id,b1_0.address,b1_0.booking_date,b1_0.car_index,b1_0.car_number,b1_0.car_type,b1_0.centre_name,b1_0.created_at,b1_0.maps_url,b1_0.payment_status,b1_0.phone,b1_0.refund_amount,b1_0.refund_initiated_at,b1_0.refund_status,b1_0.service_centre_id,b1_0.service_type,b1_0.status,b1_0.time_slot,b1_0.transaction_id from carwash_booking b1_0 where b1_0.phone=? order by b1_0.created_at desc
2025-12-16 07:40:39 DEBUG org.hibernate.SQL - select distinct sc1_0.area from carwash_service_centre sc1_0 where sc1_0.active=true order by sc1_0.area
2025-12-16 07:40:41 DEBUG org.hibernate.SQL - select sc1_0.id,sc1_0.active,sc1_0.address,sc1_0.area,sc1_0.created_at,sc1_0.latitude,sc1_0.longitude,sc1_0.maps_url,sc1_0.name,sc1_0.rating,sc1_0.updated_at from carwash_service_centre sc1_0 where sc1_0.active and upper(sc1_0.area) like upper(?) escape '\' or sc1_0.active and upper(sc1_0.address) like upper(?) escape '\'
2025-12-16 08:10:33 DEBUG org.hibernate.SQL - select distinct sc1_0.area from carwash_service_centre sc1_0 where sc1_0.active=true order by sc1_0.area
2025-12-16 08:10:36 DEBUG org.hibernate.SQL - select sc1_0.id,sc1_0.active,sc1_0.address,sc1_0.area,sc1_0.created_at,sc1_0.latitude,sc1_0.longitude,sc1_0.maps_url,sc1_0.name,sc1_0.rating,sc1_0.updated_at from carwash_service_centre sc1_0 where sc1_0.active and upper(sc1_0.area) like upper(?) escape '\' or sc1_0.active and upper(sc1_0.address) like upper(?) escape '\'
2025-12-16 08:13:18 DEBUG org.hibernate.SQL - select distinct sc1_0.area from carwash_service_centre sc1_0 where sc1_0.active=true order by sc1_0.area
