2025-12-19 00:23:29 WARN  com.zaxxer.hikari.pool.HikariPool - HikariPool-1 - Thread starvation or clock leap detected (housekeeper delta=5h56m37s78ms476µs100ns).
2025-12-19 02:38:39 WARN  com.zaxxer.hikari.pool.HikariPool - HikariPool-1 - Thread starvation or clock leap detected (housekeeper delta=1h15m38s434ms789µs800ns).
2025-12-19 04:32:56 WARN  com.zaxxer.hikari.pool.HikariPool - HikariPool-1 - Thread starvation or clock leap detected (housekeeper delta=50m13s918ms590µs600ns).
2025-12-19 06:09:58 DEBUG org.hibernate.SQL - select cq1_0.id,cq1_0.exterior,cq1_0.exterior_teflon,cq1_0.interior,cq1_0.interior_exterior,cq1_0.interior_exterior_teflon,cq1_0.save_exterior_teflon,cq1_0.save_full,cq1_0.teflon,cq1_0.vehicle_type from carwash_quotation cq1_0 order by cq1_0.vehicle_type
2025-12-19 07:02:55 DEBUG org.hibernate.SQL - select distinct sc1_0.area from carwash_service_centre sc1_0 where sc1_0.active=true order by sc1_0.area
2025-12-19 07:02:58 DEBUG org.hibernate.SQL - select sc1_0.id,sc1_0.active,sc1_0.address,sc1_0.area,sc1_0.created_at,sc1_0.latitude,sc1_0.longitude,sc1_0.maps_url,sc1_0.name,sc1_0.rating,sc1_0.updated_at from carwash_service_centre sc1_0 where sc1_0.active and upper(sc1_0.area) like upper(?) escape '\' or sc1_0.active and upper(sc1_0.address) like upper(?) escape '\'
2025-12-19 07:03:12 DEBUG org.hibernate.SQL - select count(b1_0.id) from carwash_booking b1_0 where b1_0.booking_date=? and b1_0.time_slot=? and upper(b1_0.service_type)=? and b1_0.status<>'CANCELLED' and (? is null or b1_0.service_centre_id=? or b1_0.service_centre_id is null)
2025-12-19 07:03:12 DEBUG org.hibernate.SQL - select count(b1_0.id) from carwash_booking b1_0 where b1_0.booking_date=? and b1_0.time_slot=? and upper(b1_0.service_type)=? and b1_0.status<>'CANCELLED' and (? is null or b1_0.service_centre_id=? or b1_0.service_centre_id is null)
2025-12-19 07:03:12 DEBUG org.hibernate.SQL - select count(b1_0.id) from carwash_booking b1_0 where b1_0.booking_date=? and b1_0.time_slot=? and upper(b1_0.service_type)=? and b1_0.status<>'CANCELLED' and (? is null or b1_0.service_centre_id=? or b1_0.service_centre_id is null)
2025-12-19 07:03:12 DEBUG org.hibernate.SQL - select count(b1_0.id) from carwash_booking b1_0 where b1_0.booking_date=? and b1_0.time_slot=? and upper(b1_0.service_type)=? and b1_0.status<>'CANCELLED' and (? is null or b1_0.service_centre_id=? or b1_0.service_centre_id is null)
2025-12-19 07:03:12 DEBUG org.hibernate.SQL - select count(b1_0.id) from carwash_booking b1_0 where b1_0.booking_date=? and b1_0.time_slot=? and upper(b1_0.service_type)=? and b1_0.status<>'CANCELLED' and (? is null or b1_0.service_centre_id=? or b1_0.service_centre_id is null)
2025-12-19 07:03:13 DEBUG org.hibernate.SQL - select count(b1_0.id) from carwash_booking b1_0 where b1_0.booking_date=? and b1_0.time_slot=? and upper(b1_0.service_type)=? and b1_0.status<>'CANCELLED' and (? is null or b1_0.service_centre_id=? or b1_0.service_centre_id is null)
2025-12-19 07:03:13 DEBUG org.hibernate.SQL - select count(b1_0.id) from carwash_booking b1_0 where b1_0.booking_date=? and b1_0.time_slot=? and upper(b1_0.service_type)=? and b1_0.status<>'CANCELLED' and (? is null or b1_0.service_centre_id=? or b1_0.service_centre_id is null)
2025-12-19 07:03:13 DEBUG org.hibernate.SQL - select count(b1_0.id) from carwash_booking b1_0 where b1_0.booking_date=? and b1_0.time_slot=? and upper(b1_0.service_type)=? and b1_0.status<>'CANCELLED' and (? is null or b1_0.service_centre_id=? or b1_0.service_centre_id is null)
2025-12-19 07:03:13 DEBUG org.hibernate.SQL - select count(b1_0.id) from carwash_booking b1_0 where b1_0.booking_date=? and b1_0.time_slot=? and upper(b1_0.service_type)=? and b1_0.status<>'CANCELLED' and (? is null or b1_0.service_centre_id=? or b1_0.service_centre_id is null)
2025-12-19 07:03:13 DEBUG org.hibernate.SQL - select count(b1_0.id) from carwash_booking b1_0 where b1_0.booking_date=? and b1_0.time_slot=? and upper(b1_0.service_type)=? and b1_0.status<>'CANCELLED' and (? is null or b1_0.service_centre_id=? or b1_0.service_centre_id is null)
2025-12-19 07:03:13 DEBUG org.hibernate.SQL - select count(b1_0.id) from carwash_booking b1_0 where b1_0.booking_date=? and b1_0.time_slot=? and upper(b1_0.service_type)=? and b1_0.status<>'CANCELLED' and (? is null or b1_0.service_centre_id=? or b1_0.service_centre_id is null)
2025-12-19 07:11:35 DEBUG org.hibernate.SQL - select distinct sc1_0.area from carwash_service_centre sc1_0 where sc1_0.active=true order by sc1_0.area
2025-12-19 07:11:43 DEBUG org.hibernate.SQL - select sc1_0.id,sc1_0.active,sc1_0.address,sc1_0.area,sc1_0.created_at,sc1_0.latitude,sc1_0.longitude,sc1_0.maps_url,sc1_0.name,sc1_0.rating,sc1_0.updated_at from carwash_service_centre sc1_0 where sc1_0.active and upper(sc1_0.area) like upper(?) escape '\' or sc1_0.active and upper(sc1_0.address) like upper(?) escape '\'
2025-12-19 07:11:47 DEBUG org.hibernate.SQL - select count(b1_0.id) from carwash_booking b1_0 where b1_0.booking_date=? and b1_0.time_slot=? and upper(b1_0.service_type)=? and b1_0.status<>'CANCELLED' and (? is null or b1_0.service_centre_id=? or b1_0.service_centre_id is null)
2025-12-19 07:11:47 DEBUG org.hibernate.SQL - select count(b1_0.id) from carwash_booking b1_0 where b1_0.booking_date=? and b1_0.time_slot=? and upper(b1_0.service_type)=? and b1_0.status<>'CANCELLED' and (? is null or b1_0.service_centre_id=? or b1_0.service_centre_id is null)
2025-12-19 07:11:47 DEBUG org.hibernate.SQL - select count(b1_0.id) from carwash_booking b1_0 where b1_0.booking_date=? and b1_0.time_slot=? and upper(b1_0.service_type)=? and b1_0.status<>'CANCELLED' and (? is null or b1_0.service_centre_id=? or b1_0.service_centre_id is null)
2025-12-19 07:11:47 DEBUG org.hibernate.SQL - select count(b1_0.id) from carwash_booking b1_0 where b1_0.booking_date=? and b1_0.time_slot=? and upper(b1_0.service_type)=? and b1_0.status<>'CANCELLED' and (? is null or b1_0.service_centre_id=? or b1_0.service_centre_id is null)
2025-12-19 07:11:47 DEBUG org.hibernate.SQL - select count(b1_0.id) from carwash_booking b1_0 where b1_0.booking_date=? and b1_0.time_slot=? and upper(b1_0.service_type)=? and b1_0.status<>'CANCELLED' and (? is null or b1_0.service_centre_id=? or b1_0.service_centre_id is null)
2025-12-19 07:11:47 DEBUG org.hibernate.SQL - select count(b1_0.id) from carwash_booking b1_0 where b1_0.booking_date=? and b1_0.time_slot=? and upper(b1_0.service_type)=? and b1_0.status<>'CANCELLED' and (? is null or b1_0.service_centre_id=? or b1_0.service_centre_id is null)
2025-12-19 07:11:47 DEBUG org.hibernate.SQL - select count(b1_0.id) from carwash_booking b1_0 where b1_0.booking_date=? and b1_0.time_slot=? and upper(b1_0.service_type)=? and b1_0.status<>'CANCELLED' and (? is null or b1_0.service_centre_id=? or b1_0.service_centre_id is null)
2025-12-19 07:11:47 DEBUG org.hibernate.SQL - select count(b1_0.id) from carwash_booking b1_0 where b1_0.booking_date=? and b1_0.time_slot=? and upper(b1_0.service_type)=? and b1_0.status<>'CANCELLED' and (? is null or b1_0.service_centre_id=? or b1_0.service_centre_id is null)
2025-12-19 07:11:47 DEBUG org.hibernate.SQL - select count(b1_0.id) from carwash_booking b1_0 where b1_0.booking_date=? and b1_0.time_slot=? and upper(b1_0.service_type)=? and b1_0.status<>'CANCELLED' and (? is null or b1_0.service_centre_id=? or b1_0.service_centre_id is null)
2025-12-19 07:11:47 DEBUG org.hibernate.SQL - select count(b1_0.id) from carwash_booking b1_0 where b1_0.booking_date=? and b1_0.time_slot=? and upper(b1_0.service_type)=? and b1_0.status<>'CANCELLED' and (? is null or b1_0.service_centre_id=? or b1_0.service_centre_id is null)
2025-12-19 07:11:47 DEBUG org.hibernate.SQL - select count(b1_0.id) from carwash_booking b1_0 where b1_0.booking_date=? and b1_0.time_slot=? and upper(b1_0.service_type)=? and b1_0.status<>'CANCELLED' and (? is null or b1_0.service_centre_id=? or b1_0.service_centre_id is null)
2025-12-19 08:45:52 DEBUG org.hibernate.SQL - select distinct sc1_0.area from carwash_service_centre sc1_0 where sc1_0.active=true order by sc1_0.area
2025-12-19 08:45:59 DEBUG org.hibernate.SQL - select sc1_0.id,sc1_0.active,sc1_0.address,sc1_0.area,sc1_0.created_at,sc1_0.latitude,sc1_0.longitude,sc1_0.maps_url,sc1_0.name,sc1_0.rating,sc1_0.updated_at from carwash_service_centre sc1_0 where sc1_0.active and upper(sc1_0.area) like upper(?) escape '\' or sc1_0.active and upper(sc1_0.address) like upper(?) escape '\'
2025-12-19 08:46:02 DEBUG org.hibernate.SQL - select count(b1_0.id) from carwash_booking b1_0 where b1_0.booking_date=? and b1_0.time_slot=? and upper(b1_0.service_type)=? and b1_0.status<>'CANCELLED' and (? is null or b1_0.service_centre_id=? or b1_0.service_centre_id is null)
2025-12-19 08:46:02 DEBUG org.hibernate.SQL - select count(b1_0.id) from carwash_booking b1_0 where b1_0.booking_date=? and b1_0.time_slot=? and upper(b1_0.service_type)=? and b1_0.status<>'CANCELLED' and (? is null or b1_0.service_centre_id=? or b1_0.service_centre_id is null)
2025-12-19 08:46:02 DEBUG org.hibernate.SQL - select count(b1_0.id) from carwash_booking b1_0 where b1_0.booking_date=? and b1_0.time_slot=? and upper(b1_0.service_type)=? and b1_0.status<>'CANCELLED' and (? is null or b1_0.service_centre_id=? or b1_0.service_centre_id is null)
2025-12-19 08:46:02 DEBUG org.hibernate.SQL - select count(b1_0.id) from carwash_booking b1_0 where b1_0.booking_date=? and b1_0.time_slot=? and upper(b1_0.service_type)=? and b1_0.status<>'CANCELLED' and (? is null or b1_0.service_centre_id=? or b1_0.service_centre_id is null)
2025-12-19 08:46:02 DEBUG org.hibernate.SQL - select count(b1_0.id) from carwash_booking b1_0 where b1_0.booking_date=? and b1_0.time_slot=? and upper(b1_0.service_type)=? and b1_0.status<>'CANCELLED' and (? is null or b1_0.service_centre_id=? or b1_0.service_centre_id is null)
2025-12-19 08:46:02 DEBUG org.hibernate.SQL - select count(b1_0.id) from carwash_booking b1_0 where b1_0.booking_date=? and b1_0.time_slot=? and upper(b1_0.service_type)=? and b1_0.status<>'CANCELLED' and (? is null or b1_0.service_centre_id=? or b1_0.service_centre_id is null)
2025-12-19 08:46:02 DEBUG org.hibernate.SQL - select count(b1_0.id) from carwash_booking b1_0 where b1_0.booking_date=? and b1_0.time_slot=? and upper(b1_0.service_type)=? and b1_0.status<>'CANCELLED' and (? is null or b1_0.service_centre_id=? or b1_0.service_centre_id is null)
2025-12-19 08:46:02 DEBUG org.hibernate.SQL - select count(b1_0.id) from carwash_booking b1_0 where b1_0.booking_date=? and b1_0.time_slot=? and upper(b1_0.service_type)=? and b1_0.status<>'CANCELLED' and (? is null or b1_0.service_centre_id=? or b1_0.service_centre_id is null)
2025-12-19 08:46:02 DEBUG org.hibernate.SQL - select count(b1_0.id) from carwash_booking b1_0 where b1_0.booking_date=? and b1_0.time_slot=? and upper(b1_0.service_type)=? and b1_0.status<>'CANCELLED' and (? is null or b1_0.service_centre_id=? or b1_0.service_centre_id is null)
2025-12-19 08:46:02 DEBUG org.hibernate.SQL - select count(b1_0.id) from carwash_booking b1_0 where b1_0.booking_date=? and b1_0.time_slot=? and upper(b1_0.service_type)=? and b1_0.status<>'CANCELLED' and (? is null or b1_0.service_centre_id=? or b1_0.service_centre_id is null)
2025-12-19 08:46:02 DEBUG org.hibernate.SQL - select count(b1_0.id) from carwash_booking b1_0 where b1_0.booking_date=? and b1_0.time_slot=? and upper(b1_0.service_type)=? and b1_0.status<>'CANCELLED' and (? is null or b1_0.service_centre_id=? or b1_0.service_centre_id is null)
2025-12-19 08:46:07 DEBUG org.hibernate.SQL - select count(b1_0.id) from carwash_booking b1_0 where b1_0.phone=?
2025-12-19 08:46:09 DEBUG org.hibernate.SQL - select count(b1_0.id) from carwash_booking b1_0 where b1_0.phone=?
2025-12-19 08:46:10 DEBUG org.hibernate.SQL - select count(b1_0.id) from carwash_booking b1_0 where b1_0.phone=?
2025-12-19 08:46:11 DEBUG org.hibernate.SQL - select count(b1_0.id) from carwash_booking b1_0 where b1_0.phone=?
2025-12-19 08:46:12 DEBUG org.hibernate.SQL - select count(b1_0.id) from carwash_booking b1_0 where b1_0.phone=?
2025-12-19 08:46:29 DEBUG org.hibernate.SQL - select count(b1_0.id) from carwash_booking b1_0 where b1_0.phone=?
2025-12-19 08:56:01 INFO  c.c.b.controller.BookingController - Confirm order request received. items=1
2025-12-19 08:56:01 INFO  c.c.b.controller.BookingController - Confirm order transactionId=null
2025-12-19 08:56:01 DEBUG org.hibernate.SQL - select b1_0.id from carwash_booking b1_0 where b1_0.transaction_id=? fetch first ? rows only
2025-12-19 08:56:01 DEBUG org.hibernate.SQL - insert into carwash_booking (address,booking_date,car_index,car_number,car_type,centre_name,created_at,maps_url,payment_status,phone,refund_amount,refund_initiated_at,refund_status,service_centre_id,service_type,status,time_slot,transaction_id) values (?,?,?,?,?,?,?,?,?,?,?,?,?,?,?,?,?,?) returning id
2025-12-19 08:56:01 INFO  c.c.b.controller.BookingController - Confirm order success. txnId=AS142514251425112, bookingsSaved=1
2025-12-19 09:02:45 DEBUG org.hibernate.SQL - select b1_0.id,b1_0.address,b1_0.booking_date,b1_0.car_index,b1_0.car_number,b1_0.car_type,b1_0.centre_name,b1_0.created_at,b1_0.maps_url,b1_0.payment_status,b1_0.phone,b1_0.refund_amount,b1_0.refund_initiated_at,b1_0.refund_status,b1_0.service_centre_id,b1_0.service_type,b1_0.status,b1_0.time_slot,b1_0.transaction_id from carwash_booking b1_0 where b1_0.phone=? order by b1_0.created_at desc
2025-12-19 09:09:05 DEBUG org.hibernate.SQL - select count(b1_0.id) from carwash_booking b1_0 where b1_0.phone=?
2025-12-19 09:09:24 INFO  c.c.b.controller.BookingController - Confirm order request received. items=1
2025-12-19 09:09:24 INFO  c.c.b.controller.BookingController - Confirm order transactionId=null
2025-12-19 09:09:24 DEBUG org.hibernate.SQL - select b1_0.id from carwash_booking b1_0 where b1_0.transaction_id=? fetch first ? rows only
2025-12-19 09:09:24 DEBUG org.hibernate.SQL - insert into carwash_booking (address,booking_date,car_index,car_number,car_type,centre_name,created_at,maps_url,payment_status,phone,refund_amount,refund_initiated_at,refund_status,service_centre_id,service_type,status,time_slot,transaction_id) values (?,?,?,?,?,?,?,?,?,?,?,?,?,?,?,?,?,?) returning id
2025-12-19 09:09:24 INFO  c.c.b.controller.BookingController - Confirm order success. txnId=HG21256654569877, bookingsSaved=1
2025-12-19 09:09:29 DEBUG org.hibernate.SQL - select b1_0.id,b1_0.address,b1_0.booking_date,b1_0.car_index,b1_0.car_number,b1_0.car_type,b1_0.centre_name,b1_0.created_at,b1_0.maps_url,b1_0.payment_status,b1_0.phone,b1_0.refund_amount,b1_0.refund_initiated_at,b1_0.refund_status,b1_0.service_centre_id,b1_0.service_type,b1_0.status,b1_0.time_slot,b1_0.transaction_id from carwash_booking b1_0 where b1_0.phone=? order by b1_0.created_at desc
2025-12-19 09:09:58 DEBUG org.hibernate.SQL - select b1_0.id,b1_0.address,b1_0.booking_date,b1_0.car_index,b1_0.car_number,b1_0.car_type,b1_0.centre_name,b1_0.created_at,b1_0.maps_url,b1_0.payment_status,b1_0.phone,b1_0.refund_amount,b1_0.refund_initiated_at,b1_0.refund_status,b1_0.service_centre_id,b1_0.service_type,b1_0.status,b1_0.time_slot,b1_0.transaction_id from carwash_booking b1_0 where b1_0.phone=? order by b1_0.created_at desc
2025-12-19 09:10:05 DEBUG org.hibernate.SQL - select distinct sc1_0.area from carwash_service_centre sc1_0 where sc1_0.active=true order by sc1_0.area
2025-12-19 09:10:12 DEBUG org.hibernate.SQL - select sc1_0.id,sc1_0.active,sc1_0.address,sc1_0.area,sc1_0.created_at,sc1_0.latitude,sc1_0.longitude,sc1_0.maps_url,sc1_0.name,sc1_0.rating,sc1_0.updated_at from carwash_service_centre sc1_0 where sc1_0.active and upper(sc1_0.area) like upper(?) escape '\' or sc1_0.active and upper(sc1_0.address) like upper(?) escape '\'
2025-12-19 09:10:15 DEBUG org.hibernate.SQL - select count(b1_0.id) from carwash_booking b1_0 where b1_0.booking_date=? and b1_0.time_slot=? and upper(b1_0.service_type)=? and b1_0.status<>'CANCELLED' and (? is null or b1_0.service_centre_id=? or b1_0.service_centre_id is null)
2025-12-19 09:10:15 DEBUG org.hibernate.SQL - select count(b1_0.id) from carwash_booking b1_0 where b1_0.booking_date=? and b1_0.time_slot=? and upper(b1_0.service_type)=? and b1_0.status<>'CANCELLED' and (? is null or b1_0.service_centre_id=? or b1_0.service_centre_id is null)
2025-12-19 09:10:15 DEBUG org.hibernate.SQL - select count(b1_0.id) from carwash_booking b1_0 where b1_0.booking_date=? and b1_0.time_slot=? and upper(b1_0.service_type)=? and b1_0.status<>'CANCELLED' and (? is null or b1_0.service_centre_id=? or b1_0.service_centre_id is null)
2025-12-19 09:10:15 DEBUG org.hibernate.SQL - select count(b1_0.id) from carwash_booking b1_0 where b1_0.booking_date=? and b1_0.time_slot=? and upper(b1_0.service_type)=? and b1_0.status<>'CANCELLED' and (? is null or b1_0.service_centre_id=? or b1_0.service_centre_id is null)
2025-12-19 09:10:15 DEBUG org.hibernate.SQL - select count(b1_0.id) from carwash_booking b1_0 where b1_0.booking_date=? and b1_0.time_slot=? and upper(b1_0.service_type)=? and b1_0.status<>'CANCELLED' and (? is null or b1_0.service_centre_id=? or b1_0.service_centre_id is null)
2025-12-19 09:10:15 DEBUG org.hibernate.SQL - select count(b1_0.id) from carwash_booking b1_0 where b1_0.booking_date=? and b1_0.time_slot=? and upper(b1_0.service_type)=? and b1_0.status<>'CANCELLED' and (? is null or b1_0.service_centre_id=? or b1_0.service_centre_id is null)
2025-12-19 09:10:15 DEBUG org.hibernate.SQL - select count(b1_0.id) from carwash_booking b1_0 where b1_0.booking_date=? and b1_0.time_slot=? and upper(b1_0.service_type)=? and b1_0.status<>'CANCELLED' and (? is null or b1_0.service_centre_id=? or b1_0.service_centre_id is null)
2025-12-19 09:10:15 DEBUG org.hibernate.SQL - select count(b1_0.id) from carwash_booking b1_0 where b1_0.booking_date=? and b1_0.time_slot=? and upper(b1_0.service_type)=? and b1_0.status<>'CANCELLED' and (? is null or b1_0.service_centre_id=? or b1_0.service_centre_id is null)
2025-12-19 09:10:15 DEBUG org.hibernate.SQL - select count(b1_0.id) from carwash_booking b1_0 where b1_0.booking_date=? and b1_0.time_slot=? and upper(b1_0.service_type)=? and b1_0.status<>'CANCELLED' and (? is null or b1_0.service_centre_id=? or b1_0.service_centre_id is null)
2025-12-19 09:10:15 DEBUG org.hibernate.SQL - select count(b1_0.id) from carwash_booking b1_0 where b1_0.booking_date=? and b1_0.time_slot=? and upper(b1_0.service_type)=? and b1_0.status<>'CANCELLED' and (? is null or b1_0.service_centre_id=? or b1_0.service_centre_id is null)
2025-12-19 09:10:15 DEBUG org.hibernate.SQL - select count(b1_0.id) from carwash_booking b1_0 where b1_0.booking_date=? and b1_0.time_slot=? and upper(b1_0.service_type)=? and b1_0.status<>'CANCELLED' and (? is null or b1_0.service_centre_id=? or b1_0.service_centre_id is null)
2025-12-19 09:10:20 DEBUG org.hibernate.SQL - select count(b1_0.id) from carwash_booking b1_0 where b1_0.phone=?
2025-12-19 09:11:51 DEBUG org.hibernate.SQL - select count(b1_0.id) from carwash_booking b1_0 where b1_0.phone=?
2025-12-19 09:12:29 DEBUG org.hibernate.SQL - select b1_0.id,b1_0.address,b1_0.booking_date,b1_0.car_index,b1_0.car_number,b1_0.car_type,b1_0.centre_name,b1_0.created_at,b1_0.maps_url,b1_0.payment_status,b1_0.phone,b1_0.refund_amount,b1_0.refund_initiated_at,b1_0.refund_status,b1_0.service_centre_id,b1_0.service_type,b1_0.status,b1_0.time_slot,b1_0.transaction_id from carwash_booking b1_0 where b1_0.phone=? order by b1_0.created_at desc
2025-12-19 09:24:41 DEBUG org.hibernate.SQL - select b1_0.id,b1_0.address,b1_0.booking_date,b1_0.car_index,b1_0.car_number,b1_0.car_type,b1_0.centre_name,b1_0.created_at,b1_0.maps_url,b1_0.payment_status,b1_0.phone,b1_0.refund_amount,b1_0.refund_initiated_at,b1_0.refund_status,b1_0.service_centre_id,b1_0.service_type,b1_0.status,b1_0.time_slot,b1_0.transaction_id from carwash_booking b1_0 where b1_0.phone=? order by b1_0.created_at desc
2025-12-19 09:33:12 DEBUG org.hibernate.SQL - select b1_0.id,b1_0.address,b1_0.booking_date,b1_0.car_index,b1_0.car_number,b1_0.car_type,b1_0.centre_name,b1_0.created_at,b1_0.maps_url,b1_0.payment_status,b1_0.phone,b1_0.refund_amount,b1_0.refund_initiated_at,b1_0.refund_status,b1_0.service_centre_id,b1_0.service_type,b1_0.status,b1_0.time_slot,b1_0.transaction_id from carwash_booking b1_0 where b1_0.phone=? order by b1_0.created_at desc
2025-12-19 09:33:32 DEBUG org.hibernate.SQL - select b1_0.id,b1_0.address,b1_0.booking_date,b1_0.car_index,b1_0.car_number,b1_0.car_type,b1_0.centre_name,b1_0.created_at,b1_0.maps_url,b1_0.payment_status,b1_0.phone,b1_0.refund_amount,b1_0.refund_initiated_at,b1_0.refund_status,b1_0.service_centre_id,b1_0.service_type,b1_0.status,b1_0.time_slot,b1_0.transaction_id from carwash_booking b1_0 where b1_0.phone=? order by b1_0.created_at desc
2025-12-19 09:35:19 DEBUG org.hibernate.SQL - select cq1_0.id,cq1_0.exterior,cq1_0.exterior_teflon,cq1_0.interior,cq1_0.interior_exterior,cq1_0.interior_exterior_teflon,cq1_0.save_exterior_teflon,cq1_0.save_full,cq1_0.teflon,cq1_0.vehicle_type from carwash_quotation cq1_0 order by cq1_0.vehicle_type
