2025-12-24 06:01:14 WARN  com.zaxxer.hikari.pool.HikariPool - HikariPool-1 - Thread starvation or clock leap detected (housekeeper delta=6h10m5s360ms756µs500ns).
2025-12-24 06:32:50 INFO  c.c.b.BookingServiceApplication - Starting BookingServiceApplication using Java 17.0.7 with PID 63272 (D:\Codes\bookingservice\target\classes started by chand in D:\Codes\bookingservice)
2025-12-24 06:32:50 INFO  c.c.b.BookingServiceApplication - No active profile set, falling back to 1 default profile: "default"
2025-12-24 06:32:51 INFO  o.a.coyote.http11.Http11NioProtocol - Initializing ProtocolHandler ["http-nio-8082"]
2025-12-24 06:32:51 INFO  o.a.catalina.core.StandardService - Starting service [Tomcat]
2025-12-24 06:32:51 INFO  o.a.catalina.core.StandardEngine - Starting Servlet engine: [Apache Tomcat/10.1.24]
2025-12-24 06:32:51 INFO  o.a.c.c.C.[Tomcat].[localhost].[/] - Initializing Spring embedded WebApplicationContext
2025-12-24 06:32:51 INFO  o.h.jpa.internal.util.LogHelper - HHH000204: Processing PersistenceUnitInfo [name: default]
2025-12-24 06:32:52 INFO  org.hibernate.Version - HHH000412: Hibernate ORM core version 6.5.2.Final
2025-12-24 06:32:52 INFO  o.h.c.i.RegionFactoryInitiator - HHH000026: Second-level cache disabled
2025-12-24 06:32:52 INFO  com.zaxxer.hikari.HikariDataSource - HikariPool-1 - Starting...
2025-12-24 06:32:52 INFO  com.zaxxer.hikari.pool.HikariPool - HikariPool-1 - Added connection org.postgresql.jdbc.PgConnection@48af5f38
2025-12-24 06:32:52 INFO  com.zaxxer.hikari.HikariDataSource - HikariPool-1 - Start completed.
2025-12-24 06:32:54 INFO  o.h.e.t.j.p.i.JtaPlatformInitiator - HHH000489: No JTA platform available (set 'hibernate.transaction.jta.platform' to enable JTA platform integration)
2025-12-24 06:32:55 WARN  o.s.b.a.o.j.JpaBaseConfiguration$JpaWebConfiguration - spring.jpa.open-in-view is enabled by default. Therefore, database queries may be performed during view rendering. Explicitly configure spring.jpa.open-in-view to disable this warning
2025-12-24 06:32:55 INFO  o.a.coyote.http11.Http11NioProtocol - Starting ProtocolHandler ["http-nio-8082"]
2025-12-24 06:32:55 INFO  c.c.b.BookingServiceApplication - Started BookingServiceApplication in 6.194 seconds (process running for 12.633)
2025-12-24 06:33:26 INFO  o.a.c.c.C.[Tomcat].[localhost].[/] - Initializing Spring DispatcherServlet 'dispatcherServlet'
2025-12-24 06:33:26 DEBUG org.hibernate.SQL - select b1_0.id,b1_0.address,b1_0.booking_date,b1_0.car_index,b1_0.car_number,b1_0.car_type,b1_0.centre_name,b1_0.created_at,b1_0.discount_percent_applied,b1_0.free_applied,b1_0.maps_url,b1_0.membership_id_used,b1_0.original_amount,b1_0.payable_amount,b1_0.payment_status,b1_0.phone,b1_0.refund_amount,b1_0.refund_initiated_at,b1_0.refund_status,b1_0.service_centre_id,b1_0.service_type,b1_0.status,b1_0.time_slot,b1_0.transaction_id,b1_0.wash_type from carwash_booking b1_0 where b1_0.phone=? order by b1_0.created_at desc
2025-12-24 06:33:30 DEBUG org.hibernate.SQL - select cq1_0.id,cq1_0.exterior,cq1_0.exterior_teflon,cq1_0.interior,cq1_0.interior_exterior,cq1_0.interior_exterior_teflon,cq1_0.save_exterior_teflon,cq1_0.save_full,cq1_0.teflon,cq1_0.vehicle_type from carwash_quotation cq1_0 order by cq1_0.vehicle_type
2025-12-24 06:34:02 INFO  c.c.b.controller.BookingController - Confirm order request received. items=1
2025-12-24 06:34:02 DEBUG org.hibernate.SQL - select b1_0.id from carwash_booking b1_0 where b1_0.transaction_id=? fetch first ? rows only
2025-12-24 06:34:03 DEBUG org.hibernate.SQL - insert into carwash_booking (address,booking_date,car_index,car_number,car_type,centre_name,created_at,discount_percent_applied,free_applied,maps_url,membership_id_used,original_amount,payable_amount,payment_status,phone,refund_amount,refund_initiated_at,refund_status,service_centre_id,service_type,status,time_slot,transaction_id,wash_type) values (?,?,?,?,?,?,?,?,?,?,?,?,?,?,?,?,?,?,?,?,?,?,?,?) returning id
2025-12-24 06:34:08 DEBUG org.hibernate.SQL - select b1_0.id,b1_0.address,b1_0.booking_date,b1_0.car_index,b1_0.car_number,b1_0.car_type,b1_0.centre_name,b1_0.created_at,b1_0.discount_percent_applied,b1_0.free_applied,b1_0.maps_url,b1_0.membership_id_used,b1_0.original_amount,b1_0.payable_amount,b1_0.payment_status,b1_0.phone,b1_0.refund_amount,b1_0.refund_initiated_at,b1_0.refund_status,b1_0.service_centre_id,b1_0.service_type,b1_0.status,b1_0.time_slot,b1_0.transaction_id,b1_0.wash_type from carwash_booking b1_0 where b1_0.phone=? order by b1_0.created_at desc
2025-12-24 06:35:41 INFO  c.c.b.controller.BookingController - Confirm order request received. items=1
2025-12-24 06:35:49 INFO  c.c.b.controller.BookingController - Confirm order request received. items=1
2025-12-24 06:36:10 INFO  c.c.b.controller.BookingController - Confirm order request received. items=1
2025-12-24 06:40:30 INFO  c.c.b.BookingServiceApplication - Starting BookingServiceApplication using Java 17.0.7 with PID 79512 (D:\Codes\bookingservice\target\classes started by chand in D:\Codes\bookingservice)
2025-12-24 06:40:30 INFO  c.c.b.BookingServiceApplication - No active profile set, falling back to 1 default profile: "default"
2025-12-24 06:40:31 INFO  o.a.coyote.http11.Http11NioProtocol - Initializing ProtocolHandler ["http-nio-8082"]
2025-12-24 06:40:31 INFO  o.a.catalina.core.StandardService - Starting service [Tomcat]
2025-12-24 06:40:31 INFO  o.a.catalina.core.StandardEngine - Starting Servlet engine: [Apache Tomcat/10.1.24]
2025-12-24 06:40:31 INFO  o.a.c.c.C.[Tomcat].[localhost].[/] - Initializing Spring embedded WebApplicationContext
2025-12-24 06:40:31 INFO  o.h.jpa.internal.util.LogHelper - HHH000204: Processing PersistenceUnitInfo [name: default]
2025-12-24 06:40:31 INFO  org.hibernate.Version - HHH000412: Hibernate ORM core version 6.5.2.Final
2025-12-24 06:40:31 INFO  o.h.c.i.RegionFactoryInitiator - HHH000026: Second-level cache disabled
2025-12-24 06:40:32 INFO  com.zaxxer.hikari.HikariDataSource - HikariPool-1 - Starting...
2025-12-24 06:40:32 INFO  com.zaxxer.hikari.pool.HikariPool - HikariPool-1 - Added connection org.postgresql.jdbc.PgConnection@629cbb1
2025-12-24 06:40:32 INFO  com.zaxxer.hikari.HikariDataSource - HikariPool-1 - Start completed.
2025-12-24 06:40:33 INFO  o.h.e.t.j.p.i.JtaPlatformInitiator - HHH000489: No JTA platform available (set 'hibernate.transaction.jta.platform' to enable JTA platform integration)
2025-12-24 06:40:34 WARN  o.s.b.a.o.j.JpaBaseConfiguration$JpaWebConfiguration - spring.jpa.open-in-view is enabled by default. Therefore, database queries may be performed during view rendering. Explicitly configure spring.jpa.open-in-view to disable this warning
2025-12-24 06:40:35 INFO  o.a.coyote.http11.Http11NioProtocol - Starting ProtocolHandler ["http-nio-8082"]
2025-12-24 06:40:35 INFO  c.c.b.BookingServiceApplication - Started BookingServiceApplication in 5.898 seconds (process running for 6.632)
2025-12-24 06:40:44 INFO  o.a.c.c.C.[Tomcat].[localhost].[/] - Initializing Spring DispatcherServlet 'dispatcherServlet'
2025-12-24 06:40:44 INFO  c.c.b.controller.BookingController - Confirm order request received. items=1
2025-12-24 06:40:45 DEBUG org.hibernate.SQL - insert into carwash_booking (address,booking_date,car_index,car_number,car_type,centre_name,created_at,discount_percent_applied,free_applied,maps_url,membership_id_used,original_amount,payable_amount,payment_status,phone,refund_amount,refund_initiated_at,refund_status,service_centre_id,service_type,status,time_slot,transaction_id,wash_type) values (?,?,?,?,?,?,?,?,?,?,?,?,?,?,?,?,?,?,?,?,?,?,?,?) returning id
2025-12-24 06:40:51 DEBUG org.hibernate.SQL - select b1_0.id,b1_0.address,b1_0.booking_date,b1_0.car_index,b1_0.car_number,b1_0.car_type,b1_0.centre_name,b1_0.created_at,b1_0.discount_percent_applied,b1_0.free_applied,b1_0.maps_url,b1_0.membership_id_used,b1_0.original_amount,b1_0.payable_amount,b1_0.payment_status,b1_0.phone,b1_0.refund_amount,b1_0.refund_initiated_at,b1_0.refund_status,b1_0.service_centre_id,b1_0.service_type,b1_0.status,b1_0.time_slot,b1_0.transaction_id,b1_0.wash_type from carwash_booking b1_0 where b1_0.phone=? order by b1_0.created_at desc
2025-12-24 06:41:51 INFO  c.c.b.controller.BookingController - Confirm order request received. items=1
2025-12-24 06:41:51 DEBUG org.hibernate.SQL - select b1_0.id from carwash_booking b1_0 where b1_0.transaction_id=? fetch first ? rows only
2025-12-24 06:41:51 DEBUG org.hibernate.SQL - insert into carwash_booking (address,booking_date,car_index,car_number,car_type,centre_name,created_at,discount_percent_applied,free_applied,maps_url,membership_id_used,original_amount,payable_amount,payment_status,phone,refund_amount,refund_initiated_at,refund_status,service_centre_id,service_type,status,time_slot,transaction_id,wash_type) values (?,?,?,?,?,?,?,?,?,?,?,?,?,?,?,?,?,?,?,?,?,?,?,?) returning id
2025-12-24 06:41:56 DEBUG org.hibernate.SQL - select b1_0.id,b1_0.address,b1_0.booking_date,b1_0.car_index,b1_0.car_number,b1_0.car_type,b1_0.centre_name,b1_0.created_at,b1_0.discount_percent_applied,b1_0.free_applied,b1_0.maps_url,b1_0.membership_id_used,b1_0.original_amount,b1_0.payable_amount,b1_0.payment_status,b1_0.phone,b1_0.refund_amount,b1_0.refund_initiated_at,b1_0.refund_status,b1_0.service_centre_id,b1_0.service_type,b1_0.status,b1_0.time_slot,b1_0.transaction_id,b1_0.wash_type from carwash_booking b1_0 where b1_0.phone=? order by b1_0.created_at desc
2025-12-24 06:43:36 DEBUG org.hibernate.SQL - select distinct sc1_0.area from carwash_service_centre sc1_0 where sc1_0.active=true order by sc1_0.area
2025-12-24 06:43:37 DEBUG org.hibernate.SQL - select distinct sc1_0.area from carwash_service_centre sc1_0 where sc1_0.active=true order by sc1_0.area
2025-12-24 06:44:01 DEBUG org.hibernate.SQL - select distinct sc1_0.area from carwash_service_centre sc1_0 where sc1_0.active=true order by sc1_0.area
2025-12-24 06:44:20 DEBUG org.hibernate.SQL - select sc1_0.id,sc1_0.active,sc1_0.address,sc1_0.area,sc1_0.created_at,sc1_0.latitude,sc1_0.longitude,sc1_0.maps_url,sc1_0.name,sc1_0.rating,sc1_0.updated_at from carwash_service_centre sc1_0 where sc1_0.active and upper(sc1_0.area) like upper(?) escape '\' or sc1_0.active and upper(sc1_0.address) like upper(?) escape '\'
2025-12-24 06:44:24 WARN  o.s.w.s.m.s.DefaultHandlerExceptionResolver - Resolved [org.springframework.web.method.annotation.MethodArgumentTypeMismatchException: Failed to convert value of type 'java.lang.String' to required type 'java.lang.Long'; For input string: "availability"]
2025-12-24 06:44:27 WARN  o.s.w.s.m.s.DefaultHandlerExceptionResolver - Resolved [org.springframework.web.method.annotation.MethodArgumentTypeMismatchException: Failed to convert value of type 'java.lang.String' to required type 'java.lang.Long'; For input string: "count-by-phone"]
2025-12-24 06:50:24 DEBUG org.hibernate.SQL - select distinct sc1_0.area from carwash_service_centre sc1_0 where sc1_0.active=true order by sc1_0.area
2025-12-24 06:58:15 DEBUG org.hibernate.SQL - select distinct sc1_0.area from carwash_service_centre sc1_0 where sc1_0.active=true order by sc1_0.area
2025-12-24 06:59:19 DEBUG org.hibernate.SQL - select sc1_0.id,sc1_0.active,sc1_0.address,sc1_0.area,sc1_0.created_at,sc1_0.latitude,sc1_0.longitude,sc1_0.maps_url,sc1_0.name,sc1_0.rating,sc1_0.updated_at from carwash_service_centre sc1_0 where sc1_0.active and upper(sc1_0.area) like upper(?) escape '\' or sc1_0.active and upper(sc1_0.address) like upper(?) escape '\'
2025-12-24 06:59:23 WARN  o.s.w.s.m.s.DefaultHandlerExceptionResolver - Resolved [org.springframework.web.method.annotation.MethodArgumentTypeMismatchException: Failed to convert value of type 'java.lang.String' to required type 'java.lang.Long'; For input string: "availability"]
2025-12-24 06:59:24 WARN  o.s.w.s.m.s.DefaultHandlerExceptionResolver - Resolved [org.springframework.web.method.annotation.MethodArgumentTypeMismatchException: Failed to convert value of type 'java.lang.String' to required type 'java.lang.Long'; For input string: "count-by-phone"]
2025-12-24 07:09:27 DEBUG org.hibernate.SQL - select distinct sc1_0.area from carwash_service_centre sc1_0 where sc1_0.active=true order by sc1_0.area
2025-12-24 07:10:08 DEBUG org.hibernate.SQL - select sc1_0.id,sc1_0.active,sc1_0.address,sc1_0.area,sc1_0.created_at,sc1_0.latitude,sc1_0.longitude,sc1_0.maps_url,sc1_0.name,sc1_0.rating,sc1_0.updated_at from carwash_service_centre sc1_0 where sc1_0.active and upper(sc1_0.area) like upper(?) escape '\' or sc1_0.active and upper(sc1_0.address) like upper(?) escape '\'
2025-12-24 07:10:12 WARN  o.s.w.s.m.s.DefaultHandlerExceptionResolver - Resolved [org.springframework.web.method.annotation.MethodArgumentTypeMismatchException: Failed to convert value of type 'java.lang.String' to required type 'java.lang.Long'; For input string: "availability"]
2025-12-24 07:10:19 WARN  o.s.w.s.m.s.DefaultHandlerExceptionResolver - Resolved [org.springframework.web.method.annotation.MethodArgumentTypeMismatchException: Failed to convert value of type 'java.lang.String' to required type 'java.lang.Long'; For input string: "count-by-phone"]
2025-12-24 07:24:04 DEBUG org.hibernate.SQL - select distinct sc1_0.area from carwash_service_centre sc1_0 where sc1_0.active=true order by sc1_0.area
2025-12-24 07:24:09 DEBUG org.hibernate.SQL - select distinct sc1_0.area from carwash_service_centre sc1_0 where sc1_0.active=true order by sc1_0.area
2025-12-24 07:24:31 DEBUG org.hibernate.SQL - select sc1_0.id,sc1_0.active,sc1_0.address,sc1_0.area,sc1_0.created_at,sc1_0.latitude,sc1_0.longitude,sc1_0.maps_url,sc1_0.name,sc1_0.rating,sc1_0.updated_at from carwash_service_centre sc1_0 where sc1_0.active and upper(sc1_0.area) like upper(?) escape '\' or sc1_0.active and upper(sc1_0.address) like upper(?) escape '\'
2025-12-24 07:24:35 WARN  o.s.w.s.m.s.DefaultHandlerExceptionResolver - Resolved [org.springframework.web.method.annotation.MethodArgumentTypeMismatchException: Failed to convert value of type 'java.lang.String' to required type 'java.lang.Long'; For input string: "availability"]
2025-12-24 07:25:12 INFO  c.c.b.controller.BookingController - Confirm order request received. items=1
2025-12-24 07:25:12 DEBUG org.hibernate.SQL - insert into carwash_booking (address,booking_date,car_index,car_number,car_type,centre_name,created_at,discount_percent_applied,free_applied,maps_url,membership_id_used,original_amount,payable_amount,payment_status,phone,refund_amount,refund_initiated_at,refund_status,service_centre_id,service_type,status,time_slot,transaction_id,wash_type) values (?,?,?,?,?,?,?,?,?,?,?,?,?,?,?,?,?,?,?,?,?,?,?,?) returning id
2025-12-24 07:25:18 DEBUG org.hibernate.SQL - select b1_0.id,b1_0.address,b1_0.booking_date,b1_0.car_index,b1_0.car_number,b1_0.car_type,b1_0.centre_name,b1_0.created_at,b1_0.discount_percent_applied,b1_0.free_applied,b1_0.maps_url,b1_0.membership_id_used,b1_0.original_amount,b1_0.payable_amount,b1_0.payment_status,b1_0.phone,b1_0.refund_amount,b1_0.refund_initiated_at,b1_0.refund_status,b1_0.service_centre_id,b1_0.service_type,b1_0.status,b1_0.time_slot,b1_0.transaction_id,b1_0.wash_type from carwash_booking b1_0 where b1_0.phone=? order by b1_0.created_at desc
2025-12-24 07:25:55 DEBUG org.hibernate.SQL - select distinct sc1_0.area from carwash_service_centre sc1_0 where sc1_0.active=true order by sc1_0.area
2025-12-24 07:26:33 DEBUG org.hibernate.SQL - select cq1_0.id,cq1_0.exterior,cq1_0.exterior_teflon,cq1_0.interior,cq1_0.interior_exterior,cq1_0.interior_exterior_teflon,cq1_0.save_exterior_teflon,cq1_0.save_full,cq1_0.teflon,cq1_0.vehicle_type from carwash_quotation cq1_0 order by cq1_0.vehicle_type
2025-12-24 07:27:00 DEBUG org.hibernate.SQL - select b1_0.id,b1_0.address,b1_0.booking_date,b1_0.car_index,b1_0.car_number,b1_0.car_type,b1_0.centre_name,b1_0.created_at,b1_0.discount_percent_applied,b1_0.free_applied,b1_0.maps_url,b1_0.membership_id_used,b1_0.original_amount,b1_0.payable_amount,b1_0.payment_status,b1_0.phone,b1_0.refund_amount,b1_0.refund_initiated_at,b1_0.refund_status,b1_0.service_centre_id,b1_0.service_type,b1_0.status,b1_0.time_slot,b1_0.transaction_id,b1_0.wash_type from carwash_booking b1_0 where b1_0.phone=? order by b1_0.created_at desc
2025-12-24 07:27:20 DEBUG org.hibernate.SQL - select cq1_0.id,cq1_0.exterior,cq1_0.exterior_teflon,cq1_0.interior,cq1_0.interior_exterior,cq1_0.interior_exterior_teflon,cq1_0.save_exterior_teflon,cq1_0.save_full,cq1_0.teflon,cq1_0.vehicle_type from carwash_quotation cq1_0 order by cq1_0.vehicle_type
2025-12-24 07:36:54 DEBUG org.hibernate.SQL - select cq1_0.id,cq1_0.exterior,cq1_0.exterior_teflon,cq1_0.interior,cq1_0.interior_exterior,cq1_0.interior_exterior_teflon,cq1_0.save_exterior_teflon,cq1_0.save_full,cq1_0.teflon,cq1_0.vehicle_type from carwash_quotation cq1_0 order by cq1_0.vehicle_type
2025-12-24 07:55:19 DEBUG org.hibernate.SQL - select distinct sc1_0.area from carwash_service_centre sc1_0 where sc1_0.active=true order by sc1_0.area
2025-12-24 07:55:39 DEBUG org.hibernate.SQL - select sc1_0.id,sc1_0.active,sc1_0.address,sc1_0.area,sc1_0.created_at,sc1_0.latitude,sc1_0.longitude,sc1_0.maps_url,sc1_0.name,sc1_0.rating,sc1_0.updated_at from carwash_service_centre sc1_0 where sc1_0.active and upper(sc1_0.area) like upper(?) escape '\' or sc1_0.active and upper(sc1_0.address) like upper(?) escape '\'
2025-12-24 07:55:44 WARN  o.s.w.s.m.s.DefaultHandlerExceptionResolver - Resolved [org.springframework.web.method.annotation.MethodArgumentTypeMismatchException: Failed to convert value of type 'java.lang.String' to required type 'java.lang.Long'; For input string: "availability"]
2025-12-24 08:10:51 DEBUG org.hibernate.SQL - select distinct sc1_0.area from carwash_service_centre sc1_0 where sc1_0.active=true order by sc1_0.area
2025-12-24 08:26:34 DEBUG org.hibernate.SQL - select distinct sc1_0.area from carwash_service_centre sc1_0 where sc1_0.active=true order by sc1_0.area
2025-12-24 08:26:37 DEBUG org.hibernate.SQL - select distinct sc1_0.area from carwash_service_centre sc1_0 where sc1_0.active=true order by sc1_0.area
2025-12-24 08:34:54 DEBUG org.hibernate.SQL - select distinct sc1_0.area from carwash_service_centre sc1_0 where sc1_0.active=true order by sc1_0.area
2025-12-24 08:34:58 DEBUG org.hibernate.SQL - select distinct sc1_0.area from carwash_service_centre sc1_0 where sc1_0.active=true order by sc1_0.area
2025-12-24 18:50:16 WARN  com.zaxxer.hikari.pool.HikariPool - HikariPool-1 - Thread starvation or clock leap detected (housekeeper delta=8h51m39s583ms546µs).
