2025-12-17 00:15:29 WARN  com.zaxxer.hikari.pool.HikariPool - HikariPool-1 - Thread starvation or clock leap detected (housekeeper delta=4h54m203ms398µs500ns).
2025-12-17 03:10:41 WARN  com.zaxxer.hikari.pool.HikariPool - HikariPool-1 - Thread starvation or clock leap detected (housekeeper delta=2h49m11s266ms817µs).
2025-12-17 05:05:33 WARN  com.zaxxer.hikari.pool.HikariPool - HikariPool-1 - Thread starvation or clock leap detected (housekeeper delta=1h54m51s269ms315µs400ns).
2025-12-17 05:37:16 DEBUG org.hibernate.SQL - select distinct sc1_0.area from carwash_service_centre sc1_0 where sc1_0.active=true order by sc1_0.area
2025-12-17 06:07:57 DEBUG org.hibernate.SQL - select distinct sc1_0.area from carwash_service_centre sc1_0 where sc1_0.active=true order by sc1_0.area
2025-12-17 06:08:01 DEBUG org.hibernate.SQL - select b1_0.id,b1_0.address,b1_0.booking_date,b1_0.car_index,b1_0.car_number,b1_0.car_type,b1_0.centre_name,b1_0.created_at,b1_0.maps_url,b1_0.payment_status,b1_0.phone,b1_0.refund_amount,b1_0.refund_initiated_at,b1_0.refund_status,b1_0.service_centre_id,b1_0.service_type,b1_0.status,b1_0.time_slot,b1_0.transaction_id from carwash_booking b1_0 where b1_0.phone=? order by b1_0.created_at desc
2025-12-17 06:10:40 DEBUG org.hibernate.SQL - select distinct sc1_0.area from carwash_service_centre sc1_0 where sc1_0.active=true order by sc1_0.area
2025-12-17 06:11:47 DEBUG org.hibernate.SQL - select distinct sc1_0.area from carwash_service_centre sc1_0 where sc1_0.active=true order by sc1_0.area
2025-12-17 06:16:06 DEBUG org.hibernate.SQL - select distinct sc1_0.area from carwash_service_centre sc1_0 where sc1_0.active=true order by sc1_0.area
2025-12-17 06:17:11 DEBUG org.hibernate.SQL - select distinct sc1_0.area from carwash_service_centre sc1_0 where sc1_0.active=true order by sc1_0.area
2025-12-17 07:22:24 DEBUG org.hibernate.SQL - select distinct sc1_0.area from carwash_service_centre sc1_0 where sc1_0.active=true order by sc1_0.area
2025-12-17 07:22:58 DEBUG org.hibernate.SQL - select distinct sc1_0.area from carwash_service_centre sc1_0 where sc1_0.active=true order by sc1_0.area
2025-12-17 07:24:50 DEBUG org.hibernate.SQL - select distinct sc1_0.area from carwash_service_centre sc1_0 where sc1_0.active=true order by sc1_0.area
2025-12-17 07:33:52 DEBUG org.hibernate.SQL - select distinct sc1_0.area from carwash_service_centre sc1_0 where sc1_0.active=true order by sc1_0.area
2025-12-17 07:33:58 DEBUG org.hibernate.SQL - select b1_0.id,b1_0.address,b1_0.booking_date,b1_0.car_index,b1_0.car_number,b1_0.car_type,b1_0.centre_name,b1_0.created_at,b1_0.maps_url,b1_0.payment_status,b1_0.phone,b1_0.refund_amount,b1_0.refund_initiated_at,b1_0.refund_status,b1_0.service_centre_id,b1_0.service_type,b1_0.status,b1_0.time_slot,b1_0.transaction_id from carwash_booking b1_0 where b1_0.phone=? order by b1_0.created_at desc
2025-12-17 07:34:10 DEBUG org.hibernate.SQL - select distinct sc1_0.area from carwash_service_centre sc1_0 where sc1_0.active=true order by sc1_0.area
2025-12-17 07:34:18 DEBUG org.hibernate.SQL - select sc1_0.id,sc1_0.active,sc1_0.address,sc1_0.area,sc1_0.created_at,sc1_0.latitude,sc1_0.longitude,sc1_0.maps_url,sc1_0.name,sc1_0.rating,sc1_0.updated_at from carwash_service_centre sc1_0 where sc1_0.active and upper(sc1_0.area) like upper(?) escape '\' or sc1_0.active and upper(sc1_0.address) like upper(?) escape '\'
2025-12-17 07:34:23 DEBUG org.hibernate.SQL - select count(b1_0.id) from carwash_booking b1_0 where b1_0.booking_date=? and b1_0.time_slot=? and upper(b1_0.service_type)=? and b1_0.status<>'CANCELLED' and (? is null or b1_0.service_centre_id=? or b1_0.service_centre_id is null)
2025-12-17 07:34:23 DEBUG org.hibernate.SQL - select count(b1_0.id) from carwash_booking b1_0 where b1_0.booking_date=? and b1_0.time_slot=? and upper(b1_0.service_type)=? and b1_0.status<>'CANCELLED' and (? is null or b1_0.service_centre_id=? or b1_0.service_centre_id is null)
2025-12-17 07:34:23 DEBUG org.hibernate.SQL - select count(b1_0.id) from carwash_booking b1_0 where b1_0.booking_date=? and b1_0.time_slot=? and upper(b1_0.service_type)=? and b1_0.status<>'CANCELLED' and (? is null or b1_0.service_centre_id=? or b1_0.service_centre_id is null)
2025-12-17 07:34:23 DEBUG org.hibernate.SQL - select count(b1_0.id) from carwash_booking b1_0 where b1_0.booking_date=? and b1_0.time_slot=? and upper(b1_0.service_type)=? and b1_0.status<>'CANCELLED' and (? is null or b1_0.service_centre_id=? or b1_0.service_centre_id is null)
2025-12-17 07:34:23 DEBUG org.hibernate.SQL - select count(b1_0.id) from carwash_booking b1_0 where b1_0.booking_date=? and b1_0.time_slot=? and upper(b1_0.service_type)=? and b1_0.status<>'CANCELLED' and (? is null or b1_0.service_centre_id=? or b1_0.service_centre_id is null)
2025-12-17 07:34:23 DEBUG org.hibernate.SQL - select count(b1_0.id) from carwash_booking b1_0 where b1_0.booking_date=? and b1_0.time_slot=? and upper(b1_0.service_type)=? and b1_0.status<>'CANCELLED' and (? is null or b1_0.service_centre_id=? or b1_0.service_centre_id is null)
2025-12-17 07:34:23 DEBUG org.hibernate.SQL - select count(b1_0.id) from carwash_booking b1_0 where b1_0.booking_date=? and b1_0.time_slot=? and upper(b1_0.service_type)=? and b1_0.status<>'CANCELLED' and (? is null or b1_0.service_centre_id=? or b1_0.service_centre_id is null)
2025-12-17 07:34:23 DEBUG org.hibernate.SQL - select count(b1_0.id) from carwash_booking b1_0 where b1_0.booking_date=? and b1_0.time_slot=? and upper(b1_0.service_type)=? and b1_0.status<>'CANCELLED' and (? is null or b1_0.service_centre_id=? or b1_0.service_centre_id is null)
2025-12-17 07:34:23 DEBUG org.hibernate.SQL - select count(b1_0.id) from carwash_booking b1_0 where b1_0.booking_date=? and b1_0.time_slot=? and upper(b1_0.service_type)=? and b1_0.status<>'CANCELLED' and (? is null or b1_0.service_centre_id=? or b1_0.service_centre_id is null)
2025-12-17 07:34:23 DEBUG org.hibernate.SQL - select count(b1_0.id) from carwash_booking b1_0 where b1_0.booking_date=? and b1_0.time_slot=? and upper(b1_0.service_type)=? and b1_0.status<>'CANCELLED' and (? is null or b1_0.service_centre_id=? or b1_0.service_centre_id is null)
2025-12-17 07:34:23 DEBUG org.hibernate.SQL - select count(b1_0.id) from carwash_booking b1_0 where b1_0.booking_date=? and b1_0.time_slot=? and upper(b1_0.service_type)=? and b1_0.status<>'CANCELLED' and (? is null or b1_0.service_centre_id=? or b1_0.service_centre_id is null)
2025-12-17 07:34:26 DEBUG org.hibernate.SQL - select count(b1_0.id) from carwash_booking b1_0 where b1_0.phone=?
2025-12-17 07:34:39 INFO  c.c.b.controller.BookingController - Confirm order request received. items=1
2025-12-17 07:34:39 INFO  c.c.b.controller.BookingController - Confirm order transactionId=null
2025-12-17 07:34:39 DEBUG org.hibernate.SQL - select b1_0.id from carwash_booking b1_0 where b1_0.transaction_id=? fetch first ? rows only
2025-12-17 07:34:39 DEBUG org.hibernate.SQL - insert into carwash_booking (address,booking_date,car_index,car_number,car_type,centre_name,created_at,maps_url,payment_status,phone,refund_amount,refund_initiated_at,refund_status,service_centre_id,service_type,status,time_slot,transaction_id) values (?,?,?,?,?,?,?,?,?,?,?,?,?,?,?,?,?,?) returning id
2025-12-17 07:34:39 INFO  c.c.b.controller.BookingController - Confirm order success. txnId=TS1231564542, bookingsSaved=1
2025-12-17 07:34:41 DEBUG org.hibernate.SQL - select b1_0.id,b1_0.address,b1_0.booking_date,b1_0.car_index,b1_0.car_number,b1_0.car_type,b1_0.centre_name,b1_0.created_at,b1_0.maps_url,b1_0.payment_status,b1_0.phone,b1_0.refund_amount,b1_0.refund_initiated_at,b1_0.refund_status,b1_0.service_centre_id,b1_0.service_type,b1_0.status,b1_0.time_slot,b1_0.transaction_id from carwash_booking b1_0 where b1_0.phone=? order by b1_0.created_at desc
2025-12-17 07:46:43 DEBUG org.hibernate.SQL - select distinct sc1_0.area from carwash_service_centre sc1_0 where sc1_0.active=true order by sc1_0.area
2025-12-17 07:54:49 DEBUG org.hibernate.SQL - select b1_0.id,b1_0.address,b1_0.booking_date,b1_0.car_index,b1_0.car_number,b1_0.car_type,b1_0.centre_name,b1_0.created_at,b1_0.maps_url,b1_0.payment_status,b1_0.phone,b1_0.refund_amount,b1_0.refund_initiated_at,b1_0.refund_status,b1_0.service_centre_id,b1_0.service_type,b1_0.status,b1_0.time_slot,b1_0.transaction_id from carwash_booking b1_0 where b1_0.phone=? order by b1_0.created_at desc
2025-12-17 07:54:52 DEBUG org.hibernate.SQL - select b1_0.id,b1_0.address,b1_0.booking_date,b1_0.car_index,b1_0.car_number,b1_0.car_type,b1_0.centre_name,b1_0.created_at,b1_0.maps_url,b1_0.payment_status,b1_0.phone,b1_0.refund_amount,b1_0.refund_initiated_at,b1_0.refund_status,b1_0.service_centre_id,b1_0.service_type,b1_0.status,b1_0.time_slot,b1_0.transaction_id from carwash_booking b1_0 where b1_0.phone=? order by b1_0.created_at desc
2025-12-17 07:54:59 DEBUG org.hibernate.SQL - select b1_0.id,b1_0.address,b1_0.booking_date,b1_0.car_index,b1_0.car_number,b1_0.car_type,b1_0.centre_name,b1_0.created_at,b1_0.maps_url,b1_0.payment_status,b1_0.phone,b1_0.refund_amount,b1_0.refund_initiated_at,b1_0.refund_status,b1_0.service_centre_id,b1_0.service_type,b1_0.status,b1_0.time_slot,b1_0.transaction_id from carwash_booking b1_0 where b1_0.phone=? order by b1_0.created_at desc
2025-12-17 09:20:51 DEBUG org.hibernate.SQL - select b1_0.id,b1_0.address,b1_0.booking_date,b1_0.car_index,b1_0.car_number,b1_0.car_type,b1_0.centre_name,b1_0.created_at,b1_0.maps_url,b1_0.payment_status,b1_0.phone,b1_0.refund_amount,b1_0.refund_initiated_at,b1_0.refund_status,b1_0.service_centre_id,b1_0.service_type,b1_0.status,b1_0.time_slot,b1_0.transaction_id from carwash_booking b1_0 where b1_0.phone=? order by b1_0.created_at desc
2025-12-17 09:21:17 DEBUG org.hibernate.SQL - select distinct sc1_0.area from carwash_service_centre sc1_0 where sc1_0.active=true order by sc1_0.area
2025-12-17 09:21:21 DEBUG org.hibernate.SQL - select cq1_0.id,cq1_0.exterior,cq1_0.exterior_teflon,cq1_0.interior,cq1_0.interior_exterior,cq1_0.interior_exterior_teflon,cq1_0.save_exterior_teflon,cq1_0.save_full,cq1_0.teflon,cq1_0.vehicle_type from carwash_quotation cq1_0 order by cq1_0.vehicle_type
2025-12-17 09:44:14 DEBUG org.hibernate.SQL - select distinct sc1_0.area from carwash_service_centre sc1_0 where sc1_0.active=true order by sc1_0.area
2025-12-17 09:44:27 DEBUG org.hibernate.SQL - select count(b1_0.id) from carwash_booking b1_0 where b1_0.booking_date=? and b1_0.time_slot=? and upper(b1_0.service_type)=? and b1_0.status<>'CANCELLED' and (? is null or b1_0.service_centre_id=? or b1_0.service_centre_id is null)
2025-12-17 09:44:27 DEBUG org.hibernate.SQL - select count(b1_0.id) from carwash_booking b1_0 where b1_0.booking_date=? and b1_0.time_slot=? and upper(b1_0.service_type)=? and b1_0.status<>'CANCELLED' and (? is null or b1_0.service_centre_id=? or b1_0.service_centre_id is null)
2025-12-17 09:44:27 DEBUG org.hibernate.SQL - select count(b1_0.id) from carwash_booking b1_0 where b1_0.booking_date=? and b1_0.time_slot=? and upper(b1_0.service_type)=? and b1_0.status<>'CANCELLED' and (? is null or b1_0.service_centre_id=? or b1_0.service_centre_id is null)
2025-12-17 09:44:27 DEBUG org.hibernate.SQL - select count(b1_0.id) from carwash_booking b1_0 where b1_0.booking_date=? and b1_0.time_slot=? and upper(b1_0.service_type)=? and b1_0.status<>'CANCELLED' and (? is null or b1_0.service_centre_id=? or b1_0.service_centre_id is null)
2025-12-17 09:44:27 DEBUG org.hibernate.SQL - select count(b1_0.id) from carwash_booking b1_0 where b1_0.booking_date=? and b1_0.time_slot=? and upper(b1_0.service_type)=? and b1_0.status<>'CANCELLED' and (? is null or b1_0.service_centre_id=? or b1_0.service_centre_id is null)
2025-12-17 09:44:27 DEBUG org.hibernate.SQL - select count(b1_0.id) from carwash_booking b1_0 where b1_0.booking_date=? and b1_0.time_slot=? and upper(b1_0.service_type)=? and b1_0.status<>'CANCELLED' and (? is null or b1_0.service_centre_id=? or b1_0.service_centre_id is null)
2025-12-17 09:44:27 DEBUG org.hibernate.SQL - select count(b1_0.id) from carwash_booking b1_0 where b1_0.booking_date=? and b1_0.time_slot=? and upper(b1_0.service_type)=? and b1_0.status<>'CANCELLED' and (? is null or b1_0.service_centre_id=? or b1_0.service_centre_id is null)
2025-12-17 09:44:27 DEBUG org.hibernate.SQL - select count(b1_0.id) from carwash_booking b1_0 where b1_0.booking_date=? and b1_0.time_slot=? and upper(b1_0.service_type)=? and b1_0.status<>'CANCELLED' and (? is null or b1_0.service_centre_id=? or b1_0.service_centre_id is null)
2025-12-17 09:44:27 DEBUG org.hibernate.SQL - select count(b1_0.id) from carwash_booking b1_0 where b1_0.booking_date=? and b1_0.time_slot=? and upper(b1_0.service_type)=? and b1_0.status<>'CANCELLED' and (? is null or b1_0.service_centre_id=? or b1_0.service_centre_id is null)
2025-12-17 09:44:27 DEBUG org.hibernate.SQL - select count(b1_0.id) from carwash_booking b1_0 where b1_0.booking_date=? and b1_0.time_slot=? and upper(b1_0.service_type)=? and b1_0.status<>'CANCELLED' and (? is null or b1_0.service_centre_id=? or b1_0.service_centre_id is null)
2025-12-17 09:44:27 DEBUG org.hibernate.SQL - select count(b1_0.id) from carwash_booking b1_0 where b1_0.booking_date=? and b1_0.time_slot=? and upper(b1_0.service_type)=? and b1_0.status<>'CANCELLED' and (? is null or b1_0.service_centre_id=? or b1_0.service_centre_id is null)
2025-12-17 09:46:10 DEBUG org.hibernate.SQL - select count(b1_0.id) from carwash_booking b1_0 where b1_0.phone=?
2025-12-17 09:46:17 DEBUG org.hibernate.SQL - select count(b1_0.id) from carwash_booking b1_0 where b1_0.phone=?
