2025-12-27 01:49:13 WARN  com.zaxxer.hikari.pool.HikariPool - HikariPool-1 - Thread starvation or clock leap detected (housekeeper delta=1h57m20s763ms62µs100ns).
2025-12-27 01:53:03 WARN  com.zaxxer.hikari.pool.HikariPool - HikariPool-1 - Thread starvation or clock leap detected (housekeeper delta=3m49s761ms178µs100ns).
2025-12-27 04:30:48 WARN  com.zaxxer.hikari.pool.HikariPool - HikariPool-1 - Thread starvation or clock leap detected (housekeeper delta=55m12s877ms249µs900ns).
2025-12-27 08:28:50 WARN  com.zaxxer.hikari.pool.HikariPool - HikariPool-1 - Thread starvation or clock leap detected (housekeeper delta=42m58s290ms888µs900ns).
2025-12-27 08:29:14 DEBUG org.hibernate.SQL - select distinct sc1_0.area from carwash_service_centre sc1_0 where sc1_0.active=true order by sc1_0.area
2025-12-27 08:29:55 WARN  o.s.w.s.m.s.DefaultHandlerExceptionResolver - Resolved [org.springframework.web.method.annotation.MethodArgumentTypeMismatchException: Failed to convert value of type 'java.lang.String' to required type 'java.lang.Long'; For input string: "availability"]
2025-12-27 08:30:14 INFO  c.c.b.controller.BookingController - Confirm order request received. items=1
2025-12-27 08:30:15 DEBUG org.hibernate.SQL - insert into carwash_booking (address,booking_date,car_index,car_number,car_type,centre_name,created_at,discount_percent_applied,free_applied,maps_url,membership_id_used,original_amount,payable_amount,payment_status,phone,refund_amount,refund_initiated_at,refund_status,service_centre_id,service_type,status,time_slot,transaction_id,wash_type) values (?,?,?,?,?,?,?,?,?,?,?,?,?,?,?,?,?,?,?,?,?,?,?,?) returning id
2025-12-27 08:30:17 DEBUG org.hibernate.SQL - select b1_0.id,b1_0.address,b1_0.booking_date,b1_0.car_index,b1_0.car_number,b1_0.car_type,b1_0.centre_name,b1_0.created_at,b1_0.discount_percent_applied,b1_0.free_applied,b1_0.maps_url,b1_0.membership_id_used,b1_0.original_amount,b1_0.payable_amount,b1_0.payment_status,b1_0.phone,b1_0.refund_amount,b1_0.refund_initiated_at,b1_0.refund_status,b1_0.service_centre_id,b1_0.service_type,b1_0.status,b1_0.time_slot,b1_0.transaction_id,b1_0.wash_type from carwash_booking b1_0 where b1_0.phone=? order by b1_0.created_at desc
2025-12-27 08:31:38 DEBUG org.hibernate.SQL - select distinct sc1_0.area from carwash_service_centre sc1_0 where sc1_0.active=true order by sc1_0.area
2025-12-27 08:34:00 DEBUG org.hibernate.SQL - select distinct sc1_0.area from carwash_service_centre sc1_0 where sc1_0.active=true order by sc1_0.area
2025-12-27 09:16:53 DEBUG org.hibernate.SQL - select sc1_0.id,sc1_0.active,sc1_0.address,sc1_0.area,sc1_0.created_at,sc1_0.latitude,sc1_0.longitude,sc1_0.maps_url,sc1_0.name,sc1_0.rating,sc1_0.updated_at from carwash_service_centre sc1_0 where sc1_0.active and upper(sc1_0.area) like upper(?) escape '\' or sc1_0.active and upper(sc1_0.address) like upper(?) escape '\'
2025-12-27 09:16:57 WARN  o.s.w.s.m.s.DefaultHandlerExceptionResolver - Resolved [org.springframework.web.method.annotation.MethodArgumentTypeMismatchException: Failed to convert value of type 'java.lang.String' to required type 'java.lang.Long'; For input string: "availability"]
2025-12-27 09:18:35 DEBUG org.hibernate.SQL - select b1_0.id,b1_0.address,b1_0.booking_date,b1_0.car_index,b1_0.car_number,b1_0.car_type,b1_0.centre_name,b1_0.created_at,b1_0.discount_percent_applied,b1_0.free_applied,b1_0.maps_url,b1_0.membership_id_used,b1_0.original_amount,b1_0.payable_amount,b1_0.payment_status,b1_0.phone,b1_0.refund_amount,b1_0.refund_initiated_at,b1_0.refund_status,b1_0.service_centre_id,b1_0.service_type,b1_0.status,b1_0.time_slot,b1_0.transaction_id,b1_0.wash_type from carwash_booking b1_0 where b1_0.phone=? order by b1_0.created_at desc
2025-12-27 09:19:11 WARN  o.s.w.s.m.s.DefaultHandlerExceptionResolver - Resolved [org.springframework.web.method.annotation.MethodArgumentTypeMismatchException: Failed to convert value of type 'java.lang.String' to required type 'java.lang.Long'; For input string: "availability"]
2025-12-27 09:19:15 INFO  c.c.b.controller.BookingController - Confirm order request received. items=1
2025-12-27 09:19:15 DEBUG org.hibernate.SQL - insert into carwash_booking (address,booking_date,car_index,car_number,car_type,centre_name,created_at,discount_percent_applied,free_applied,maps_url,membership_id_used,original_amount,payable_amount,payment_status,phone,refund_amount,refund_initiated_at,refund_status,service_centre_id,service_type,status,time_slot,transaction_id,wash_type) values (?,?,?,?,?,?,?,?,?,?,?,?,?,?,?,?,?,?,?,?,?,?,?,?) returning id
2025-12-27 09:19:20 DEBUG org.hibernate.SQL - select b1_0.id,b1_0.address,b1_0.booking_date,b1_0.car_index,b1_0.car_number,b1_0.car_type,b1_0.centre_name,b1_0.created_at,b1_0.discount_percent_applied,b1_0.free_applied,b1_0.maps_url,b1_0.membership_id_used,b1_0.original_amount,b1_0.payable_amount,b1_0.payment_status,b1_0.phone,b1_0.refund_amount,b1_0.refund_initiated_at,b1_0.refund_status,b1_0.service_centre_id,b1_0.service_type,b1_0.status,b1_0.time_slot,b1_0.transaction_id,b1_0.wash_type from carwash_booking b1_0 where b1_0.phone=? order by b1_0.created_at desc
2025-12-27 09:19:53 WARN  o.s.w.s.m.s.DefaultHandlerExceptionResolver - Resolved [org.springframework.web.method.annotation.MethodArgumentTypeMismatchException: Failed to convert value of type 'java.lang.String' to required type 'java.lang.Long'; For input string: "availability"]
2025-12-27 09:19:57 WARN  o.s.w.s.m.s.DefaultHandlerExceptionResolver - Resolved [org.springframework.web.method.annotation.MethodArgumentTypeMismatchException: Failed to convert value of type 'java.lang.String' to required type 'java.lang.Long'; For input string: "availability"]
2025-12-27 09:20:06 WARN  o.s.w.s.m.s.DefaultHandlerExceptionResolver - Resolved [org.springframework.web.method.annotation.MethodArgumentTypeMismatchException: Failed to convert value of type 'java.lang.String' to required type 'java.lang.Long'; For input string: "availability"]
2025-12-27 09:20:27 DEBUG org.hibernate.SQL - select distinct sc1_0.area from carwash_service_centre sc1_0 where sc1_0.active=true order by sc1_0.area
2025-12-27 09:20:37 DEBUG org.hibernate.SQL - select sc1_0.id,sc1_0.active,sc1_0.address,sc1_0.area,sc1_0.created_at,sc1_0.latitude,sc1_0.longitude,sc1_0.maps_url,sc1_0.name,sc1_0.rating,sc1_0.updated_at from carwash_service_centre sc1_0 where sc1_0.active and upper(sc1_0.area) like upper(?) escape '\' or sc1_0.active and upper(sc1_0.address) like upper(?) escape '\'
2025-12-27 09:20:40 WARN  o.s.w.s.m.s.DefaultHandlerExceptionResolver - Resolved [org.springframework.web.method.annotation.MethodArgumentTypeMismatchException: Failed to convert value of type 'java.lang.String' to required type 'java.lang.Long'; For input string: "availability"]
2025-12-27 09:20:49 INFO  c.c.b.controller.BookingController - Confirm order request received. items=1
2025-12-27 09:20:49 DEBUG org.hibernate.SQL - select b1_0.id from carwash_booking b1_0 where b1_0.transaction_id=? fetch first ? rows only
2025-12-27 09:20:49 DEBUG org.hibernate.SQL - insert into carwash_booking (address,booking_date,car_index,car_number,car_type,centre_name,created_at,discount_percent_applied,free_applied,maps_url,membership_id_used,original_amount,payable_amount,payment_status,phone,refund_amount,refund_initiated_at,refund_status,service_centre_id,service_type,status,time_slot,transaction_id,wash_type) values (?,?,?,?,?,?,?,?,?,?,?,?,?,?,?,?,?,?,?,?,?,?,?,?) returning id
2025-12-27 09:20:50 DEBUG org.hibernate.SQL - select b1_0.id,b1_0.address,b1_0.booking_date,b1_0.car_index,b1_0.car_number,b1_0.car_type,b1_0.centre_name,b1_0.created_at,b1_0.discount_percent_applied,b1_0.free_applied,b1_0.maps_url,b1_0.membership_id_used,b1_0.original_amount,b1_0.payable_amount,b1_0.payment_status,b1_0.phone,b1_0.refund_amount,b1_0.refund_initiated_at,b1_0.refund_status,b1_0.service_centre_id,b1_0.service_type,b1_0.status,b1_0.time_slot,b1_0.transaction_id,b1_0.wash_type from carwash_booking b1_0 where b1_0.phone=? order by b1_0.created_at desc
2025-12-27 09:20:52 DEBUG org.hibernate.SQL - select distinct sc1_0.area from carwash_service_centre sc1_0 where sc1_0.active=true order by sc1_0.area
2025-12-27 09:21:00 DEBUG org.hibernate.SQL - select sc1_0.id,sc1_0.active,sc1_0.address,sc1_0.area,sc1_0.created_at,sc1_0.latitude,sc1_0.longitude,sc1_0.maps_url,sc1_0.name,sc1_0.rating,sc1_0.updated_at from carwash_service_centre sc1_0 where sc1_0.active and upper(sc1_0.area) like upper(?) escape '\' or sc1_0.active and upper(sc1_0.address) like upper(?) escape '\'
2025-12-27 09:21:03 WARN  o.s.w.s.m.s.DefaultHandlerExceptionResolver - Resolved [org.springframework.web.method.annotation.MethodArgumentTypeMismatchException: Failed to convert value of type 'java.lang.String' to required type 'java.lang.Long'; For input string: "availability"]
2025-12-27 20:13:59 WARN  com.zaxxer.hikari.pool.HikariPool - HikariPool-1 - Thread starvation or clock leap detected (housekeeper delta=9h51m6s881ms789µs900ns).
