2025-12-15 08:44:18 INFO  c.c.b.BookingServiceApplication - Starting BookingServiceApplication using Java 17.0.7 with PID 53184 (D:\Codes\bookingservice\target\classes started by chand in D:\Codes\bookingservice)
2025-12-15 08:44:18 INFO  c.c.b.BookingServiceApplication - No active profile set, falling back to 1 default profile: "default"
2025-12-15 08:44:19 INFO  o.a.coyote.http11.Http11NioProtocol - Initializing ProtocolHandler ["http-nio-8082"]
2025-12-15 08:44:19 INFO  o.a.catalina.core.StandardService - Starting service [Tomcat]
2025-12-15 08:44:19 INFO  o.a.catalina.core.StandardEngine - Starting Servlet engine: [Apache Tomcat/10.1.24]
2025-12-15 08:44:19 INFO  o.a.c.c.C.[Tomcat].[localhost].[/] - Initializing Spring embedded WebApplicationContext
2025-12-15 08:44:19 INFO  o.h.jpa.internal.util.LogHelper - HHH000204: Processing PersistenceUnitInfo [name: default]
2025-12-15 08:44:19 INFO  org.hibernate.Version - HHH000412: Hibernate ORM core version 6.5.2.Final
2025-12-15 08:44:19 INFO  o.h.c.i.RegionFactoryInitiator - HHH000026: Second-level cache disabled
2025-12-15 08:44:20 INFO  com.zaxxer.hikari.HikariDataSource - HikariPool-1 - Starting...
2025-12-15 08:44:20 INFO  com.zaxxer.hikari.pool.HikariPool - HikariPool-1 - Added connection org.postgresql.jdbc.PgConnection@3568ea59
2025-12-15 08:44:20 INFO  com.zaxxer.hikari.HikariDataSource - HikariPool-1 - Start completed.
2025-12-15 08:44:22 INFO  o.h.e.t.j.p.i.JtaPlatformInitiator - HHH000489: No JTA platform available (set 'hibernate.transaction.jta.platform' to enable JTA platform integration)
2025-12-15 08:44:23 WARN  o.s.b.a.o.j.JpaBaseConfiguration$JpaWebConfiguration - spring.jpa.open-in-view is enabled by default. Therefore, database queries may be performed during view rendering. Explicitly configure spring.jpa.open-in-view to disable this warning
2025-12-15 08:44:23 INFO  o.a.coyote.http11.Http11NioProtocol - Starting ProtocolHandler ["http-nio-8082"]
2025-12-15 08:44:23 INFO  c.c.b.BookingServiceApplication - Started BookingServiceApplication in 5.844 seconds (process running for 6.709)
2025-12-15 08:52:18 INFO  o.a.c.c.C.[Tomcat].[localhost].[/] - Initializing Spring DispatcherServlet 'dispatcherServlet'
2025-12-15 08:52:19 DEBUG org.hibernate.SQL - select b1_0.id,b1_0.address,b1_0.booking_date,b1_0.car_index,b1_0.car_number,b1_0.car_type,b1_0.centre_name,b1_0.created_at,b1_0.maps_url,b1_0.payment_status,b1_0.phone,b1_0.refund_amount,b1_0.refund_initiated_at,b1_0.refund_status,b1_0.service_centre_id,b1_0.service_type,b1_0.status,b1_0.time_slot,b1_0.transaction_id from carwash_booking b1_0 where b1_0.phone=? order by b1_0.created_at desc
2025-12-15 08:52:55 DEBUG org.hibernate.SQL - select b1_0.id,b1_0.address,b1_0.booking_date,b1_0.car_index,b1_0.car_number,b1_0.car_type,b1_0.centre_name,b1_0.created_at,b1_0.maps_url,b1_0.payment_status,b1_0.phone,b1_0.refund_amount,b1_0.refund_initiated_at,b1_0.refund_status,b1_0.service_centre_id,b1_0.service_type,b1_0.status,b1_0.time_slot,b1_0.transaction_id from carwash_booking b1_0 where b1_0.id=?
2025-12-15 08:53:46 DEBUG org.hibernate.SQL - select b1_0.id,b1_0.address,b1_0.booking_date,b1_0.car_index,b1_0.car_number,b1_0.car_type,b1_0.centre_name,b1_0.created_at,b1_0.maps_url,b1_0.payment_status,b1_0.phone,b1_0.refund_amount,b1_0.refund_initiated_at,b1_0.refund_status,b1_0.service_centre_id,b1_0.service_type,b1_0.status,b1_0.time_slot,b1_0.transaction_id from carwash_booking b1_0 where b1_0.id=?
2025-12-15 08:53:46 DEBUG org.hibernate.SQL - insert into carwash_refund (address,booking_amount,booking_date,booking_id,car_index,car_number,car_type,created_at,hours_remaining,initiated_at,phone,refund_amount,refund_percent,refund_status,service_type,time_slot) values (?,?,?,?,?,?,?,?,?,?,?,?,?,?,?,?) returning id
2025-12-15 08:53:46 DEBUG org.hibernate.SQL - update carwash_booking set address=?,booking_date=?,car_index=?,car_number=?,car_type=?,centre_name=?,created_at=?,maps_url=?,payment_status=?,phone=?,refund_amount=?,refund_initiated_at=?,refund_status=?,service_centre_id=?,service_type=?,status=?,time_slot=?,transaction_id=? where id=?
2025-12-15 08:53:51 DEBUG org.hibernate.SQL - select b1_0.id,b1_0.address,b1_0.booking_date,b1_0.car_index,b1_0.car_number,b1_0.car_type,b1_0.centre_name,b1_0.created_at,b1_0.maps_url,b1_0.payment_status,b1_0.phone,b1_0.refund_amount,b1_0.refund_initiated_at,b1_0.refund_status,b1_0.service_centre_id,b1_0.service_type,b1_0.status,b1_0.time_slot,b1_0.transaction_id from carwash_booking b1_0 where b1_0.phone=? order by b1_0.created_at desc
2025-12-15 08:55:57 DEBUG org.hibernate.SQL - select cq1_0.id,cq1_0.exterior,cq1_0.exterior_teflon,cq1_0.interior,cq1_0.interior_exterior,cq1_0.interior_exterior_teflon,cq1_0.save_exterior_teflon,cq1_0.save_full,cq1_0.teflon,cq1_0.vehicle_type from carwash_quotation cq1_0 order by cq1_0.vehicle_type
2025-12-15 08:56:22 DEBUG org.hibernate.SQL - select cq1_0.id,cq1_0.exterior,cq1_0.exterior_teflon,cq1_0.interior,cq1_0.interior_exterior,cq1_0.interior_exterior_teflon,cq1_0.save_exterior_teflon,cq1_0.save_full,cq1_0.teflon,cq1_0.vehicle_type from carwash_quotation cq1_0 order by cq1_0.vehicle_type
2025-12-15 08:57:24 DEBUG org.hibernate.SQL - select b1_0.id,b1_0.address,b1_0.booking_date,b1_0.car_index,b1_0.car_number,b1_0.car_type,b1_0.centre_name,b1_0.created_at,b1_0.maps_url,b1_0.payment_status,b1_0.phone,b1_0.refund_amount,b1_0.refund_initiated_at,b1_0.refund_status,b1_0.service_centre_id,b1_0.service_type,b1_0.status,b1_0.time_slot,b1_0.transaction_id from carwash_booking b1_0 where b1_0.phone=? order by b1_0.created_at desc
2025-12-15 09:05:16 DEBUG org.hibernate.SQL - select count(b1_0.id) from carwash_booking b1_0 where b1_0.booking_date=? and b1_0.time_slot=? and upper(b1_0.service_type)=? and b1_0.status<>'CANCELLED' and (? is null or b1_0.service_centre_id=? or b1_0.service_centre_id is null)
2025-12-15 09:05:16 DEBUG org.hibernate.SQL - select count(b1_0.id) from carwash_booking b1_0 where b1_0.booking_date=? and b1_0.time_slot=? and upper(b1_0.service_type)=? and b1_0.status<>'CANCELLED' and (? is null or b1_0.service_centre_id=? or b1_0.service_centre_id is null)
2025-12-15 09:05:16 DEBUG org.hibernate.SQL - select count(b1_0.id) from carwash_booking b1_0 where b1_0.booking_date=? and b1_0.time_slot=? and upper(b1_0.service_type)=? and b1_0.status<>'CANCELLED' and (? is null or b1_0.service_centre_id=? or b1_0.service_centre_id is null)
2025-12-15 09:05:16 DEBUG org.hibernate.SQL - select count(b1_0.id) from carwash_booking b1_0 where b1_0.booking_date=? and b1_0.time_slot=? and upper(b1_0.service_type)=? and b1_0.status<>'CANCELLED' and (? is null or b1_0.service_centre_id=? or b1_0.service_centre_id is null)
2025-12-15 09:05:16 DEBUG org.hibernate.SQL - select count(b1_0.id) from carwash_booking b1_0 where b1_0.booking_date=? and b1_0.time_slot=? and upper(b1_0.service_type)=? and b1_0.status<>'CANCELLED' and (? is null or b1_0.service_centre_id=? or b1_0.service_centre_id is null)
2025-12-15 09:05:16 DEBUG org.hibernate.SQL - select count(b1_0.id) from carwash_booking b1_0 where b1_0.booking_date=? and b1_0.time_slot=? and upper(b1_0.service_type)=? and b1_0.status<>'CANCELLED' and (? is null or b1_0.service_centre_id=? or b1_0.service_centre_id is null)
2025-12-15 09:05:16 DEBUG org.hibernate.SQL - select count(b1_0.id) from carwash_booking b1_0 where b1_0.booking_date=? and b1_0.time_slot=? and upper(b1_0.service_type)=? and b1_0.status<>'CANCELLED' and (? is null or b1_0.service_centre_id=? or b1_0.service_centre_id is null)
2025-12-15 09:05:16 DEBUG org.hibernate.SQL - select count(b1_0.id) from carwash_booking b1_0 where b1_0.booking_date=? and b1_0.time_slot=? and upper(b1_0.service_type)=? and b1_0.status<>'CANCELLED' and (? is null or b1_0.service_centre_id=? or b1_0.service_centre_id is null)
2025-12-15 09:05:16 DEBUG org.hibernate.SQL - select count(b1_0.id) from carwash_booking b1_0 where b1_0.booking_date=? and b1_0.time_slot=? and upper(b1_0.service_type)=? and b1_0.status<>'CANCELLED' and (? is null or b1_0.service_centre_id=? or b1_0.service_centre_id is null)
2025-12-15 09:05:16 DEBUG org.hibernate.SQL - select count(b1_0.id) from carwash_booking b1_0 where b1_0.booking_date=? and b1_0.time_slot=? and upper(b1_0.service_type)=? and b1_0.status<>'CANCELLED' and (? is null or b1_0.service_centre_id=? or b1_0.service_centre_id is null)
2025-12-15 09:05:16 DEBUG org.hibernate.SQL - select count(b1_0.id) from carwash_booking b1_0 where b1_0.booking_date=? and b1_0.time_slot=? and upper(b1_0.service_type)=? and b1_0.status<>'CANCELLED' and (? is null or b1_0.service_centre_id=? or b1_0.service_centre_id is null)
2025-12-15 09:05:58 DEBUG org.hibernate.SQL - select count(b1_0.id) from carwash_booking b1_0 where b1_0.booking_date=? and b1_0.time_slot=? and upper(b1_0.service_type)=? and b1_0.status<>'CANCELLED' and (? is null or b1_0.service_centre_id=? or b1_0.service_centre_id is null)
2025-12-15 09:05:58 DEBUG org.hibernate.SQL - select count(b1_0.id) from carwash_booking b1_0 where b1_0.booking_date=? and b1_0.time_slot=? and upper(b1_0.service_type)=? and b1_0.status<>'CANCELLED' and (? is null or b1_0.service_centre_id=? or b1_0.service_centre_id is null)
2025-12-15 09:05:58 DEBUG org.hibernate.SQL - select count(b1_0.id) from carwash_booking b1_0 where b1_0.booking_date=? and b1_0.time_slot=? and upper(b1_0.service_type)=? and b1_0.status<>'CANCELLED' and (? is null or b1_0.service_centre_id=? or b1_0.service_centre_id is null)
2025-12-15 09:05:58 DEBUG org.hibernate.SQL - select count(b1_0.id) from carwash_booking b1_0 where b1_0.booking_date=? and b1_0.time_slot=? and upper(b1_0.service_type)=? and b1_0.status<>'CANCELLED' and (? is null or b1_0.service_centre_id=? or b1_0.service_centre_id is null)
2025-12-15 09:05:58 DEBUG org.hibernate.SQL - select count(b1_0.id) from carwash_booking b1_0 where b1_0.booking_date=? and b1_0.time_slot=? and upper(b1_0.service_type)=? and b1_0.status<>'CANCELLED' and (? is null or b1_0.service_centre_id=? or b1_0.service_centre_id is null)
2025-12-15 09:05:58 DEBUG org.hibernate.SQL - select count(b1_0.id) from carwash_booking b1_0 where b1_0.booking_date=? and b1_0.time_slot=? and upper(b1_0.service_type)=? and b1_0.status<>'CANCELLED' and (? is null or b1_0.service_centre_id=? or b1_0.service_centre_id is null)
2025-12-15 09:05:58 DEBUG org.hibernate.SQL - select count(b1_0.id) from carwash_booking b1_0 where b1_0.booking_date=? and b1_0.time_slot=? and upper(b1_0.service_type)=? and b1_0.status<>'CANCELLED' and (? is null or b1_0.service_centre_id=? or b1_0.service_centre_id is null)
2025-12-15 09:05:58 DEBUG org.hibernate.SQL - select count(b1_0.id) from carwash_booking b1_0 where b1_0.booking_date=? and b1_0.time_slot=? and upper(b1_0.service_type)=? and b1_0.status<>'CANCELLED' and (? is null or b1_0.service_centre_id=? or b1_0.service_centre_id is null)
2025-12-15 09:05:58 DEBUG org.hibernate.SQL - select count(b1_0.id) from carwash_booking b1_0 where b1_0.booking_date=? and b1_0.time_slot=? and upper(b1_0.service_type)=? and b1_0.status<>'CANCELLED' and (? is null or b1_0.service_centre_id=? or b1_0.service_centre_id is null)
2025-12-15 09:05:58 DEBUG org.hibernate.SQL - select count(b1_0.id) from carwash_booking b1_0 where b1_0.booking_date=? and b1_0.time_slot=? and upper(b1_0.service_type)=? and b1_0.status<>'CANCELLED' and (? is null or b1_0.service_centre_id=? or b1_0.service_centre_id is null)
2025-12-15 09:05:58 DEBUG org.hibernate.SQL - select count(b1_0.id) from carwash_booking b1_0 where b1_0.booking_date=? and b1_0.time_slot=? and upper(b1_0.service_type)=? and b1_0.status<>'CANCELLED' and (? is null or b1_0.service_centre_id=? or b1_0.service_centre_id is null)
2025-12-15 09:06:15 DEBUG org.hibernate.SQL - select count(b1_0.id) from carwash_booking b1_0 where b1_0.booking_date=? and b1_0.time_slot=? and upper(b1_0.service_type)=? and b1_0.status<>'CANCELLED' and (? is null or b1_0.service_centre_id=? or b1_0.service_centre_id is null)
2025-12-15 09:06:15 DEBUG org.hibernate.SQL - select count(b1_0.id) from carwash_booking b1_0 where b1_0.booking_date=? and b1_0.time_slot=? and upper(b1_0.service_type)=? and b1_0.status<>'CANCELLED' and (? is null or b1_0.service_centre_id=? or b1_0.service_centre_id is null)
2025-12-15 09:06:15 DEBUG org.hibernate.SQL - select count(b1_0.id) from carwash_booking b1_0 where b1_0.booking_date=? and b1_0.time_slot=? and upper(b1_0.service_type)=? and b1_0.status<>'CANCELLED' and (? is null or b1_0.service_centre_id=? or b1_0.service_centre_id is null)
2025-12-15 09:06:15 DEBUG org.hibernate.SQL - select count(b1_0.id) from carwash_booking b1_0 where b1_0.booking_date=? and b1_0.time_slot=? and upper(b1_0.service_type)=? and b1_0.status<>'CANCELLED' and (? is null or b1_0.service_centre_id=? or b1_0.service_centre_id is null)
2025-12-15 09:06:15 DEBUG org.hibernate.SQL - select count(b1_0.id) from carwash_booking b1_0 where b1_0.booking_date=? and b1_0.time_slot=? and upper(b1_0.service_type)=? and b1_0.status<>'CANCELLED' and (? is null or b1_0.service_centre_id=? or b1_0.service_centre_id is null)
2025-12-15 09:06:15 DEBUG org.hibernate.SQL - select count(b1_0.id) from carwash_booking b1_0 where b1_0.booking_date=? and b1_0.time_slot=? and upper(b1_0.service_type)=? and b1_0.status<>'CANCELLED' and (? is null or b1_0.service_centre_id=? or b1_0.service_centre_id is null)
2025-12-15 09:06:15 DEBUG org.hibernate.SQL - select count(b1_0.id) from carwash_booking b1_0 where b1_0.booking_date=? and b1_0.time_slot=? and upper(b1_0.service_type)=? and b1_0.status<>'CANCELLED' and (? is null or b1_0.service_centre_id=? or b1_0.service_centre_id is null)
2025-12-15 09:06:15 DEBUG org.hibernate.SQL - select count(b1_0.id) from carwash_booking b1_0 where b1_0.booking_date=? and b1_0.time_slot=? and upper(b1_0.service_type)=? and b1_0.status<>'CANCELLED' and (? is null or b1_0.service_centre_id=? or b1_0.service_centre_id is null)
2025-12-15 09:06:15 DEBUG org.hibernate.SQL - select count(b1_0.id) from carwash_booking b1_0 where b1_0.booking_date=? and b1_0.time_slot=? and upper(b1_0.service_type)=? and b1_0.status<>'CANCELLED' and (? is null or b1_0.service_centre_id=? or b1_0.service_centre_id is null)
2025-12-15 09:06:15 DEBUG org.hibernate.SQL - select count(b1_0.id) from carwash_booking b1_0 where b1_0.booking_date=? and b1_0.time_slot=? and upper(b1_0.service_type)=? and b1_0.status<>'CANCELLED' and (? is null or b1_0.service_centre_id=? or b1_0.service_centre_id is null)
2025-12-15 09:06:15 DEBUG org.hibernate.SQL - select count(b1_0.id) from carwash_booking b1_0 where b1_0.booking_date=? and b1_0.time_slot=? and upper(b1_0.service_type)=? and b1_0.status<>'CANCELLED' and (? is null or b1_0.service_centre_id=? or b1_0.service_centre_id is null)
2025-12-15 09:06:17 DEBUG org.hibernate.SQL - select count(b1_0.id) from carwash_booking b1_0 where b1_0.booking_date=? and b1_0.time_slot=? and upper(b1_0.service_type)=? and b1_0.status<>'CANCELLED' and (? is null or b1_0.service_centre_id=? or b1_0.service_centre_id is null)
2025-12-15 09:06:17 DEBUG org.hibernate.SQL - select count(b1_0.id) from carwash_booking b1_0 where b1_0.booking_date=? and b1_0.time_slot=? and upper(b1_0.service_type)=? and b1_0.status<>'CANCELLED' and (? is null or b1_0.service_centre_id=? or b1_0.service_centre_id is null)
2025-12-15 09:06:17 DEBUG org.hibernate.SQL - select count(b1_0.id) from carwash_booking b1_0 where b1_0.booking_date=? and b1_0.time_slot=? and upper(b1_0.service_type)=? and b1_0.status<>'CANCELLED' and (? is null or b1_0.service_centre_id=? or b1_0.service_centre_id is null)
2025-12-15 09:06:17 DEBUG org.hibernate.SQL - select count(b1_0.id) from carwash_booking b1_0 where b1_0.booking_date=? and b1_0.time_slot=? and upper(b1_0.service_type)=? and b1_0.status<>'CANCELLED' and (? is null or b1_0.service_centre_id=? or b1_0.service_centre_id is null)
2025-12-15 09:06:17 DEBUG org.hibernate.SQL - select count(b1_0.id) from carwash_booking b1_0 where b1_0.booking_date=? and b1_0.time_slot=? and upper(b1_0.service_type)=? and b1_0.status<>'CANCELLED' and (? is null or b1_0.service_centre_id=? or b1_0.service_centre_id is null)
2025-12-15 09:06:17 DEBUG org.hibernate.SQL - select count(b1_0.id) from carwash_booking b1_0 where b1_0.booking_date=? and b1_0.time_slot=? and upper(b1_0.service_type)=? and b1_0.status<>'CANCELLED' and (? is null or b1_0.service_centre_id=? or b1_0.service_centre_id is null)
2025-12-15 09:06:17 DEBUG org.hibernate.SQL - select count(b1_0.id) from carwash_booking b1_0 where b1_0.booking_date=? and b1_0.time_slot=? and upper(b1_0.service_type)=? and b1_0.status<>'CANCELLED' and (? is null or b1_0.service_centre_id=? or b1_0.service_centre_id is null)
2025-12-15 09:06:17 DEBUG org.hibernate.SQL - select count(b1_0.id) from carwash_booking b1_0 where b1_0.booking_date=? and b1_0.time_slot=? and upper(b1_0.service_type)=? and b1_0.status<>'CANCELLED' and (? is null or b1_0.service_centre_id=? or b1_0.service_centre_id is null)
2025-12-15 09:06:17 DEBUG org.hibernate.SQL - select count(b1_0.id) from carwash_booking b1_0 where b1_0.booking_date=? and b1_0.time_slot=? and upper(b1_0.service_type)=? and b1_0.status<>'CANCELLED' and (? is null or b1_0.service_centre_id=? or b1_0.service_centre_id is null)
2025-12-15 09:06:17 DEBUG org.hibernate.SQL - select count(b1_0.id) from carwash_booking b1_0 where b1_0.booking_date=? and b1_0.time_slot=? and upper(b1_0.service_type)=? and b1_0.status<>'CANCELLED' and (? is null or b1_0.service_centre_id=? or b1_0.service_centre_id is null)
2025-12-15 09:06:17 DEBUG org.hibernate.SQL - select count(b1_0.id) from carwash_booking b1_0 where b1_0.booking_date=? and b1_0.time_slot=? and upper(b1_0.service_type)=? and b1_0.status<>'CANCELLED' and (? is null or b1_0.service_centre_id=? or b1_0.service_centre_id is null)
2025-12-15 09:06:38 DEBUG org.hibernate.SQL - select count(b1_0.id) from carwash_booking b1_0 where b1_0.booking_date=? and b1_0.time_slot=? and upper(b1_0.service_type)=? and b1_0.status<>'CANCELLED' and (? is null or b1_0.service_centre_id=? or b1_0.service_centre_id is null)
2025-12-15 09:06:38 DEBUG org.hibernate.SQL - select count(b1_0.id) from carwash_booking b1_0 where b1_0.booking_date=? and b1_0.time_slot=? and upper(b1_0.service_type)=? and b1_0.status<>'CANCELLED' and (? is null or b1_0.service_centre_id=? or b1_0.service_centre_id is null)
2025-12-15 09:06:38 DEBUG org.hibernate.SQL - select count(b1_0.id) from carwash_booking b1_0 where b1_0.booking_date=? and b1_0.time_slot=? and upper(b1_0.service_type)=? and b1_0.status<>'CANCELLED' and (? is null or b1_0.service_centre_id=? or b1_0.service_centre_id is null)
2025-12-15 09:06:38 DEBUG org.hibernate.SQL - select count(b1_0.id) from carwash_booking b1_0 where b1_0.booking_date=? and b1_0.time_slot=? and upper(b1_0.service_type)=? and b1_0.status<>'CANCELLED' and (? is null or b1_0.service_centre_id=? or b1_0.service_centre_id is null)
2025-12-15 09:06:38 DEBUG org.hibernate.SQL - select count(b1_0.id) from carwash_booking b1_0 where b1_0.booking_date=? and b1_0.time_slot=? and upper(b1_0.service_type)=? and b1_0.status<>'CANCELLED' and (? is null or b1_0.service_centre_id=? or b1_0.service_centre_id is null)
2025-12-15 09:06:38 DEBUG org.hibernate.SQL - select count(b1_0.id) from carwash_booking b1_0 where b1_0.booking_date=? and b1_0.time_slot=? and upper(b1_0.service_type)=? and b1_0.status<>'CANCELLED' and (? is null or b1_0.service_centre_id=? or b1_0.service_centre_id is null)
2025-12-15 09:06:38 DEBUG org.hibernate.SQL - select count(b1_0.id) from carwash_booking b1_0 where b1_0.booking_date=? and b1_0.time_slot=? and upper(b1_0.service_type)=? and b1_0.status<>'CANCELLED' and (? is null or b1_0.service_centre_id=? or b1_0.service_centre_id is null)
2025-12-15 09:06:38 DEBUG org.hibernate.SQL - select count(b1_0.id) from carwash_booking b1_0 where b1_0.booking_date=? and b1_0.time_slot=? and upper(b1_0.service_type)=? and b1_0.status<>'CANCELLED' and (? is null or b1_0.service_centre_id=? or b1_0.service_centre_id is null)
2025-12-15 09:06:38 DEBUG org.hibernate.SQL - select count(b1_0.id) from carwash_booking b1_0 where b1_0.booking_date=? and b1_0.time_slot=? and upper(b1_0.service_type)=? and b1_0.status<>'CANCELLED' and (? is null or b1_0.service_centre_id=? or b1_0.service_centre_id is null)
2025-12-15 09:06:38 DEBUG org.hibernate.SQL - select count(b1_0.id) from carwash_booking b1_0 where b1_0.booking_date=? and b1_0.time_slot=? and upper(b1_0.service_type)=? and b1_0.status<>'CANCELLED' and (? is null or b1_0.service_centre_id=? or b1_0.service_centre_id is null)
2025-12-15 09:06:38 DEBUG org.hibernate.SQL - select count(b1_0.id) from carwash_booking b1_0 where b1_0.booking_date=? and b1_0.time_slot=? and upper(b1_0.service_type)=? and b1_0.status<>'CANCELLED' and (? is null or b1_0.service_centre_id=? or b1_0.service_centre_id is null)
2025-12-15 09:06:46 DEBUG org.hibernate.SQL - select count(b1_0.id) from carwash_booking b1_0 where b1_0.booking_date=? and b1_0.time_slot=? and upper(b1_0.service_type)=? and b1_0.status<>'CANCELLED' and (? is null or b1_0.service_centre_id=? or b1_0.service_centre_id is null)
2025-12-15 09:06:46 DEBUG org.hibernate.SQL - select count(b1_0.id) from carwash_booking b1_0 where b1_0.booking_date=? and b1_0.time_slot=? and upper(b1_0.service_type)=? and b1_0.status<>'CANCELLED' and (? is null or b1_0.service_centre_id=? or b1_0.service_centre_id is null)
2025-12-15 09:06:46 DEBUG org.hibernate.SQL - select count(b1_0.id) from carwash_booking b1_0 where b1_0.booking_date=? and b1_0.time_slot=? and upper(b1_0.service_type)=? and b1_0.status<>'CANCELLED' and (? is null or b1_0.service_centre_id=? or b1_0.service_centre_id is null)
2025-12-15 09:06:46 DEBUG org.hibernate.SQL - select count(b1_0.id) from carwash_booking b1_0 where b1_0.booking_date=? and b1_0.time_slot=? and upper(b1_0.service_type)=? and b1_0.status<>'CANCELLED' and (? is null or b1_0.service_centre_id=? or b1_0.service_centre_id is null)
2025-12-15 09:06:46 DEBUG org.hibernate.SQL - select count(b1_0.id) from carwash_booking b1_0 where b1_0.booking_date=? and b1_0.time_slot=? and upper(b1_0.service_type)=? and b1_0.status<>'CANCELLED' and (? is null or b1_0.service_centre_id=? or b1_0.service_centre_id is null)
2025-12-15 09:06:46 DEBUG org.hibernate.SQL - select count(b1_0.id) from carwash_booking b1_0 where b1_0.booking_date=? and b1_0.time_slot=? and upper(b1_0.service_type)=? and b1_0.status<>'CANCELLED' and (? is null or b1_0.service_centre_id=? or b1_0.service_centre_id is null)
2025-12-15 09:06:46 DEBUG org.hibernate.SQL - select count(b1_0.id) from carwash_booking b1_0 where b1_0.booking_date=? and b1_0.time_slot=? and upper(b1_0.service_type)=? and b1_0.status<>'CANCELLED' and (? is null or b1_0.service_centre_id=? or b1_0.service_centre_id is null)
2025-12-15 09:06:46 DEBUG org.hibernate.SQL - select count(b1_0.id) from carwash_booking b1_0 where b1_0.booking_date=? and b1_0.time_slot=? and upper(b1_0.service_type)=? and b1_0.status<>'CANCELLED' and (? is null or b1_0.service_centre_id=? or b1_0.service_centre_id is null)
2025-12-15 09:06:46 DEBUG org.hibernate.SQL - select count(b1_0.id) from carwash_booking b1_0 where b1_0.booking_date=? and b1_0.time_slot=? and upper(b1_0.service_type)=? and b1_0.status<>'CANCELLED' and (? is null or b1_0.service_centre_id=? or b1_0.service_centre_id is null)
2025-12-15 09:06:46 DEBUG org.hibernate.SQL - select count(b1_0.id) from carwash_booking b1_0 where b1_0.booking_date=? and b1_0.time_slot=? and upper(b1_0.service_type)=? and b1_0.status<>'CANCELLED' and (? is null or b1_0.service_centre_id=? or b1_0.service_centre_id is null)
2025-12-15 09:06:46 DEBUG org.hibernate.SQL - select count(b1_0.id) from carwash_booking b1_0 where b1_0.booking_date=? and b1_0.time_slot=? and upper(b1_0.service_type)=? and b1_0.status<>'CANCELLED' and (? is null or b1_0.service_centre_id=? or b1_0.service_centre_id is null)
2025-12-15 09:10:41 INFO  c.c.b.controller.BookingController - Confirm order request received. items=3
2025-12-15 09:10:41 INFO  c.c.b.controller.BookingController - Confirm order transactionId=null
2025-12-15 09:10:41 DEBUG org.hibernate.SQL - select b1_0.id from carwash_booking b1_0 where b1_0.transaction_id=? fetch first ? rows only
2025-12-15 09:11:11 INFO  c.c.b.controller.BookingController - Confirm order request received. items=3
2025-12-15 09:11:11 INFO  c.c.b.controller.BookingController - Confirm order transactionId=null
2025-12-15 09:11:11 DEBUG org.hibernate.SQL - select b1_0.id from carwash_booking b1_0 where b1_0.transaction_id=? fetch first ? rows only
2025-12-15 09:11:11 DEBUG org.hibernate.SQL - insert into carwash_booking (address,booking_date,car_index,car_number,car_type,centre_name,created_at,maps_url,payment_status,phone,refund_amount,refund_initiated_at,refund_status,service_centre_id,service_type,status,time_slot,transaction_id) values (?,?,?,?,?,?,?,?,?,?,?,?,?,?,?,?,?,?) returning id
2025-12-15 09:11:11 DEBUG org.hibernate.SQL - insert into carwash_booking (address,booking_date,car_index,car_number,car_type,centre_name,created_at,maps_url,payment_status,phone,refund_amount,refund_initiated_at,refund_status,service_centre_id,service_type,status,time_slot,transaction_id) values (?,?,?,?,?,?,?,?,?,?,?,?,?,?,?,?,?,?) returning id
2025-12-15 09:11:11 DEBUG org.hibernate.SQL - insert into carwash_booking (address,booking_date,car_index,car_number,car_type,centre_name,created_at,maps_url,payment_status,phone,refund_amount,refund_initiated_at,refund_status,service_centre_id,service_type,status,time_slot,transaction_id) values (?,?,?,?,?,?,?,?,?,?,?,?,?,?,?,?,?,?) returning id
2025-12-15 09:11:11 INFO  c.c.b.controller.BookingController - Confirm order success. txnId=T123456787, bookingsSaved=3
2025-12-15 09:11:16 DEBUG org.hibernate.SQL - select b1_0.id,b1_0.address,b1_0.booking_date,b1_0.car_index,b1_0.car_number,b1_0.car_type,b1_0.centre_name,b1_0.created_at,b1_0.maps_url,b1_0.payment_status,b1_0.phone,b1_0.refund_amount,b1_0.refund_initiated_at,b1_0.refund_status,b1_0.service_centre_id,b1_0.service_type,b1_0.status,b1_0.time_slot,b1_0.transaction_id from carwash_booking b1_0 where b1_0.phone=? order by b1_0.created_at desc
2025-12-15 09:11:27 DEBUG org.hibernate.SQL - select b1_0.id,b1_0.address,b1_0.booking_date,b1_0.car_index,b1_0.car_number,b1_0.car_type,b1_0.centre_name,b1_0.created_at,b1_0.maps_url,b1_0.payment_status,b1_0.phone,b1_0.refund_amount,b1_0.refund_initiated_at,b1_0.refund_status,b1_0.service_centre_id,b1_0.service_type,b1_0.status,b1_0.time_slot,b1_0.transaction_id from carwash_booking b1_0 where b1_0.id=?
2025-12-15 09:11:40 DEBUG org.hibernate.SQL - select b1_0.id,b1_0.address,b1_0.booking_date,b1_0.car_index,b1_0.car_number,b1_0.car_type,b1_0.centre_name,b1_0.created_at,b1_0.maps_url,b1_0.payment_status,b1_0.phone,b1_0.refund_amount,b1_0.refund_initiated_at,b1_0.refund_status,b1_0.service_centre_id,b1_0.service_type,b1_0.status,b1_0.time_slot,b1_0.transaction_id from carwash_booking b1_0 where b1_0.id=?
2025-12-15 09:12:35 DEBUG org.hibernate.SQL - select distinct sc1_0.area from carwash_service_centre sc1_0 where sc1_0.active=true order by sc1_0.area
2025-12-15 09:13:16 DEBUG org.hibernate.SQL - select b1_0.id,b1_0.address,b1_0.booking_date,b1_0.car_index,b1_0.car_number,b1_0.car_type,b1_0.centre_name,b1_0.created_at,b1_0.maps_url,b1_0.payment_status,b1_0.phone,b1_0.refund_amount,b1_0.refund_initiated_at,b1_0.refund_status,b1_0.service_centre_id,b1_0.service_type,b1_0.status,b1_0.time_slot,b1_0.transaction_id from carwash_booking b1_0 where b1_0.phone=? order by b1_0.created_at desc
2025-12-15 09:13:31 DEBUG org.hibernate.SQL - select b1_0.id,b1_0.address,b1_0.booking_date,b1_0.car_index,b1_0.car_number,b1_0.car_type,b1_0.centre_name,b1_0.created_at,b1_0.maps_url,b1_0.payment_status,b1_0.phone,b1_0.refund_amount,b1_0.refund_initiated_at,b1_0.refund_status,b1_0.service_centre_id,b1_0.service_type,b1_0.status,b1_0.time_slot,b1_0.transaction_id from carwash_booking b1_0 order by b1_0.created_at desc
2025-12-15 09:14:17 DEBUG org.hibernate.SQL - select b1_0.id,b1_0.address,b1_0.booking_date,b1_0.car_index,b1_0.car_number,b1_0.car_type,b1_0.centre_name,b1_0.created_at,b1_0.maps_url,b1_0.payment_status,b1_0.phone,b1_0.refund_amount,b1_0.refund_initiated_at,b1_0.refund_status,b1_0.service_centre_id,b1_0.service_type,b1_0.status,b1_0.time_slot,b1_0.transaction_id from carwash_booking b1_0 where b1_0.id=?
2025-12-15 09:14:17 DEBUG org.hibernate.SQL - update carwash_booking set address=?,booking_date=?,car_index=?,car_number=?,car_type=?,centre_name=?,created_at=?,maps_url=?,payment_status=?,phone=?,refund_amount=?,refund_initiated_at=?,refund_status=?,service_centre_id=?,service_type=?,status=?,time_slot=?,transaction_id=? where id=?
2025-12-15 09:14:25 DEBUG org.hibernate.SQL - select b1_0.id,b1_0.address,b1_0.booking_date,b1_0.car_index,b1_0.car_number,b1_0.car_type,b1_0.centre_name,b1_0.created_at,b1_0.maps_url,b1_0.payment_status,b1_0.phone,b1_0.refund_amount,b1_0.refund_initiated_at,b1_0.refund_status,b1_0.service_centre_id,b1_0.service_type,b1_0.status,b1_0.time_slot,b1_0.transaction_id from carwash_booking b1_0 where b1_0.phone=? order by b1_0.created_at desc
2025-12-15 09:14:40 DEBUG org.hibernate.SQL - select b1_0.id,b1_0.address,b1_0.booking_date,b1_0.car_index,b1_0.car_number,b1_0.car_type,b1_0.centre_name,b1_0.created_at,b1_0.maps_url,b1_0.payment_status,b1_0.phone,b1_0.refund_amount,b1_0.refund_initiated_at,b1_0.refund_status,b1_0.service_centre_id,b1_0.service_type,b1_0.status,b1_0.time_slot,b1_0.transaction_id from carwash_booking b1_0 where b1_0.id=?
2025-12-15 09:14:40 DEBUG org.hibernate.SQL - update carwash_booking set address=?,booking_date=?,car_index=?,car_number=?,car_type=?,centre_name=?,created_at=?,maps_url=?,payment_status=?,phone=?,refund_amount=?,refund_initiated_at=?,refund_status=?,service_centre_id=?,service_type=?,status=?,time_slot=?,transaction_id=? where id=?
2025-12-15 09:14:44 DEBUG org.hibernate.SQL - select b1_0.id,b1_0.address,b1_0.booking_date,b1_0.car_index,b1_0.car_number,b1_0.car_type,b1_0.centre_name,b1_0.created_at,b1_0.maps_url,b1_0.payment_status,b1_0.phone,b1_0.refund_amount,b1_0.refund_initiated_at,b1_0.refund_status,b1_0.service_centre_id,b1_0.service_type,b1_0.status,b1_0.time_slot,b1_0.transaction_id from carwash_booking b1_0 where b1_0.phone=? order by b1_0.created_at desc
2025-12-15 09:15:02 DEBUG org.hibernate.SQL - select b1_0.id,b1_0.address,b1_0.booking_date,b1_0.car_index,b1_0.car_number,b1_0.car_type,b1_0.centre_name,b1_0.created_at,b1_0.maps_url,b1_0.payment_status,b1_0.phone,b1_0.refund_amount,b1_0.refund_initiated_at,b1_0.refund_status,b1_0.service_centre_id,b1_0.service_type,b1_0.status,b1_0.time_slot,b1_0.transaction_id from carwash_booking b1_0 where b1_0.id=?
2025-12-15 09:15:08 DEBUG org.hibernate.SQL - select b1_0.id,b1_0.address,b1_0.booking_date,b1_0.car_index,b1_0.car_number,b1_0.car_type,b1_0.centre_name,b1_0.created_at,b1_0.maps_url,b1_0.payment_status,b1_0.phone,b1_0.refund_amount,b1_0.refund_initiated_at,b1_0.refund_status,b1_0.service_centre_id,b1_0.service_type,b1_0.status,b1_0.time_slot,b1_0.transaction_id from carwash_booking b1_0 where b1_0.id=?
2025-12-15 09:15:19 DEBUG org.hibernate.SQL - select b1_0.id,b1_0.address,b1_0.booking_date,b1_0.car_index,b1_0.car_number,b1_0.car_type,b1_0.centre_name,b1_0.created_at,b1_0.maps_url,b1_0.payment_status,b1_0.phone,b1_0.refund_amount,b1_0.refund_initiated_at,b1_0.refund_status,b1_0.service_centre_id,b1_0.service_type,b1_0.status,b1_0.time_slot,b1_0.transaction_id from carwash_booking b1_0 where b1_0.id=?
2025-12-15 09:15:19 DEBUG org.hibernate.SQL - update carwash_booking set address=?,booking_date=?,car_index=?,car_number=?,car_type=?,centre_name=?,created_at=?,maps_url=?,payment_status=?,phone=?,refund_amount=?,refund_initiated_at=?,refund_status=?,service_centre_id=?,service_type=?,status=?,time_slot=?,transaction_id=? where id=?
2025-12-15 09:15:24 DEBUG org.hibernate.SQL - select b1_0.id,b1_0.address,b1_0.booking_date,b1_0.car_index,b1_0.car_number,b1_0.car_type,b1_0.centre_name,b1_0.created_at,b1_0.maps_url,b1_0.payment_status,b1_0.phone,b1_0.refund_amount,b1_0.refund_initiated_at,b1_0.refund_status,b1_0.service_centre_id,b1_0.service_type,b1_0.status,b1_0.time_slot,b1_0.transaction_id from carwash_booking b1_0 where b1_0.phone=? order by b1_0.created_at desc
2025-12-15 09:15:33 DEBUG org.hibernate.SQL - select b1_0.id,b1_0.address,b1_0.booking_date,b1_0.car_index,b1_0.car_number,b1_0.car_type,b1_0.centre_name,b1_0.created_at,b1_0.maps_url,b1_0.payment_status,b1_0.phone,b1_0.refund_amount,b1_0.refund_initiated_at,b1_0.refund_status,b1_0.service_centre_id,b1_0.service_type,b1_0.status,b1_0.time_slot,b1_0.transaction_id from carwash_booking b1_0 order by b1_0.created_at desc
2025-12-15 09:16:35 DEBUG org.hibernate.SQL - select b1_0.id,b1_0.address,b1_0.booking_date,b1_0.car_index,b1_0.car_number,b1_0.car_type,b1_0.centre_name,b1_0.created_at,b1_0.maps_url,b1_0.payment_status,b1_0.phone,b1_0.refund_amount,b1_0.refund_initiated_at,b1_0.refund_status,b1_0.service_centre_id,b1_0.service_type,b1_0.status,b1_0.time_slot,b1_0.transaction_id from carwash_booking b1_0 order by b1_0.created_at desc
2025-12-15 09:17:29 DEBUG org.hibernate.SQL - select b1_0.id,b1_0.address,b1_0.booking_date,b1_0.car_index,b1_0.car_number,b1_0.car_type,b1_0.centre_name,b1_0.created_at,b1_0.maps_url,b1_0.payment_status,b1_0.phone,b1_0.refund_amount,b1_0.refund_initiated_at,b1_0.refund_status,b1_0.service_centre_id,b1_0.service_type,b1_0.status,b1_0.time_slot,b1_0.transaction_id from carwash_booking b1_0 order by b1_0.created_at desc
2025-12-15 09:17:55 DEBUG org.hibernate.SQL - select cq1_0.id,cq1_0.exterior,cq1_0.exterior_teflon,cq1_0.interior,cq1_0.interior_exterior,cq1_0.interior_exterior_teflon,cq1_0.save_exterior_teflon,cq1_0.save_full,cq1_0.teflon,cq1_0.vehicle_type from carwash_quotation cq1_0 order by cq1_0.vehicle_type
2025-12-15 09:18:02 DEBUG org.hibernate.SQL - select cq1_0.id,cq1_0.exterior,cq1_0.exterior_teflon,cq1_0.interior,cq1_0.interior_exterior,cq1_0.interior_exterior_teflon,cq1_0.save_exterior_teflon,cq1_0.save_full,cq1_0.teflon,cq1_0.vehicle_type from carwash_quotation cq1_0 order by cq1_0.vehicle_type
2025-12-15 09:18:47 DEBUG org.hibernate.SQL - select b1_0.id,b1_0.address,b1_0.booking_date,b1_0.car_index,b1_0.car_number,b1_0.car_type,b1_0.centre_name,b1_0.created_at,b1_0.maps_url,b1_0.payment_status,b1_0.phone,b1_0.refund_amount,b1_0.refund_initiated_at,b1_0.refund_status,b1_0.service_centre_id,b1_0.service_type,b1_0.status,b1_0.time_slot,b1_0.transaction_id from carwash_booking b1_0 where b1_0.phone=? order by b1_0.created_at desc
2025-12-15 09:18:54 DEBUG org.hibernate.SQL - select b1_0.id,b1_0.address,b1_0.booking_date,b1_0.car_index,b1_0.car_number,b1_0.car_type,b1_0.centre_name,b1_0.created_at,b1_0.maps_url,b1_0.payment_status,b1_0.phone,b1_0.refund_amount,b1_0.refund_initiated_at,b1_0.refund_status,b1_0.service_centre_id,b1_0.service_type,b1_0.status,b1_0.time_slot,b1_0.transaction_id from carwash_booking b1_0 where b1_0.phone=? order by b1_0.created_at desc
2025-12-15 09:19:09 DEBUG org.hibernate.SQL - select distinct sc1_0.area from carwash_service_centre sc1_0 where sc1_0.active=true order by sc1_0.area
2025-12-15 19:11:05 WARN  com.zaxxer.hikari.pool.HikariPool - HikariPool-1 - Thread starvation or clock leap detected (housekeeper delta=7h46m39s966ms419µs500ns).
