[INFO] Scanning for projects...
[INFO] 
[INFO] -------------------< com.carwash:supportchatservice >-------------------
[INFO] Building supportchatservice 1.0.0-SNAPSHOT
[INFO]   from pom.xml
[INFO] --------------------------------[ jar ]---------------------------------
[INFO] 
[INFO] >>> spring-boot:3.2.1:run (default-cli) > test-compile @ supportchatservice >>>
[INFO] 
[INFO] --- resources:3.3.1:resources (default-resources) @ supportchatservice ---
[WARNING] Using platform encoding (UTF-8 actually) to copy filtered resources, i.e. build is platform dependent!
[INFO] Copying 38 resources from src\main\resources to target\classes
[INFO] 
[INFO] --- compiler:3.13.0:compile (default-compile) @ supportchatservice ---
[INFO] Nothing to compile - all classes are up to date.
[INFO] 
[INFO] --- resources:3.3.1:testResources (default-testResources) @ supportchatservice ---
[WARNING] Using platform encoding (UTF-8 actually) to copy filtered resources, i.e. build is platform dependent!
[INFO] skip non existing resourceDirectory D:\aspcare\supportchatservice\src\test\resources
[INFO] 
[INFO] --- compiler:3.13.0:testCompile (default-testCompile) @ supportchatservice ---
[INFO] Nothing to compile - all classes are up to date.
[INFO] 
[INFO] <<< spring-boot:3.2.1:run (default-cli) < test-compile @ supportchatservice <<<
[INFO] 
[INFO] 
[INFO] --- spring-boot:3.2.1:run (default-cli) @ supportchatservice ---
[INFO] Attaching agents: []

  .   ____          _            __ _ _
 /\\ / ___'_ __ _ _(_)_ __  __ _ \ \ \ \
( ( )\___ | '_ | '_| | '_ \/ _` | \ \ \ \
 \\/  ___)| |_)| | | | | || (_| |  ) ) ) )
  '  |____| .__|_| |_|_| |_\__, | / / / /
 =========|_|==============|___/=/_/_/_/
 :: Spring Boot ::                (v3.2.1)

2026-03-01T09:12:50.318+05:30  INFO 31512 --- [support-chat-service] [           main] c.c.s.SupportChatService                 : Starting SupportChatService using Java 18.0.1 with PID 31512 (D:\aspcare\supportchatservice\target\classes started by chand in D:\aspcare\supportchatservice)
2026-03-01T09:12:50.321+05:30  INFO 31512 --- [support-chat-service] [           main] c.c.s.SupportChatService                 : No active profile set, falling back to 1 default profile: "default"
2026-03-01T09:12:51.386+05:30  INFO 31512 --- [support-chat-service] [           main] .s.d.r.c.RepositoryConfigurationDelegate : Bootstrapping Spring Data JPA repositories in DEFAULT mode.
2026-03-01T09:12:51.487+05:30  INFO 31512 --- [support-chat-service] [           main] .s.d.r.c.RepositoryConfigurationDelegate : Finished Spring Data repository scanning in 84 ms. Found 3 JPA repository interfaces.
2026-03-01T09:12:52.493+05:30  INFO 31512 --- [support-chat-service] [           main] o.s.b.w.embedded.tomcat.TomcatWebServer  : Tomcat initialized with port 8084 (http)
2026-03-01T09:12:52.521+05:30  INFO 31512 --- [support-chat-service] [           main] o.apache.catalina.core.StandardService   : Starting service [Tomcat]
2026-03-01T09:12:52.522+05:30  INFO 31512 --- [support-chat-service] [           main] o.apache.catalina.core.StandardEngine    : Starting Servlet engine: [Apache Tomcat/10.1.17]
2026-03-01T09:12:52.639+05:30  INFO 31512 --- [support-chat-service] [           main] o.a.c.c.C.[Tomcat].[localhost].[/]       : Initializing Spring embedded WebApplicationContext
2026-03-01T09:12:52.641+05:30  INFO 31512 --- [support-chat-service] [           main] w.s.c.ServletWebServerApplicationContext : Root WebApplicationContext: initialization completed in 2240 ms
2026-03-01T09:12:52.925+05:30  INFO 31512 --- [support-chat-service] [           main] o.hibernate.jpa.internal.util.LogHelper  : HHH000204: Processing PersistenceUnitInfo [name: default]
2026-03-01T09:12:53.051+05:30  INFO 31512 --- [support-chat-service] [           main] org.hibernate.Version                    : HHH000412: Hibernate ORM core version 6.4.1.Final
2026-03-01T09:12:53.114+05:30  INFO 31512 --- [support-chat-service] [           main] o.h.c.internal.RegionFactoryInitiator    : HHH000026: Second-level cache disabled
2026-03-01T09:12:53.576+05:30  INFO 31512 --- [support-chat-service] [           main] o.s.o.j.p.SpringPersistenceUnitInfo      : No LoadTimeWeaver setup: ignoring JPA class transformer
2026-03-01T09:12:53.622+05:30  INFO 31512 --- [support-chat-service] [           main] com.zaxxer.hikari.HikariDataSource       : HikariPool-1 - Starting...
2026-03-01T09:12:53.913+05:30  INFO 31512 --- [support-chat-service] [           main] com.zaxxer.hikari.pool.HikariPool        : HikariPool-1 - Added connection org.postgresql.jdbc.PgConnection@7fc7152e
2026-03-01T09:12:53.922+05:30  INFO 31512 --- [support-chat-service] [           main] com.zaxxer.hikari.HikariDataSource       : HikariPool-1 - Start completed.
2026-03-01T09:12:54.006+05:30  WARN 31512 --- [support-chat-service] [           main] org.hibernate.orm.deprecation            : HHH90000025: PostgreSQLDialect does not need to be specified explicitly using 'hibernate.dialect' (remove the property setting and it will be selected by default)
2026-03-01T09:12:55.546+05:30  INFO 31512 --- [support-chat-service] [           main] o.h.e.t.j.p.i.JtaPlatformInitiator       : HHH000489: No JTA platform available (set 'hibernate.transaction.jta.platform' to enable JTA platform integration)
2026-03-01T09:12:55.554+05:30  INFO 31512 --- [support-chat-service] [           main] j.LocalContainerEntityManagerFactoryBean : Initialized JPA EntityManagerFactory for persistence unit 'default'
2026-03-01T09:12:56.234+05:30  WARN 31512 --- [support-chat-service] [           main] JpaBaseConfiguration$JpaWebConfiguration : spring.jpa.open-in-view is enabled by default. Therefore, database queries may be performed during view rendering. Explicitly configure spring.jpa.open-in-view to disable this warning
2026-03-01T09:12:56.278+05:30  INFO 31512 --- [support-chat-service] [           main] o.s.b.a.w.s.WelcomePageHandlerMapping    : Adding welcome page: class path resource [static/index.html]
2026-03-01T09:12:56.804+05:30  WARN 31512 --- [support-chat-service] [           main] .s.s.UserDetailsServiceAutoConfiguration : 

Using generated security password: d8f345d9-2378-4a83-90bf-d40147c8f91e

This generated password is for development use only. Your security configuration must be updated before running your application in production.

2026-03-01T09:12:56.987+05:30  INFO 31512 --- [support-chat-service] [           main] o.s.s.web.DefaultSecurityFilterChain     : Will secure any request with [org.springframework.security.web.session.DisableEncodeUrlFilter@3b7dd173, org.springframework.security.web.context.request.async.WebAsyncManagerIntegrationFilter@7552f05b, org.springframework.security.web.context.SecurityContextHolderFilter@be9bf2e, org.springframework.security.web.header.HeaderWriterFilter@4645a575, org.springframework.web.filter.CorsFilter@524418a2, org.springframework.security.web.authentication.logout.LogoutFilter@159a0f0e, com.carwashcommon.security.JwtAuthenticationFilter@688a2c09, org.springframework.security.web.savedrequest.RequestCacheAwareFilter@949f0d, org.springframework.security.web.servletapi.SecurityContextHolderAwareRequestFilter@4b3eaf39, org.springframework.security.web.authentication.AnonymousAuthenticationFilter@322593ed, org.springframework.security.web.session.SessionManagementFilter@629dfb5a, org.springframework.security.web.access.ExceptionTranslationFilter@288915a1, org.springframework.security.web.access.intercept.AuthorizationFilter@20ddc780]
2026-03-01T09:12:57.229+05:30  INFO 31512 --- [support-chat-service] [           main] o.s.b.w.embedded.tomcat.TomcatWebServer  : Tomcat started on port 8084 (http) with context path ''
2026-03-01T09:12:57.245+05:30  INFO 31512 --- [support-chat-service] [           main] c.c.s.SupportChatService                 : Started SupportChatService in 7.537 seconds (process running for 8.202)
2026-03-01T09:15:04.152+05:30  INFO 31512 --- [support-chat-service] [nio-8084-exec-1] o.a.c.c.C.[Tomcat].[localhost].[/]       : Initializing Spring DispatcherServlet 'dispatcherServlet'
2026-03-01T09:15:04.152+05:30  INFO 31512 --- [support-chat-service] [nio-8084-exec-1] o.s.web.servlet.DispatcherServlet        : Initializing Servlet 'dispatcherServlet'
2026-03-01T09:15:04.154+05:30  INFO 31512 --- [support-chat-service] [nio-8084-exec-1] o.s.web.servlet.DispatcherServlet        : Completed initialization in 1 ms
[INFO] ------------------------------------------------------------------------
[INFO] BUILD FAILURE
[INFO] ------------------------------------------------------------------------
[INFO] Total time:  32:32 min
[INFO] Finished at: 2026-03-01T09:45:14+05:30
[INFO] ------------------------------------------------------------------------
[ERROR] Failed to execute goal org.springframework.boot:spring-boot-maven-plugin:3.2.1:run (default-cli) on project supportchatservice: Process terminated with exit code: -1 -> [Help 1]
[ERROR] 
[ERROR] To see the full stack trace of the errors, re-run Maven with the -e switch.
[ERROR] Re-run Maven using the -X switch to enable full debug logging.
[ERROR] 
[ERROR] For more information about the errors and possible solutions, please read the following articles:
[ERROR] [Help 1] http://cwiki.apache.org/confluence/display/MAVEN/MojoExecutionException
