[INFO] Scanning for projects...
[INFO] 
[INFO] -------------------< com.carwash:supportchatservice >-------------------
[INFO] Building supportchatservice 1.0.0-SNAPSHOT
[INFO]   from pom.xml
[INFO] --------------------------------[ jar ]---------------------------------
[INFO] 
[INFO] >>> spring-boot:3.2.1:run (default-cli) > test-compile @ supportchatservice >>>
[INFO] 
[INFO] --- resources:3.3.1:resources (default-resources) @ supportchatservice ---
[WARNING] Using platform encoding (UTF-8 actually) to copy filtered resources, i.e. build is platform dependent!
[INFO] Copying 38 resources from src\main\resources to target\classes
[INFO] 
[INFO] --- compiler:3.13.0:compile (default-compile) @ supportchatservice ---
[INFO] Nothing to compile - all classes are up to date.
[INFO] 
[INFO] --- resources:3.3.1:testResources (default-testResources) @ supportchatservice ---
[WARNING] Using platform encoding (UTF-8 actually) to copy filtered resources, i.e. build is platform dependent!
[INFO] skip non existing resourceDirectory D:\aspcare\supportchatservice\src\test\resources
[INFO] 
[INFO] --- compiler:3.13.0:testCompile (default-testCompile) @ supportchatservice ---
[INFO] Nothing to compile - all classes are up to date.
[INFO] 
[INFO] <<< spring-boot:3.2.1:run (default-cli) < test-compile @ supportchatservice <<<
[INFO] 
[INFO] 
[INFO] --- spring-boot:3.2.1:run (default-cli) @ supportchatservice ---
[INFO] Attaching agents: []

  .   ____          _            __ _ _
 /\\ / ___'_ __ _ _(_)_ __  __ _ \ \ \ \
( ( )\___ | '_ | '_| | '_ \/ _` | \ \ \ \
 \\/  ___)| |_)| | | | | || (_| |  ) ) ) )
  '  |____| .__|_| |_|_| |_\__, | / / / /
 =========|_|==============|___/=/_/_/_/
 :: Spring Boot ::                (v3.2.1)

2026-03-01T09:54:31.262+05:30  INFO 8376 --- [support-chat-service] [           main] c.c.s.SupportChatService                 : Starting SupportChatService using Java 18.0.1 with PID 8376 (D:\aspcare\supportchatservice\target\classes started by chand in D:\aspcare\supportchatservice)
2026-03-01T09:54:31.268+05:30  INFO 8376 --- [support-chat-service] [           main] c.c.s.SupportChatService                 : No active profile set, falling back to 1 default profile: "default"
2026-03-01T09:54:35.556+05:30  INFO 8376 --- [support-chat-service] [           main] .s.d.r.c.RepositoryConfigurationDelegate : Bootstrapping Spring Data JPA repositories in DEFAULT mode.
2026-03-01T09:54:35.883+05:30  INFO 8376 --- [support-chat-service] [           main] .s.d.r.c.RepositoryConfigurationDelegate : Finished Spring Data repository scanning in 295 ms. Found 3 JPA repository interfaces.
2026-03-01T09:54:39.701+05:30  INFO 8376 --- [support-chat-service] [           main] o.s.b.w.embedded.tomcat.TomcatWebServer  : Tomcat initialized with port 8084 (http)
2026-03-01T09:54:39.802+05:30  INFO 8376 --- [support-chat-service] [           main] o.apache.catalina.core.StandardService   : Starting service [Tomcat]
2026-03-01T09:54:39.805+05:30  INFO 8376 --- [support-chat-service] [           main] o.apache.catalina.core.StandardEngine    : Starting Servlet engine: [Apache Tomcat/10.1.17]
2026-03-01T09:54:40.160+05:30  INFO 8376 --- [support-chat-service] [           main] o.a.c.c.C.[Tomcat].[localhost].[/]       : Initializing Spring embedded WebApplicationContext
2026-03-01T09:54:40.169+05:30  INFO 8376 --- [support-chat-service] [           main] w.s.c.ServletWebServerApplicationContext : Root WebApplicationContext: initialization completed in 8717 ms
2026-03-01T09:54:41.195+05:30  INFO 8376 --- [support-chat-service] [           main] o.hibernate.jpa.internal.util.LogHelper  : HHH000204: Processing PersistenceUnitInfo [name: default]
2026-03-01T09:54:41.546+05:30  INFO 8376 --- [support-chat-service] [           main] org.hibernate.Version                    : HHH000412: Hibernate ORM core version 6.4.1.Final
2026-03-01T09:54:41.768+05:30  INFO 8376 --- [support-chat-service] [           main] o.h.c.internal.RegionFactoryInitiator    : HHH000026: Second-level cache disabled
2026-03-01T09:54:43.448+05:30  INFO 8376 --- [support-chat-service] [           main] o.s.o.j.p.SpringPersistenceUnitInfo      : No LoadTimeWeaver setup: ignoring JPA class transformer
2026-03-01T09:54:43.611+05:30  INFO 8376 --- [support-chat-service] [           main] com.zaxxer.hikari.HikariDataSource       : HikariPool-1 - Starting...
2026-03-01T09:54:44.717+05:30  INFO 8376 --- [support-chat-service] [           main] com.zaxxer.hikari.pool.HikariPool        : HikariPool-1 - Added connection org.postgresql.jdbc.PgConnection@538b3c88
2026-03-01T09:54:44.723+05:30  INFO 8376 --- [support-chat-service] [           main] com.zaxxer.hikari.HikariDataSource       : HikariPool-1 - Start completed.
2026-03-01T09:54:44.845+05:30  WARN 8376 --- [support-chat-service] [           main] org.hibernate.orm.deprecation            : HHH90000025: PostgreSQLDialect does not need to be specified explicitly using 'hibernate.dialect' (remove the property setting and it will be selected by default)
2026-03-01T09:54:50.178+05:30  INFO 8376 --- [support-chat-service] [           main] o.h.e.t.j.p.i.JtaPlatformInitiator       : HHH000489: No JTA platform available (set 'hibernate.transaction.jta.platform' to enable JTA platform integration)
2026-03-01T09:54:50.188+05:30  INFO 8376 --- [support-chat-service] [           main] j.LocalContainerEntityManagerFactoryBean : Initialized JPA EntityManagerFactory for persistence unit 'default'
2026-03-01T09:54:51.872+05:30  WARN 8376 --- [support-chat-service] [           main] JpaBaseConfiguration$JpaWebConfiguration : spring.jpa.open-in-view is enabled by default. Therefore, database queries may be performed during view rendering. Explicitly configure spring.jpa.open-in-view to disable this warning
2026-03-01T09:54:51.974+05:30  INFO 8376 --- [support-chat-service] [           main] o.s.b.a.w.s.WelcomePageHandlerMapping    : Adding welcome page: class path resource [static/index.html]
2026-03-01T09:54:52.980+05:30  WARN 8376 --- [support-chat-service] [           main] .s.s.UserDetailsServiceAutoConfiguration : 

Using generated security password: f900108b-7097-45e2-8ec4-61a19261443d

This generated password is for development use only. Your security configuration must be updated before running your application in production.

2026-03-01T09:54:53.271+05:30  INFO 8376 --- [support-chat-service] [           main] o.s.s.web.DefaultSecurityFilterChain     : Will secure any request with [org.springframework.security.web.session.DisableEncodeUrlFilter@69e308e2, org.springframework.security.web.context.request.async.WebAsyncManagerIntegrationFilter@3f67f5ff, org.springframework.security.web.context.SecurityContextHolderFilter@f73a7cf, org.springframework.security.web.header.HeaderWriterFilter@406d922, org.springframework.web.filter.CorsFilter@1c80f8dd, org.springframework.security.web.authentication.logout.LogoutFilter@7e1ce99c, com.carwashcommon.security.JwtAuthenticationFilter@b5de58f, org.springframework.security.web.savedrequest.RequestCacheAwareFilter@44181746, org.springframework.security.web.servletapi.SecurityContextHolderAwareRequestFilter@21fa19e4, org.springframework.security.web.authentication.AnonymousAuthenticationFilter@51b2b3e6, org.springframework.security.web.session.SessionManagementFilter@d6879bf, org.springframework.security.web.access.ExceptionTranslationFilter@45f70f68, org.springframework.security.web.access.intercept.AuthorizationFilter@67062a93]
2026-03-01T09:54:53.706+05:30  INFO 8376 --- [support-chat-service] [           main] o.s.b.w.embedded.tomcat.TomcatWebServer  : Tomcat started on port 8084 (http) with context path ''
2026-03-01T09:54:53.727+05:30  INFO 8376 --- [support-chat-service] [           main] c.c.s.SupportChatService                 : Started SupportChatService in 25.027 seconds (process running for 27.27)
[INFO] ------------------------------------------------------------------------
[INFO] BUILD FAILURE
[INFO] ------------------------------------------------------------------------
[INFO] Total time:  24:54 min
[INFO] Finished at: 2026-03-01T10:19:01+05:30
[INFO] ------------------------------------------------------------------------
[ERROR] Failed to execute goal org.springframework.boot:spring-boot-maven-plugin:3.2.1:run (default-cli) on project supportchatservice: Process terminated with exit code: -1 -> [Help 1]
[ERROR] 
[ERROR] To see the full stack trace of the errors, re-run Maven with the -e switch.
[ERROR] Re-run Maven using the -X switch to enable full debug logging.
[ERROR] 
[ERROR] For more information about the errors and possible solutions, please read the following articles:
[ERROR] [Help 1] http://cwiki.apache.org/confluence/display/MAVEN/MojoExecutionException
