[INFO] Scanning for projects...
[INFO] 
[INFO] --------------------< com.carwash:uigatewayservice >--------------------
[INFO] Building uigatewayservice 0.0.1-SNAPSHOT
[INFO]   from pom.xml
[INFO] --------------------------------[ jar ]---------------------------------
[INFO] 
[INFO] >>> spring-boot:3.2.8:run (default-cli) > test-compile @ uigatewayservice >>>
[INFO] 
[INFO] --- resources:3.3.1:resources (default-resources) @ uigatewayservice ---
[INFO] Copying 2 resources from src\main\resources to target\classes
[INFO] Copying 41 resources from src\main\resources to target\classes
[INFO] 
[INFO] --- compiler:3.11.0:compile (default-compile) @ uigatewayservice ---
[INFO] Nothing to compile - all classes are up to date
[INFO] 
[INFO] --- resources:3.3.1:testResources (default-testResources) @ uigatewayservice ---
[INFO] skip non existing resourceDirectory D:\aspcare\uigatewayservice\src\test\resources
[INFO] 
[INFO] --- compiler:3.11.0:testCompile (default-testCompile) @ uigatewayservice ---
[INFO] Nothing to compile - all classes are up to date
[INFO] 
[INFO] <<< spring-boot:3.2.8:run (default-cli) < test-compile @ uigatewayservice <<<
[INFO] 
[INFO] 
[INFO] --- spring-boot:3.2.8:run (default-cli) @ uigatewayservice ---
[INFO] Attaching agents: []

  .   ____          _            __ _ _
 /\\ / ___'_ __ _ _(_)_ __  __ _ \ \ \ \
( ( )\___ | '_ | '_| | '_ \/ _` | \ \ \ \
 \\/  ___)| |_)| | | | | || (_| |  ) ) ) )
  '  |____| .__|_| |_|_| |_\__, | / / / /
 =========|_|==============|___/=/_/_/_/
 :: Spring Boot ::                (v3.2.8)

2026-03-01T09:11:16.603+05:30  INFO 26164 --- [uigatewayservice] [           main] c.carwash.UigatewayserviceApplication    : Starting UigatewayserviceApplication using Java 18.0.1 with PID 26164 (D:\aspcare\uigatewayservice\target\classes started by chand in D:\aspcare\uigatewayservice)
2026-03-01T09:11:16.605+05:30  INFO 26164 --- [uigatewayservice] [           main] c.carwash.UigatewayserviceApplication    : No active profile set, falling back to 1 default profile: "default"
2026-03-01T09:11:17.949+05:30  INFO 26164 --- [uigatewayservice] [           main] o.s.cloud.context.scope.GenericScope     : BeanFactory id=c3ddeee5-ad22-3d4e-b402-526d5f156af8
2026-03-01T09:11:19.109+05:30  INFO 26164 --- [uigatewayservice] [           main] o.s.c.g.r.RouteDefinitionRouteLocator    : Loaded RoutePredicateFactory [After]
2026-03-01T09:11:19.110+05:30  INFO 26164 --- [uigatewayservice] [           main] o.s.c.g.r.RouteDefinitionRouteLocator    : Loaded RoutePredicateFactory [Before]
2026-03-01T09:11:19.110+05:30  INFO 26164 --- [uigatewayservice] [           main] o.s.c.g.r.RouteDefinitionRouteLocator    : Loaded RoutePredicateFactory [Between]
2026-03-01T09:11:19.110+05:30  INFO 26164 --- [uigatewayservice] [           main] o.s.c.g.r.RouteDefinitionRouteLocator    : Loaded RoutePredicateFactory [Cookie]
2026-03-01T09:11:19.110+05:30  INFO 26164 --- [uigatewayservice] [           main] o.s.c.g.r.RouteDefinitionRouteLocator    : Loaded RoutePredicateFactory [Header]
2026-03-01T09:11:19.110+05:30  INFO 26164 --- [uigatewayservice] [           main] o.s.c.g.r.RouteDefinitionRouteLocator    : Loaded RoutePredicateFactory [Host]
2026-03-01T09:11:19.110+05:30  INFO 26164 --- [uigatewayservice] [           main] o.s.c.g.r.RouteDefinitionRouteLocator    : Loaded RoutePredicateFactory [Method]
2026-03-01T09:11:19.110+05:30  INFO 26164 --- [uigatewayservice] [           main] o.s.c.g.r.RouteDefinitionRouteLocator    : Loaded RoutePredicateFactory [Path]
2026-03-01T09:11:19.110+05:30  INFO 26164 --- [uigatewayservice] [           main] o.s.c.g.r.RouteDefinitionRouteLocator    : Loaded RoutePredicateFactory [Query]
2026-03-01T09:11:19.110+05:30  INFO 26164 --- [uigatewayservice] [           main] o.s.c.g.r.RouteDefinitionRouteLocator    : Loaded RoutePredicateFactory [ReadBody]
2026-03-01T09:11:19.110+05:30  INFO 26164 --- [uigatewayservice] [           main] o.s.c.g.r.RouteDefinitionRouteLocator    : Loaded RoutePredicateFactory [RemoteAddr]
2026-03-01T09:11:19.110+05:30  INFO 26164 --- [uigatewayservice] [           main] o.s.c.g.r.RouteDefinitionRouteLocator    : Loaded RoutePredicateFactory [XForwardedRemoteAddr]
2026-03-01T09:11:19.110+05:30  INFO 26164 --- [uigatewayservice] [           main] o.s.c.g.r.RouteDefinitionRouteLocator    : Loaded RoutePredicateFactory [Weight]
2026-03-01T09:11:19.110+05:30  INFO 26164 --- [uigatewayservice] [           main] o.s.c.g.r.RouteDefinitionRouteLocator    : Loaded RoutePredicateFactory [CloudFoundryRouteService]
2026-03-01T09:11:19.486+05:30  INFO 26164 --- [uigatewayservice] [           main] o.s.b.a.e.web.EndpointLinksResolver      : Exposing 2 endpoint(s) beneath base path '/actuator'
2026-03-01T09:11:20.028+05:30  INFO 26164 --- [uigatewayservice] [           main] o.s.b.web.embedded.netty.NettyWebServer  : Netty started on port 8080
2026-03-01T09:11:20.297+05:30  INFO 26164 --- [uigatewayservice] [           main] c.carwash.UigatewayserviceApplication    : Started UigatewayserviceApplication in 4.445 seconds (process running for 4.877)
[INFO] ------------------------------------------------------------------------
[INFO] BUILD FAILURE
[INFO] ------------------------------------------------------------------------
[INFO] Total time:  33:48 min
[INFO] Finished at: 2026-03-01T09:45:00+05:30
[INFO] ------------------------------------------------------------------------
[ERROR] Failed to execute goal org.springframework.boot:spring-boot-maven-plugin:3.2.8:run (default-cli) on project uigatewayservice: Process terminated with exit code: -1 -> [Help 1]
[ERROR] 
[ERROR] To see the full stack trace of the errors, re-run Maven with the -e switch.
[ERROR] Re-run Maven using the -X switch to enable full debug logging.
[ERROR] 
[ERROR] For more information about the errors and possible solutions, please read the following articles:
[ERROR] [Help 1] http://cwiki.apache.org/confluence/display/MAVEN/MojoExecutionException
